0 verbose cli C:\Program Files\nodejs\node.exe C:\Program Files\nodejs\node_modules\npm\bin\npm-cli.js
1 info using npm@10.8.2
2 info using node@v18.20.5
3 silly config load:file:C:\Program Files\nodejs\node_modules\npm\npmrc
4 silly config load:file:C:\Users\saadr\Desktop\Music_Website\nagham-ai\.npmrc
5 silly config load:file:C:\Users\saadr\.npmrc
6 silly config load:file:C:\Users\saadr\AppData\Roaming\npm\etc\npmrc
7 verbose title npm install @radix-ui/react-slot @radix-ui/react-select @radix-ui/react-slider
8 verbose argv "install" "@radix-ui/react-slot" "@radix-ui/react-select" "@radix-ui/react-slider"
9 verbose logfile logs-max:10 dir:C:\Users\saadr\Desktop\Music_Website\nagham-ai\%APPDATA%\npm-cache\_logs\2025-01-10T18_58_25_692Z-
10 verbose logfile C:\Users\saadr\Desktop\Music_Website\nagham-ai\%APPDATA%\npm-cache\_logs\2025-01-10T18_58_25_692Z-debug-0.log
11 silly packumentCache heap:4345298944 maxSize:1086324736 maxEntrySize:543162368
12 silly logfile start cleaning logs, removing 1 files
13 silly logfile done cleaning log files
14 silly idealTree buildDeps
15 silly fetch manifest @radix-ui/react-slot@^1.1.1
16 silly packumentCache full:https://registry.npmjs.org/@radix-ui%2freact-slot cache-miss
17 http fetch GET 200 https://registry.npmjs.org/@radix-ui%2freact-slot 308ms (cache updated)
18 silly packumentCache full:https://registry.npmjs.org/@radix-ui%2freact-slot set size:undefined disposed:false
19 silly fetch manifest @types/react@^18
20 silly packumentCache full:https://registry.npmjs.org/@types%2freact cache-miss
21 http fetch GET 200 https://registry.npmjs.org/@types%2freact 380ms (cache updated)
22 silly packumentCache full:https://registry.npmjs.org/@types%2freact set size:undefined disposed:false
23 silly fetch manifest react@^18.2.0
24 silly packumentCache full:https://registry.npmjs.org/react cache-miss
25 http fetch GET 200 https://registry.npmjs.org/react 281ms (cache updated)
26 silly packumentCache full:https://registry.npmjs.org/react set size:undefined disposed:false
27 silly fetch manifest @radix-ui/react-select@*
28 silly packumentCache full:https://registry.npmjs.org/@radix-ui%2freact-select cache-miss
29 http fetch GET 200 https://registry.npmjs.org/@radix-ui%2freact-select 1215ms (cache miss)
30 silly packumentCache full:https://registry.npmjs.org/@radix-ui%2freact-select set size:undefined disposed:false
31 silly fetch manifest @types/react-dom@^18
32 silly packumentCache full:https://registry.npmjs.org/@types%2freact-dom cache-miss
33 http fetch GET 200 https://registry.npmjs.org/@types%2freact-dom 123ms (cache updated)
34 silly packumentCache full:https://registry.npmjs.org/@types%2freact-dom set size:undefined disposed:false
35 silly fetch manifest react-dom@^18.2.0
36 silly packumentCache full:https://registry.npmjs.org/react-dom cache-miss
37 http fetch GET 200 https://registry.npmjs.org/react-dom 360ms (cache updated)
38 silly packumentCache full:https://registry.npmjs.org/react-dom set size:undefined disposed:false
39 silly fetch manifest @radix-ui/react-slider@*
40 silly packumentCache full:https://registry.npmjs.org/@radix-ui%2freact-slider cache-miss
41 http fetch GET 200 https://registry.npmjs.org/@radix-ui%2freact-slider 2592ms (cache miss)
42 silly packumentCache full:https://registry.npmjs.org/@radix-ui%2freact-slider set size:undefined disposed:false
43 silly placeDep ROOT @radix-ui/react-select@2.1.4 OK for: nagham-ai@0.1.0 want: *
44 silly placeDep ROOT @radix-ui/react-slider@1.2.2 OK for: nagham-ai@0.1.0 want: *
45 silly placeDep ROOT @radix-ui/react-slot@1.1.1 REPLACE for: nagham-ai@0.1.0 want: ^1.1.1
46 silly fetch manifest @radix-ui/number@1.1.0
47 silly packumentCache full:https://registry.npmjs.org/@radix-ui%2fnumber cache-miss
48 silly fetch manifest @radix-ui/primitive@1.1.1
49 silly packumentCache full:https://registry.npmjs.org/@radix-ui%2fprimitive cache-miss
50 silly fetch manifest @radix-ui/react-collection@1.1.1
51 silly packumentCache full:https://registry.npmjs.org/@radix-ui%2freact-collection cache-miss
52 silly fetch manifest @radix-ui/react-context@1.1.1
53 silly packumentCache full:https://registry.npmjs.org/@radix-ui%2freact-context cache-miss
54 silly fetch manifest @radix-ui/react-direction@1.1.0
55 silly packumentCache full:https://registry.npmjs.org/@radix-ui%2freact-direction cache-miss
56 silly fetch manifest @radix-ui/react-dismissable-layer@1.1.3
57 silly packumentCache full:https://registry.npmjs.org/@radix-ui%2freact-dismissable-layer cache-miss
58 silly fetch manifest @radix-ui/react-focus-guards@1.1.1
59 silly packumentCache full:https://registry.npmjs.org/@radix-ui%2freact-focus-guards cache-miss
60 http fetch GET 200 https://registry.npmjs.org/@radix-ui%2fnumber 1010ms (cache miss)
61 silly packumentCache full:https://registry.npmjs.org/@radix-ui%2fnumber set size:undefined disposed:false
62 silly fetch manifest @radix-ui/react-focus-scope@1.1.1
63 silly packumentCache full:https://registry.npmjs.org/@radix-ui%2freact-focus-scope cache-miss
64 http fetch GET 200 https://registry.npmjs.org/@radix-ui%2fprimitive 1090ms (cache miss)
65 silly packumentCache full:https://registry.npmjs.org/@radix-ui%2fprimitive set size:undefined disposed:false
66 silly fetch manifest @radix-ui/react-id@1.1.0
67 silly packumentCache full:https://registry.npmjs.org/@radix-ui%2freact-id cache-miss
68 http fetch GET 200 https://registry.npmjs.org/@radix-ui%2freact-focus-guards 1145ms (cache miss)
69 silly packumentCache full:https://registry.npmjs.org/@radix-ui%2freact-focus-guards set size:undefined disposed:false
70 silly fetch manifest @radix-ui/react-popper@1.2.1
71 silly packumentCache full:https://registry.npmjs.org/@radix-ui%2freact-popper cache-miss
72 http fetch GET 200 https://registry.npmjs.org/@radix-ui%2freact-dismissable-layer 1165ms (cache miss)
73 silly packumentCache full:https://registry.npmjs.org/@radix-ui%2freact-dismissable-layer set size:undefined disposed:false
74 silly fetch manifest @radix-ui/react-portal@1.1.3
75 silly packumentCache full:https://registry.npmjs.org/@radix-ui%2freact-portal cache-miss
76 http fetch GET 200 https://registry.npmjs.org/@radix-ui%2freact-context 1174ms (cache miss)
77 silly packumentCache full:https://registry.npmjs.org/@radix-ui%2freact-context set size:undefined disposed:false
78 silly fetch manifest @radix-ui/react-primitive@2.0.1
79 silly packumentCache full:https://registry.npmjs.org/@radix-ui%2freact-primitive cache-miss
80 http fetch GET 200 https://registry.npmjs.org/@radix-ui%2freact-direction 1214ms (cache miss)
81 silly packumentCache full:https://registry.npmjs.org/@radix-ui%2freact-direction set size:undefined disposed:false
82 silly fetch manifest @radix-ui/react-use-callback-ref@1.1.0
83 silly packumentCache full:https://registry.npmjs.org/@radix-ui%2freact-use-callback-ref cache-miss
84 http fetch GET 200 https://registry.npmjs.org/@radix-ui%2freact-id 1037ms (cache miss)
85 silly packumentCache full:https://registry.npmjs.org/@radix-ui%2freact-id set size:undefined disposed:false
86 silly fetch manifest @radix-ui/react-use-controllable-state@1.1.0
87 silly packumentCache full:https://registry.npmjs.org/@radix-ui%2freact-use-controllable-state cache-miss
88 http fetch GET 200 https://registry.npmjs.org/@radix-ui%2freact-portal 1041ms (cache miss)
89 silly packumentCache full:https://registry.npmjs.org/@radix-ui%2freact-portal set size:undefined disposed:false
90 silly fetch manifest @radix-ui/react-use-layout-effect@1.1.0
91 silly packumentCache full:https://registry.npmjs.org/@radix-ui%2freact-use-layout-effect cache-miss
92 http fetch GET 200 https://registry.npmjs.org/@radix-ui%2freact-popper 1081ms (cache miss)
93 silly packumentCache full:https://registry.npmjs.org/@radix-ui%2freact-popper set size:undefined disposed:false
94 silly fetch manifest @radix-ui/react-use-previous@1.1.0
95 silly packumentCache full:https://registry.npmjs.org/@radix-ui%2freact-use-previous cache-miss
96 http fetch GET 200 https://registry.npmjs.org/@radix-ui%2freact-use-callback-ref 1030ms (cache miss)
97 silly packumentCache full:https://registry.npmjs.org/@radix-ui%2freact-use-callback-ref set size:undefined disposed:false
98 silly fetch manifest @radix-ui/react-visually-hidden@1.1.1
99 silly packumentCache full:https://registry.npmjs.org/@radix-ui%2freact-visually-hidden cache-miss
100 http fetch GET 200 https://registry.npmjs.org/@radix-ui%2freact-focus-scope 1503ms (cache miss)
101 silly packumentCache full:https://registry.npmjs.org/@radix-ui%2freact-focus-scope set size:undefined disposed:false
102 silly fetch manifest aria-hidden@^1.1.1
103 silly packumentCache full:https://registry.npmjs.org/aria-hidden cache-miss
104 http fetch GET 200 https://registry.npmjs.org/@radix-ui%2freact-collection 2729ms (cache miss)
105 silly packumentCache full:https://registry.npmjs.org/@radix-ui%2freact-collection set size:undefined disposed:false
106 silly fetch manifest react-remove-scroll@^2.6.1
107 silly packumentCache full:https://registry.npmjs.org/react-remove-scroll cache-miss
108 http fetch GET 200 https://registry.npmjs.org/@radix-ui%2freact-primitive 1745ms (cache miss)
109 silly packumentCache full:https://registry.npmjs.org/@radix-ui%2freact-primitive set size:undefined disposed:false
110 silly fetch manifest @radix-ui/react-use-controllable-state@1.1.0
111 silly packumentCache full:https://registry.npmjs.org/@radix-ui%2freact-use-controllable-state cache-miss
112 http fetch GET 200 https://registry.npmjs.org/aria-hidden 421ms (cache miss)
113 silly packumentCache full:https://registry.npmjs.org/aria-hidden set size:undefined disposed:false
114 silly fetch manifest @radix-ui/react-use-layout-effect@1.1.0
115 silly packumentCache full:https://registry.npmjs.org/@radix-ui%2freact-use-layout-effect cache-miss
116 http fetch GET 200 https://registry.npmjs.org/react-remove-scroll 445ms (cache miss)
117 silly packumentCache full:https://registry.npmjs.org/react-remove-scroll set size:undefined disposed:false
118 silly fetch manifest @radix-ui/react-use-previous@1.1.0
119 silly packumentCache full:https://registry.npmjs.org/@radix-ui%2freact-use-previous cache-miss
120 http fetch GET 200 https://registry.npmjs.org/@radix-ui%2freact-use-previous 1034ms (cache miss)
121 silly packumentCache full:https://registry.npmjs.org/@radix-ui%2freact-use-previous set size:undefined disposed:false
122 silly fetch manifest @radix-ui/react-use-size@1.1.0
123 silly packumentCache full:https://registry.npmjs.org/@radix-ui%2freact-use-size cache-miss
124 http fetch GET 200 https://registry.npmjs.org/@radix-ui%2freact-use-previous 99ms (cache miss)
125 silly packumentCache full:https://registry.npmjs.org/@radix-ui%2freact-use-previous set size:undefined disposed:false
126 http fetch GET 200 https://registry.npmjs.org/@radix-ui%2freact-use-controllable-state 1193ms (cache miss)
127 silly packumentCache full:https://registry.npmjs.org/@radix-ui%2freact-use-controllable-state set size:undefined disposed:false
128 http fetch GET 200 https://registry.npmjs.org/@radix-ui%2freact-use-layout-effect 1150ms (cache miss)
129 silly packumentCache full:https://registry.npmjs.org/@radix-ui%2freact-use-layout-effect set size:undefined disposed:false
130 http fetch GET 200 https://registry.npmjs.org/@radix-ui%2freact-use-controllable-state 491ms (cache miss)
131 silly packumentCache full:https://registry.npmjs.org/@radix-ui%2freact-use-controllable-state set size:undefined disposed:false
132 http fetch GET 200 https://registry.npmjs.org/@radix-ui%2freact-use-layout-effect 484ms (cache miss)
133 silly packumentCache full:https://registry.npmjs.org/@radix-ui%2freact-use-layout-effect set size:undefined disposed:false
134 http fetch GET 200 https://registry.npmjs.org/@radix-ui%2freact-visually-hidden 1185ms (cache miss)
135 silly packumentCache full:https://registry.npmjs.org/@radix-ui%2freact-visually-hidden set size:undefined disposed:false
136 http fetch GET 200 https://registry.npmjs.org/@radix-ui%2freact-use-size 1071ms (cache miss)
137 silly packumentCache full:https://registry.npmjs.org/@radix-ui%2freact-use-size set size:undefined disposed:false
138 silly fetch manifest @types/react@*
139 silly packumentCache full:https://registry.npmjs.org/@types%2freact cache-miss
140 http fetch GET 200 https://registry.npmjs.org/@types%2freact 22ms (cache hit)
141 silly packumentCache full:https://registry.npmjs.org/@types%2freact set size:2273317 disposed:false
142 silly fetch manifest @types/react-dom@*
143 silly packumentCache full:https://registry.npmjs.org/@types%2freact-dom cache-miss
144 http fetch GET 200 https://registry.npmjs.org/@types%2freact-dom 48ms (cache hit)
145 silly packumentCache full:https://registry.npmjs.org/@types%2freact-dom set size:372302 disposed:false
146 silly fetch manifest react@^16.8 || ^17.0 || ^18.0 || ^19.0 || ^19.0.0-rc
147 silly packumentCache full:https://registry.npmjs.org/react cache-miss
148 http fetch GET 200 https://registry.npmjs.org/react 50ms (cache hit)
149 silly packumentCache full:https://registry.npmjs.org/react set size:5329688 disposed:false
150 silly fetch manifest react-dom@^16.8 || ^17.0 || ^18.0 || ^19.0 || ^19.0.0-rc
151 silly packumentCache full:https://registry.npmjs.org/react-dom cache-miss
152 http fetch GET 200 https://registry.npmjs.org/react-dom 45ms (cache hit)
153 silly packumentCache full:https://registry.npmjs.org/react-dom set size:6609061 disposed:false
154 silly placeDep ROOT @radix-ui/number@1.1.0 OK for: @radix-ui/react-select@2.1.4 want: 1.1.0
155 silly placeDep ROOT @radix-ui/primitive@1.1.1 OK for: @radix-ui/react-select@2.1.4 want: 1.1.1
156 silly placeDep ROOT @radix-ui/react-collection@1.1.1 OK for: @radix-ui/react-select@2.1.4 want: 1.1.1
157 silly placeDep ROOT @radix-ui/react-context@1.1.1 OK for: @radix-ui/react-select@2.1.4 want: 1.1.1
158 silly placeDep ROOT @radix-ui/react-direction@1.1.0 OK for: @radix-ui/react-select@2.1.4 want: 1.1.0
159 silly placeDep ROOT @radix-ui/react-dismissable-layer@1.1.3 OK for: @radix-ui/react-select@2.1.4 want: 1.1.3
160 silly placeDep ROOT @radix-ui/react-focus-guards@1.1.1 OK for: @radix-ui/react-select@2.1.4 want: 1.1.1
161 silly placeDep ROOT @radix-ui/react-focus-scope@1.1.1 OK for: @radix-ui/react-select@2.1.4 want: 1.1.1
162 silly placeDep ROOT @radix-ui/react-id@1.1.0 OK for: @radix-ui/react-select@2.1.4 want: 1.1.0
163 silly placeDep ROOT @radix-ui/react-popper@1.2.1 OK for: @radix-ui/react-select@2.1.4 want: 1.2.1
164 silly placeDep ROOT @radix-ui/react-portal@1.1.3 OK for: @radix-ui/react-select@2.1.4 want: 1.1.3
165 silly placeDep ROOT @radix-ui/react-primitive@2.0.1 OK for: @radix-ui/react-select@2.1.4 want: 2.0.1
166 silly placeDep ROOT @radix-ui/react-use-callback-ref@1.1.0 OK for: @radix-ui/react-select@2.1.4 want: 1.1.0
167 silly placeDep ROOT @radix-ui/react-use-controllable-state@1.1.0 OK for: @radix-ui/react-select@2.1.4 want: 1.1.0
168 silly placeDep ROOT @radix-ui/react-use-layout-effect@1.1.0 OK for: @radix-ui/react-select@2.1.4 want: 1.1.0
169 silly placeDep ROOT @radix-ui/react-use-previous@1.1.0 OK for: @radix-ui/react-select@2.1.4 want: 1.1.0
170 silly placeDep ROOT @radix-ui/react-visually-hidden@1.1.1 OK for: @radix-ui/react-select@2.1.4 want: 1.1.1
171 silly placeDep ROOT aria-hidden@1.2.4 OK for: @radix-ui/react-select@2.1.4 want: ^1.1.1
172 silly placeDep ROOT react-remove-scroll@2.6.2 OK for: @radix-ui/react-select@2.1.4 want: ^2.6.1
173 silly fetch manifest @radix-ui/react-use-escape-keydown@1.1.0
174 silly packumentCache full:https://registry.npmjs.org/@radix-ui%2freact-use-escape-keydown cache-miss
175 silly fetch manifest @floating-ui/react-dom@^2.0.0
176 silly packumentCache full:https://registry.npmjs.org/@floating-ui%2freact-dom cache-miss
177 silly fetch manifest @radix-ui/react-arrow@1.1.1
178 silly packumentCache full:https://registry.npmjs.org/@radix-ui%2freact-arrow cache-miss
179 silly fetch manifest @radix-ui/react-use-rect@1.1.0
180 silly packumentCache full:https://registry.npmjs.org/@radix-ui%2freact-use-rect cache-miss
181 silly fetch manifest @radix-ui/rect@1.1.0
182 silly packumentCache full:https://registry.npmjs.org/@radix-ui%2frect cache-miss
183 silly fetch manifest react-remove-scroll-bar@^2.3.7
184 silly packumentCache full:https://registry.npmjs.org/react-remove-scroll-bar cache-miss
185 silly fetch manifest react-style-singleton@^2.2.1
186 silly packumentCache full:https://registry.npmjs.org/react-style-singleton cache-miss
187 http fetch GET 200 https://registry.npmjs.org/react-remove-scroll-bar 436ms (cache miss)
188 silly packumentCache full:https://registry.npmjs.org/react-remove-scroll-bar set size:undefined disposed:false
189 silly fetch manifest use-callback-ref@^1.3.3
190 silly packumentCache full:https://registry.npmjs.org/use-callback-ref cache-miss
191 http fetch GET 200 https://registry.npmjs.org/react-style-singleton 443ms (cache miss)
192 silly packumentCache full:https://registry.npmjs.org/react-style-singleton set size:undefined disposed:false
193 silly fetch manifest use-sidecar@^1.1.2
194 silly packumentCache full:https://registry.npmjs.org/use-sidecar cache-miss
195 http fetch GET 200 https://registry.npmjs.org/use-sidecar 413ms (cache miss)
196 silly packumentCache full:https://registry.npmjs.org/use-sidecar set size:undefined disposed:false
197 http fetch GET 200 https://registry.npmjs.org/use-callback-ref 436ms (cache miss)
198 silly packumentCache full:https://registry.npmjs.org/use-callback-ref set size:undefined disposed:false
199 http fetch GET 200 https://registry.npmjs.org/@floating-ui%2freact-dom 1095ms (cache miss)
200 silly packumentCache full:https://registry.npmjs.org/@floating-ui%2freact-dom set size:undefined disposed:false
201 http fetch GET 200 https://registry.npmjs.org/@radix-ui%2freact-use-escape-keydown 1228ms (cache miss)
202 silly packumentCache full:https://registry.npmjs.org/@radix-ui%2freact-use-escape-keydown set size:undefined disposed:false
203 http fetch GET 200 https://registry.npmjs.org/@radix-ui%2frect 1232ms (cache miss)
204 silly packumentCache full:https://registry.npmjs.org/@radix-ui%2frect set size:undefined disposed:false
205 http fetch GET 200 https://registry.npmjs.org/@radix-ui%2freact-arrow 1243ms (cache miss)
206 silly packumentCache full:https://registry.npmjs.org/@radix-ui%2freact-arrow set size:undefined disposed:false
207 http fetch GET 200 https://registry.npmjs.org/@radix-ui%2freact-use-rect 1762ms (cache miss)
208 silly packumentCache full:https://registry.npmjs.org/@radix-ui%2freact-use-rect set size:undefined disposed:false
209 silly placeDep ROOT @radix-ui/react-use-escape-keydown@1.1.0 OK for: @radix-ui/react-dismissable-layer@1.1.3 want: 1.1.0
210 silly placeDep ROOT @floating-ui/react-dom@2.1.2 OK for: @radix-ui/react-popper@1.2.1 want: ^2.0.0
211 silly placeDep ROOT @radix-ui/react-arrow@1.1.1 OK for: @radix-ui/react-popper@1.2.1 want: 1.1.1
212 silly placeDep ROOT @radix-ui/react-use-rect@1.1.0 OK for: @radix-ui/react-popper@1.2.1 want: 1.1.0
213 silly placeDep ROOT @radix-ui/react-use-size@1.1.0 OK for: @radix-ui/react-popper@1.2.1 want: 1.1.0
214 silly placeDep ROOT @radix-ui/rect@1.1.0 OK for: @radix-ui/react-popper@1.2.1 want: 1.1.0
215 silly fetch manifest @floating-ui/dom@^1.0.0
216 silly packumentCache full:https://registry.npmjs.org/@floating-ui%2fdom cache-miss
217 http fetch GET 200 https://registry.npmjs.org/@floating-ui%2fdom 1047ms (cache miss)
218 silly packumentCache full:https://registry.npmjs.org/@floating-ui%2fdom set size:undefined disposed:false
219 silly placeDep ROOT @floating-ui/dom@1.6.13 OK for: @floating-ui/react-dom@2.1.2 want: ^1.0.0
220 silly fetch manifest @floating-ui/core@^1.6.0
221 silly packumentCache full:https://registry.npmjs.org/@floating-ui%2fcore cache-miss
222 silly fetch manifest @floating-ui/utils@^0.2.9
223 silly packumentCache full:https://registry.npmjs.org/@floating-ui%2futils cache-miss
224 http fetch GET 200 https://registry.npmjs.org/@floating-ui%2fcore 1023ms (cache miss)
225 silly packumentCache full:https://registry.npmjs.org/@floating-ui%2fcore set size:undefined disposed:false
226 http fetch GET 200 https://registry.npmjs.org/@floating-ui%2futils 1172ms (cache miss)
227 silly packumentCache full:https://registry.npmjs.org/@floating-ui%2futils set size:undefined disposed:false
228 silly placeDep ROOT @floating-ui/core@1.6.9 OK for: @floating-ui/dom@1.6.13 want: ^1.6.0
229 silly placeDep ROOT @floating-ui/utils@0.2.9 OK for: @floating-ui/dom@1.6.13 want: ^0.2.9
230 silly fetch manifest react@^16.8.0 || ^17.0.0 || ^18.0.0 || ^19.0.0 || ^19.0.0-rc
231 silly packumentCache full:https://registry.npmjs.org/react cache-miss
232 http fetch GET 200 https://registry.npmjs.org/react 18ms (cache hit)
233 silly packumentCache full:https://registry.npmjs.org/react set size:5329688 disposed:false
234 silly placeDep ROOT react-remove-scroll-bar@2.3.8 OK for: react-remove-scroll@2.6.2 want: ^2.3.7
235 silly placeDep ROOT react-style-singleton@2.2.3 OK for: react-remove-scroll@2.6.2 want: ^2.2.1
236 silly placeDep ROOT use-callback-ref@1.3.3 OK for: react-remove-scroll@2.6.2 want: ^1.3.3
237 silly placeDep ROOT use-sidecar@1.1.3 OK for: react-remove-scroll@2.6.2 want: ^1.1.2
238 silly fetch manifest react-style-singleton@^2.2.2
239 silly packumentCache full:https://registry.npmjs.org/react-style-singleton cache-miss
240 silly fetch manifest get-nonce@^1.0.0
241 silly packumentCache full:https://registry.npmjs.org/get-nonce cache-miss
242 silly fetch manifest detect-node-es@^1.1.0
243 silly packumentCache full:https://registry.npmjs.org/detect-node-es cache-miss
244 http fetch GET 200 https://registry.npmjs.org/react-style-singleton 23ms (cache hit)
245 silly packumentCache full:https://registry.npmjs.org/react-style-singleton set size:33682 disposed:false
246 http fetch GET 200 https://registry.npmjs.org/get-nonce 440ms (cache miss)
247 silly packumentCache full:https://registry.npmjs.org/get-nonce set size:undefined disposed:false
248 http fetch GET 200 https://registry.npmjs.org/detect-node-es 442ms (cache miss)
249 silly packumentCache full:https://registry.npmjs.org/detect-node-es set size:undefined disposed:false
250 silly placeDep ROOT get-nonce@1.0.1 OK for: react-style-singleton@2.2.3 want: ^1.0.0
251 silly placeDep ROOT detect-node-es@1.1.0 OK for: use-sidecar@1.1.3 want: ^1.1.0
252 silly reify moves {}
253 silly audit bulk request {
253 silly audit   '@alloc/quick-lru': [ '5.2.0' ],
253 silly audit   '@emnapi/runtime': [ '1.3.1' ],
253 silly audit   '@eslint-community/eslint-utils': [ '4.4.1' ],
253 silly audit   '@eslint-community/regexpp': [ '4.12.1' ],
253 silly audit   '@eslint/eslintrc': [ '2.1.4' ],
253 silly audit   '@eslint/js': [ '8.57.1' ],
253 silly audit   '@humanwhocodes/config-array': [ '0.13.0' ],
253 silly audit   '@humanwhocodes/module-importer': [ '1.0.1' ],
253 silly audit   '@humanwhocodes/object-schema': [ '2.0.3' ],
253 silly audit   '@img/sharp-darwin-arm64': [ '0.33.5' ],
253 silly audit   '@img/sharp-darwin-x64': [ '0.33.5' ],
253 silly audit   '@img/sharp-libvips-darwin-arm64': [ '1.0.4' ],
253 silly audit   '@img/sharp-libvips-darwin-x64': [ '1.0.4' ],
253 silly audit   '@img/sharp-libvips-linux-arm': [ '1.0.5' ],
253 silly audit   '@img/sharp-libvips-linux-arm64': [ '1.0.4' ],
253 silly audit   '@img/sharp-libvips-linux-s390x': [ '1.0.4' ],
253 silly audit   '@img/sharp-libvips-linux-x64': [ '1.0.4' ],
253 silly audit   '@img/sharp-libvips-linuxmusl-arm64': [ '1.0.4' ],
253 silly audit   '@img/sharp-libvips-linuxmusl-x64': [ '1.0.4' ],
253 silly audit   '@img/sharp-linux-arm': [ '0.33.5' ],
253 silly audit   '@img/sharp-linux-arm64': [ '0.33.5' ],
253 silly audit   '@img/sharp-linux-s390x': [ '0.33.5' ],
253 silly audit   '@img/sharp-linux-x64': [ '0.33.5' ],
253 silly audit   '@img/sharp-linuxmusl-arm64': [ '0.33.5' ],
253 silly audit   '@img/sharp-linuxmusl-x64': [ '0.33.5' ],
253 silly audit   '@img/sharp-wasm32': [ '0.33.5' ],
253 silly audit   '@img/sharp-win32-ia32': [ '0.33.5' ],
253 silly audit   '@img/sharp-win32-x64': [ '0.33.5' ],
253 silly audit   '@isaacs/cliui': [ '8.0.2' ],
253 silly audit   'ansi-regex': [ '6.1.0', '5.0.1' ],
253 silly audit   'strip-ansi': [ '7.1.0', '6.0.1' ],
253 silly audit   '@jridgewell/gen-mapping': [ '0.3.8' ],
253 silly audit   '@jridgewell/resolve-uri': [ '3.1.2' ],
253 silly audit   '@jridgewell/set-array': [ '1.2.1' ],
253 silly audit   '@jridgewell/sourcemap-codec': [ '1.5.0' ],
253 silly audit   '@jridgewell/trace-mapping': [ '0.3.25' ],
253 silly audit   '@next/env': [ '15.1.3' ],
253 silly audit   '@next/eslint-plugin-next': [ '15.1.3' ],
253 silly audit   '@next/swc-darwin-arm64': [ '15.1.3' ],
253 silly audit   '@next/swc-darwin-x64': [ '15.1.3' ],
253 silly audit   '@next/swc-linux-arm64-gnu': [ '15.1.3' ],
253 silly audit   '@next/swc-linux-arm64-musl': [ '15.1.3' ],
253 silly audit   '@next/swc-linux-x64-gnu': [ '15.1.3' ],
253 silly audit   '@next/swc-linux-x64-musl': [ '15.1.3' ],
253 silly audit   '@next/swc-win32-arm64-msvc': [ '15.1.3' ],
253 silly audit   '@next/swc-win32-x64-msvc': [ '15.1.3' ],
253 silly audit   '@nodelib/fs.scandir': [ '2.1.5' ],
253 silly audit   '@nodelib/fs.stat': [ '2.0.5' ],
253 silly audit   '@nodelib/fs.walk': [ '1.2.8' ],
253 silly audit   '@nolyfill/is-core-module': [ '1.0.39' ],
253 silly audit   '@pkgjs/parseargs': [ '0.11.0' ],
253 silly audit   '@radix-ui/react-compose-refs': [ '1.1.1' ],
253 silly audit   '@rtsao/scc': [ '1.1.0' ],
253 silly audit   '@rushstack/eslint-patch': [ '1.10.4' ],
253 silly audit   '@swc/counter': [ '0.1.3' ],
253 silly audit   '@swc/helpers': [ '0.5.15' ],
253 silly audit   '@types/json5': [ '0.0.29' ],
253 silly audit   '@types/node': [ '20.17.10' ],
253 silly audit   '@types/prop-types': [ '15.7.14' ],
253 silly audit   '@types/react': [ '18.3.18' ],
253 silly audit   '@types/react-dom': [ '18.3.5' ],
253 silly audit   '@typescript-eslint/eslint-plugin': [ '8.18.2' ],
253 silly audit   '@typescript-eslint/parser': [ '8.18.2' ],
253 silly audit   '@typescript-eslint/scope-manager': [ '8.18.2' ],
253 silly audit   '@typescript-eslint/type-utils': [ '8.18.2' ],
253 silly audit   '@typescript-eslint/types': [ '8.18.2' ],
253 silly audit   '@typescript-eslint/typescript-estree': [ '8.18.2' ],
253 silly audit   'brace-expansion': [ '2.0.1', '1.1.11' ],
253 silly audit   'fast-glob': [ '3.3.2', '3.3.1' ],
253 silly audit   'glob-parent': [ '5.1.2', '6.0.2' ],
253 silly audit   minimatch: [ '9.0.5', '3.1.2' ],
253 silly audit   '@typescript-eslint/utils': [ '8.18.2' ],
253 silly audit   '@typescript-eslint/visitor-keys': [ '8.18.2' ],
253 silly audit   'eslint-visitor-keys': [ '4.2.0', '3.4.3' ],
253 silly audit   '@ungap/structured-clone': [ '1.2.1' ],
253 silly audit   acorn: [ '8.14.0' ],
253 silly audit   'acorn-jsx': [ '5.3.2' ],
253 silly audit   ajv: [ '6.12.6' ],
253 silly audit   'ansi-styles': [ '4.3.0', '6.2.1' ],
253 silly audit   'any-promise': [ '1.3.0' ],
253 silly audit   anymatch: [ '3.1.3' ],
253 silly audit   arg: [ '5.0.2' ],
253 silly audit   argparse: [ '2.0.1' ],
253 silly audit   'aria-query': [ '5.3.2' ],
253 silly audit   'array-buffer-byte-length': [ '1.0.2' ],
253 silly audit   'array-includes': [ '3.1.8' ],
253 silly audit   'array.prototype.findlast': [ '1.2.5' ],
253 silly audit   'array.prototype.findlastindex': [ '1.2.5' ],
253 silly audit   'array.prototype.flat': [ '1.3.3' ],
253 silly audit   'array.prototype.flatmap': [ '1.3.3' ],
253 silly audit   'array.prototype.tosorted': [ '1.1.4' ],
253 silly audit   'arraybuffer.prototype.slice': [ '1.0.4' ],
253 silly audit   'ast-types-flow': [ '0.0.8' ],
253 silly audit   'available-typed-arrays': [ '1.0.7' ],
253 silly audit   'axe-core': [ '4.10.2' ],
253 silly audit   'axobject-query': [ '4.1.0' ],
253 silly audit   'balanced-match': [ '1.0.2' ],
253 silly audit   'binary-extensions': [ '2.3.0' ],
253 silly audit   braces: [ '3.0.3' ],
253 silly audit   busboy: [ '1.6.0' ],
253 silly audit   'call-bind': [ '1.0.8' ],
253 silly audit   'call-bind-apply-helpers': [ '1.0.1' ],
253 silly audit   'call-bound': [ '1.0.3' ],
253 silly audit   callsites: [ '3.1.0' ],
253 silly audit   'camelcase-css': [ '2.0.1' ],
253 silly audit   'caniuse-lite': [ '1.0.30001690' ],
253 silly audit   chalk: [ '4.1.2' ],
253 silly audit   chokidar: [ '3.6.0' ],
253 silly audit   'class-variance-authority': [ '0.7.1' ],
253 silly audit   'client-only': [ '0.0.1' ],
253 silly audit   clsx: [ '2.1.1' ],
253 silly audit   color: [ '4.2.3' ],
253 silly audit   'color-convert': [ '2.0.1' ],
253 silly audit   'color-name': [ '1.1.4' ],
253 silly audit   'color-string': [ '1.9.1' ],
253 silly audit   commander: [ '4.1.1' ],
253 silly audit   'concat-map': [ '0.0.1' ],
253 silly audit   'cross-spawn': [ '7.0.6' ],
253 silly audit   cssesc: [ '3.0.0' ],
253 silly audit   csstype: [ '3.1.3' ],
253 silly audit   'damerau-levenshtein': [ '1.0.8' ],
253 silly audit   'data-view-buffer': [ '1.0.2' ],
253 silly audit   'data-view-byte-length': [ '1.0.2' ],
253 silly audit   'data-view-byte-offset': [ '1.0.1' ],
253 silly audit   debug: [ '4.4.0', '3.2.7' ],
253 silly audit   'deep-is': [ '0.1.4' ],
253 silly audit   'define-data-property': [ '1.1.4' ],
253 silly audit   'define-properties': [ '1.2.1' ],
253 silly audit   'detect-libc': [ '2.0.3' ],
253 silly audit   didyoumean: [ '1.2.2' ],
253 silly audit   dlv: [ '1.1.3' ],
253 silly audit   doctrine: [ '3.0.0', '2.1.0' ],
253 silly audit   'dunder-proto': [ '1.0.1' ],
253 silly audit   eastasianwidth: [ '0.2.0' ],
253 silly audit   'emoji-regex': [ '9.2.2', '8.0.0' ],
253 silly audit   'enhanced-resolve': [ '5.18.0' ],
253 silly audit   'es-abstract': [ '1.23.8' ],
253 silly audit   'es-define-property': [ '1.0.1' ],
253 silly audit   'es-errors': [ '1.3.0' ],
253 silly audit   'es-iterator-helpers': [ '1.2.1' ],
253 silly audit   'es-object-atoms': [ '1.0.0' ],
253 silly audit   'es-set-tostringtag': [ '2.0.3' ],
253 silly audit   'es-shim-unscopables': [ '1.0.2' ],
253 silly audit   'es-to-primitive': [ '1.3.0' ],
253 silly audit   'escape-string-regexp': [ '4.0.0' ],
253 silly audit   eslint: [ '8.57.1' ],
253 silly audit   'eslint-config-next': [ '15.1.3' ],
253 silly audit   'eslint-import-resolver-node': [ '0.3.9' ],
253 silly audit   'eslint-import-resolver-typescript': [ '3.7.0' ],
253 silly audit   'eslint-module-utils': [ '2.12.0' ],
253 silly audit   'eslint-plugin-import': [ '2.31.0' ],
253 silly audit   semver: [ '6.3.1', '7.6.3' ],
253 silly audit   'eslint-plugin-jsx-a11y': [ '6.10.2' ],
253 silly audit   'eslint-plugin-react': [ '7.37.3' ],
253 silly audit   'eslint-plugin-react-hooks': [ '5.1.0' ],
253 silly audit   resolve: [ '2.0.0-next.5', '1.22.10' ],
253 silly audit   'eslint-scope': [ '7.2.2' ],
253 silly audit   espree: [ '9.6.1' ],
253 silly audit   esquery: [ '1.6.0' ],
253 silly audit   esrecurse: [ '4.3.0' ],
253 silly audit   estraverse: [ '5.3.0' ],
253 silly audit   esutils: [ '2.0.3' ],
253 silly audit   'fast-deep-equal': [ '3.1.3' ],
253 silly audit   'fast-json-stable-stringify': [ '2.1.0' ],
253 silly audit   'fast-levenshtein': [ '2.0.6' ],
253 silly audit   fastq: [ '1.18.0' ],
253 silly audit   'file-entry-cache': [ '6.0.1' ],
253 silly audit   'fill-range': [ '7.1.1' ],
253 silly audit   'find-up': [ '5.0.0' ],
253 silly audit   'flat-cache': [ '3.2.0' ],
253 silly audit   flatted: [ '3.3.2' ],
253 silly audit   'for-each': [ '0.3.3' ],
253 silly audit   'foreground-child': [ '3.3.0' ],
253 silly audit   'framer-motion': [ '11.15.0' ],
253 silly audit   'fs.realpath': [ '1.0.0' ],
253 silly audit   fsevents: [ '2.3.3' ],
253 silly audit   'function-bind': [ '1.1.2' ],
253 silly audit   'function.prototype.name': [ '1.1.8' ],
253 silly audit   'functions-have-names': [ '1.2.3' ],
253 silly audit   'get-intrinsic': [ '1.2.6' ],
253 silly audit   'get-symbol-description': [ '1.1.0' ],
253 silly audit   'get-tsconfig': [ '4.8.1' ],
253 silly audit   glob: [ '7.2.3', '10.4.5' ],
253 silly audit   globals: [ '13.24.0' ],
253 silly audit   globalthis: [ '1.0.4' ],
253 silly audit   gopd: [ '1.2.0' ],
253 silly audit   'graceful-fs': [ '4.2.11' ],
253 silly audit   graphemer: [ '1.4.0' ],
253 silly audit   'has-bigints': [ '1.1.0' ],
253 silly audit   'has-flag': [ '4.0.0' ],
253 silly audit   'has-property-descriptors': [ '1.0.2' ],
253 silly audit   'has-proto': [ '1.2.0' ],
253 silly audit   'has-symbols': [ '1.1.0' ],
253 silly audit   'has-tostringtag': [ '1.0.2' ],
253 silly audit   hasown: [ '2.0.2' ],
253 silly audit   ignore: [ '5.3.2' ],
253 silly audit   'import-fresh': [ '3.3.0' ],
253 silly audit   imurmurhash: [ '0.1.4' ],
253 silly audit   inflight: [ '1.0.6' ],
253 silly audit   inherits: [ '2.0.4' ],
253 silly audit   'internal-slot': [ '1.1.0' ],
253 silly audit   'is-array-buffer': [ '3.0.5' ],
253 silly audit   'is-arrayish': [ '0.3.2' ],
253 silly audit   'is-async-function': [ '2.0.0' ],
253 silly audit   'is-bigint': [ '1.1.0' ],
253 silly audit   'is-binary-path': [ '2.1.0' ],
253 silly audit   'is-boolean-object': [ '1.2.1' ],
253 silly audit   'is-bun-module': [ '1.3.0' ],
253 silly audit   'is-callable': [ '1.2.7' ],
253 silly audit   'is-core-module': [ '2.16.1' ],
253 silly audit   'is-data-view': [ '1.0.2' ],
253 silly audit   'is-date-object': [ '1.1.0' ],
253 silly audit   'is-extglob': [ '2.1.1' ],
253 silly audit   'is-finalizationregistry': [ '1.1.1' ],
253 silly audit   'is-fullwidth-code-point': [ '3.0.0' ],
253 silly audit   'is-generator-function': [ '1.0.10' ],
253 silly audit   'is-glob': [ '4.0.3' ],
253 silly audit   'is-map': [ '2.0.3' ],
253 silly audit   'is-number': [ '7.0.0' ],
253 silly audit   'is-number-object': [ '1.1.1' ],
253 silly audit   'is-path-inside': [ '3.0.3' ],
253 silly audit   'is-regex': [ '1.2.1' ],
253 silly audit   'is-set': [ '2.0.3' ],
253 silly audit   'is-shared-array-buffer': [ '1.0.4' ],
253 silly audit   'is-string': [ '1.1.1' ],
253 silly audit   'is-symbol': [ '1.1.1' ],
253 silly audit   'is-typed-array': [ '1.1.15' ],
253 silly audit   'is-weakmap': [ '2.0.2' ],
253 silly audit   'is-weakref': [ '1.1.0' ],
253 silly audit   'is-weakset': [ '2.0.4' ],
253 silly audit   isarray: [ '2.0.5' ],
253 silly audit   isexe: [ '2.0.0' ],
253 silly audit   'iterator.prototype': [ '1.1.4' ],
253 silly audit   jackspeak: [ '3.4.3' ],
253 silly audit   jiti: [ '1.21.7' ],
253 silly audit   'js-tokens': [ '4.0.0' ],
253 silly audit   'js-yaml': [ '4.1.0' ],
253 silly audit   'json-buffer': [ '3.0.1' ],
253 silly audit   'json-schema-traverse': [ '0.4.1' ],
253 silly audit   'json-stable-stringify-without-jsonify': [ '1.0.1' ],
253 silly audit   json5: [ '1.0.2' ],
253 silly audit   'jsx-ast-utils': [ '3.3.5' ],
253 silly audit   keyv: [ '4.5.4' ],
253 silly audit   'language-subtag-registry': [ '0.3.23' ],
253 silly audit   'language-tags': [ '1.0.9' ],
253 silly audit   levn: [ '0.4.1' ],
253 silly audit   lilconfig: [ '3.1.3' ],
253 silly audit   'lines-and-columns': [ '1.2.4' ],
253 silly audit   'locate-path': [ '6.0.0' ],
253 silly audit   'lodash.merge': [ '4.6.2' ],
253 silly audit   'loose-envify': [ '1.4.0' ],
253 silly audit   'lru-cache': [ '10.4.3' ],
253 silly audit   'lucide-react': [ '0.469.0' ],
253 silly audit   'math-intrinsics': [ '1.1.0' ],
253 silly audit   merge2: [ '1.4.1' ],
253 silly audit   micromatch: [ '4.0.8' ],
253 silly audit   minimist: [ '1.2.8' ],
253 silly audit   minipass: [ '7.1.2' ],
253 silly audit   'motion-dom': [ '11.14.3' ],
253 silly audit   'motion-utils': [ '11.14.3' ],
253 silly audit   ms: [ '2.1.3' ],
253 silly audit   mz: [ '2.7.0' ],
253 silly audit   nanoid: [ '3.3.8' ],
253 silly audit   'natural-compare': [ '1.4.0' ],
253 silly audit   next: [ '15.1.3' ],
253 silly audit   postcss: [ '8.4.31', '8.4.49' ],
253 silly audit   'normalize-path': [ '3.0.0' ],
253 silly audit   'object-assign': [ '4.1.1' ],
253 silly audit   'object-hash': [ '3.0.0' ],
253 silly audit   'object-inspect': [ '1.13.3' ],
253 silly audit   'object-keys': [ '1.1.1' ],
253 silly audit   'object.assign': [ '4.1.7' ],
253 silly audit   'object.entries': [ '1.1.8' ],
253 silly audit   'object.fromentries': [ '2.0.8' ],
253 silly audit   'object.groupby': [ '1.0.3' ],
253 silly audit   'object.values': [ '1.2.1' ],
253 silly audit   once: [ '1.4.0' ],
253 silly audit   optionator: [ '0.9.4' ],
253 silly audit   'own-keys': [ '1.0.0' ],
253 silly audit   'p-limit': [ '3.1.0' ],
253 silly audit   'p-locate': [ '5.0.0' ],
253 silly audit   'package-json-from-dist': [ '1.0.1' ],
253 silly audit   'parent-module': [ '1.0.1' ],
253 silly audit   'path-exists': [ '4.0.0' ],
253 silly audit   'path-is-absolute': [ '1.0.1' ],
253 silly audit   'path-key': [ '3.1.1' ],
253 silly audit   'path-parse': [ '1.0.7' ],
253 silly audit   'path-scurry': [ '1.11.1' ],
253 silly audit   picocolors: [ '1.1.1' ],
253 silly audit   picomatch: [ '2.3.1' ],
253 silly audit   pify: [ '2.3.0' ],
253 silly audit   pirates: [ '4.0.6' ],
253 silly audit   'possible-typed-array-names': [ '1.0.0' ],
253 silly audit   'postcss-import': [ '15.1.0' ],
253 silly audit   'postcss-js': [ '4.0.1' ],
253 silly audit   'postcss-load-config': [ '4.0.2' ],
253 silly audit   'postcss-nested': [ '6.2.0' ],
253 silly audit   'postcss-selector-parser': [ '6.1.2' ],
253 silly audit   'postcss-value-parser': [ '4.2.0' ],
253 silly audit   'prelude-ls': [ '1.2.1' ],
253 silly audit   'prop-types': [ '15.8.1' ],
253 silly audit   punycode: [ '2.3.1' ],
253 silly audit   'queue-microtask': [ '1.2.3' ],
253 silly audit   react: [ '18.3.1' ],
253 silly audit   'react-dom': [ '18.3.1' ],
253 silly audit   'react-is': [ '16.13.1' ],
253 silly audit   'read-cache': [ '1.0.0' ],
253 silly audit   readdirp: [ '3.6.0' ],
253 silly audit   'reflect.getprototypeof': [ '1.0.9' ],
253 silly audit   'regexp.prototype.flags': [ '1.5.3' ],
253 silly audit   'resolve-from': [ '4.0.0' ],
253 silly audit   'resolve-pkg-maps': [ '1.0.0' ],
253 silly audit   reusify: [ '1.0.4' ],
253 silly audit   rimraf: [ '3.0.2' ],
253 silly audit   'run-parallel': [ '1.2.0' ],
253 silly audit   'safe-array-concat': [ '1.1.3' ],
253 silly audit   'safe-push-apply': [ '1.0.0' ],
253 silly audit   'safe-regex-test': [ '1.1.0' ],
253 silly audit   scheduler: [ '0.23.2' ],
253 silly audit   'set-function-length': [ '1.2.2' ],
253 silly audit   'set-function-name': [ '2.0.2' ],
253 silly audit   sharp: [ '0.33.5' ],
253 silly audit   'shebang-command': [ '2.0.0' ],
253 silly audit   'shebang-regex': [ '3.0.0' ],
253 silly audit   'side-channel': [ '1.1.0' ],
253 silly audit   'side-channel-list': [ '1.0.0' ],
253 silly audit   'side-channel-map': [ '1.0.1' ],
253 silly audit   'side-channel-weakmap': [ '1.0.2' ],
253 silly audit   'signal-exit': [ '4.1.0' ],
253 silly audit   'simple-swizzle': [ '0.2.2' ],
253 silly audit   'source-map-js': [ '1.2.1' ],
253 silly audit   'stable-hash': [ '0.0.4' ],
253 silly audit   streamsearch: [ '1.1.0' ],
253 silly audit   'string-width': [ '5.1.2', '4.2.3' ],
253 silly audit   'string.prototype.includes': [ '2.0.1' ],
253 silly audit   'string.prototype.matchall': [ '4.0.12' ],
253 silly audit   'string.prototype.repeat': [ '1.0.0' ],
253 silly audit   'string.prototype.trim': [ '1.2.10' ],
253 silly audit   'string.prototype.trimend': [ '1.0.9' ],
253 silly audit   'string.prototype.trimstart': [ '1.0.8' ],
253 silly audit   'strip-bom': [ '3.0.0' ],
253 silly audit   'strip-json-comments': [ '3.1.1' ],
253 silly audit   'styled-jsx': [ '5.1.6' ],
253 silly audit   sucrase: [ '3.35.0' ],
253 silly audit   'supports-color': [ '7.2.0' ],
253 silly audit   'supports-preserve-symlinks-flag': [ '1.0.0' ],
253 silly audit   'tailwind-merge': [ '2.6.0' ],
253 silly audit   tailwindcss: [ '3.4.17' ],
253 silly audit   'tailwindcss-animate': [ '1.0.7' ],
253 silly audit   tapable: [ '2.2.1' ],
253 silly audit   'text-table': [ '0.2.0' ],
253 silly audit   thenify: [ '3.3.1' ],
253 silly audit   'thenify-all': [ '1.6.0' ],
253 silly audit   'to-regex-range': [ '5.0.1' ],
253 silly audit   'ts-api-utils': [ '1.4.3' ],
253 silly audit   'ts-interface-checker': [ '0.1.13' ],
253 silly audit   'tsconfig-paths': [ '3.15.0' ],
253 silly audit   tslib: [ '2.8.1' ],
253 silly audit   'type-check': [ '0.4.0' ],
253 silly audit   'type-fest': [ '0.20.2' ],
253 silly audit   'typed-array-buffer': [ '1.0.3' ],
253 silly audit   'typed-array-byte-length': [ '1.0.3' ],
253 silly audit   'typed-array-byte-offset': [ '1.0.4' ],
253 silly audit   'typed-array-length': [ '1.0.7' ],
253 silly audit   typescript: [ '5.7.2' ],
253 silly audit   'unbox-primitive': [ '1.1.0' ],
253 silly audit   'undici-types': [ '6.19.8' ],
253 silly audit   'uri-js': [ '4.4.1' ],
253 silly audit   'util-deprecate': [ '1.0.2' ],
253 silly audit   which: [ '2.0.2' ],
253 silly audit   'which-boxed-primitive': [ '1.1.1' ],
253 silly audit   'which-builtin-type': [ '1.2.1' ],
253 silly audit   'which-collection': [ '1.0.2' ],
253 silly audit   'which-typed-array': [ '1.1.18' ],
253 silly audit   'word-wrap': [ '1.2.5' ],
253 silly audit   'wrap-ansi': [ '8.1.0', '7.0.0' ],
253 silly audit   wrappy: [ '1.0.2' ],
253 silly audit   yaml: [ '2.6.1' ],
253 silly audit   'yocto-queue': [ '0.1.0' ],
253 silly audit   '@radix-ui/react-select': [ '2.1.4' ],
253 silly audit   '@radix-ui/react-slider': [ '1.2.2' ],
253 silly audit   '@radix-ui/react-slot': [ '1.1.1' ],
253 silly audit   '@radix-ui/number': [ '1.1.0' ],
253 silly audit   '@radix-ui/primitive': [ '1.1.1' ],
253 silly audit   '@radix-ui/react-collection': [ '1.1.1' ],
253 silly audit   '@radix-ui/react-context': [ '1.1.1' ],
253 silly audit   '@radix-ui/react-direction': [ '1.1.0' ],
253 silly audit   '@radix-ui/react-dismissable-layer': [ '1.1.3' ],
253 silly audit   '@radix-ui/react-focus-guards': [ '1.1.1' ],
253 silly audit   '@radix-ui/react-focus-scope': [ '1.1.1' ],
253 silly audit   '@radix-ui/react-id': [ '1.1.0' ],
253 silly audit   '@radix-ui/react-popper': [ '1.2.1' ],
253 silly audit   '@radix-ui/react-portal': [ '1.1.3' ],
253 silly audit   '@radix-ui/react-primitive': [ '2.0.1' ],
253 silly audit   '@radix-ui/react-use-callback-ref': [ '1.1.0' ],
253 silly audit   '@radix-ui/react-use-controllable-state': [ '1.1.0' ],
253 silly audit   '@radix-ui/react-use-layout-effect': [ '1.1.0' ],
253 silly audit   '@radix-ui/react-use-previous': [ '1.1.0' ],
253 silly audit   '@radix-ui/react-visually-hidden': [ '1.1.1' ],
253 silly audit   'aria-hidden': [ '1.2.4' ],
253 silly audit   'react-remove-scroll': [ '2.6.2' ],
253 silly audit   '@radix-ui/react-use-escape-keydown': [ '1.1.0' ],
253 silly audit   '@floating-ui/react-dom': [ '2.1.2' ],
253 silly audit   '@radix-ui/react-arrow': [ '1.1.1' ],
253 silly audit   '@radix-ui/react-use-rect': [ '1.1.0' ],
253 silly audit   '@radix-ui/react-use-size': [ '1.1.0' ],
253 silly audit   '@radix-ui/rect': [ '1.1.0' ],
253 silly audit   '@floating-ui/dom': [ '1.6.13' ],
253 silly audit   '@floating-ui/core': [ '1.6.9' ],
253 silly audit   '@floating-ui/utils': [ '0.2.9' ],
253 silly audit   'react-remove-scroll-bar': [ '2.3.8' ],
253 silly audit   'react-style-singleton': [ '2.2.3' ],
253 silly audit   'use-callback-ref': [ '1.3.3' ],
253 silly audit   'use-sidecar': [ '1.1.3' ],
253 silly audit   'get-nonce': [ '1.0.1' ],
253 silly audit   'detect-node-es': [ '1.1.0' ]
253 silly audit }
254 verbose reify failed optional dependency C:\Users\saadr\Desktop\Music_Website\nagham-ai\node_modules\fsevents
255 silly reify mark deleted [
255 silly reify   'C:\\Users\\saadr\\Desktop\\Music_Website\\nagham-ai\\node_modules\\fsevents'
255 silly reify ]
256 verbose reify failed optional dependency C:\Users\saadr\Desktop\Music_Website\nagham-ai\node_modules\@next\swc-win32-arm64-msvc
257 silly reify mark deleted [
257 silly reify   'C:\\Users\\saadr\\Desktop\\Music_Website\\nagham-ai\\node_modules\\@next\\swc-win32-arm64-msvc'
257 silly reify ]
258 verbose reify failed optional dependency C:\Users\saadr\Desktop\Music_Website\nagham-ai\node_modules\@next\swc-linux-x64-musl
259 silly reify mark deleted [
259 silly reify   'C:\\Users\\saadr\\Desktop\\Music_Website\\nagham-ai\\node_modules\\@next\\swc-linux-x64-musl'
259 silly reify ]
260 verbose reify failed optional dependency C:\Users\saadr\Desktop\Music_Website\nagham-ai\node_modules\@next\swc-linux-x64-gnu
261 silly reify mark deleted [
261 silly reify   'C:\\Users\\saadr\\Desktop\\Music_Website\\nagham-ai\\node_modules\\@next\\swc-linux-x64-gnu'
261 silly reify ]
262 verbose reify failed optional dependency C:\Users\saadr\Desktop\Music_Website\nagham-ai\node_modules\@next\swc-linux-arm64-musl
263 silly reify mark deleted [
263 silly reify   'C:\\Users\\saadr\\Desktop\\Music_Website\\nagham-ai\\node_modules\\@next\\swc-linux-arm64-musl'
263 silly reify ]
264 verbose reify failed optional dependency C:\Users\saadr\Desktop\Music_Website\nagham-ai\node_modules\@next\swc-linux-arm64-gnu
265 silly reify mark deleted [
265 silly reify   'C:\\Users\\saadr\\Desktop\\Music_Website\\nagham-ai\\node_modules\\@next\\swc-linux-arm64-gnu'
265 silly reify ]
266 verbose reify failed optional dependency C:\Users\saadr\Desktop\Music_Website\nagham-ai\node_modules\@next\swc-darwin-x64
267 silly reify mark deleted [
267 silly reify   'C:\\Users\\saadr\\Desktop\\Music_Website\\nagham-ai\\node_modules\\@next\\swc-darwin-x64'
267 silly reify ]
268 verbose reify failed optional dependency C:\Users\saadr\Desktop\Music_Website\nagham-ai\node_modules\@next\swc-darwin-arm64
269 silly reify mark deleted [
269 silly reify   'C:\\Users\\saadr\\Desktop\\Music_Website\\nagham-ai\\node_modules\\@next\\swc-darwin-arm64'
269 silly reify ]
270 verbose reify failed optional dependency C:\Users\saadr\Desktop\Music_Website\nagham-ai\node_modules\@img\sharp-win32-ia32
271 silly reify mark deleted [
271 silly reify   'C:\\Users\\saadr\\Desktop\\Music_Website\\nagham-ai\\node_modules\\@img\\sharp-win32-ia32'
271 silly reify ]
272 verbose reify failed optional dependency C:\Users\saadr\Desktop\Music_Website\nagham-ai\node_modules\@img\sharp-wasm32
273 silly reify mark deleted [
273 silly reify   'C:\\Users\\saadr\\Desktop\\Music_Website\\nagham-ai\\node_modules\\@img\\sharp-wasm32'
273 silly reify ]
274 verbose reify failed optional dependency C:\Users\saadr\Desktop\Music_Website\nagham-ai\node_modules\@emnapi\runtime
275 silly reify mark deleted [
275 silly reify   'C:\\Users\\saadr\\Desktop\\Music_Website\\nagham-ai\\node_modules\\@emnapi\\runtime'
275 silly reify ]
276 verbose reify failed optional dependency C:\Users\saadr\Desktop\Music_Website\nagham-ai\node_modules\@img\sharp-linuxmusl-x64
277 silly reify mark deleted [
277 silly reify   'C:\\Users\\saadr\\Desktop\\Music_Website\\nagham-ai\\node_modules\\@img\\sharp-linuxmusl-x64'
277 silly reify ]
278 verbose reify failed optional dependency C:\Users\saadr\Desktop\Music_Website\nagham-ai\node_modules\@img\sharp-linuxmusl-arm64
279 silly reify mark deleted [
279 silly reify   'C:\\Users\\saadr\\Desktop\\Music_Website\\nagham-ai\\node_modules\\@img\\sharp-linuxmusl-arm64'
279 silly reify ]
280 verbose reify failed optional dependency C:\Users\saadr\Desktop\Music_Website\nagham-ai\node_modules\@img\sharp-linux-x64
281 silly reify mark deleted [
281 silly reify   'C:\\Users\\saadr\\Desktop\\Music_Website\\nagham-ai\\node_modules\\@img\\sharp-linux-x64'
281 silly reify ]
282 verbose reify failed optional dependency C:\Users\saadr\Desktop\Music_Website\nagham-ai\node_modules\@img\sharp-linux-s390x
283 silly reify mark deleted [
283 silly reify   'C:\\Users\\saadr\\Desktop\\Music_Website\\nagham-ai\\node_modules\\@img\\sharp-linux-s390x'
283 silly reify ]
284 verbose reify failed optional dependency C:\Users\saadr\Desktop\Music_Website\nagham-ai\node_modules\@img\sharp-linux-arm64
285 silly reify mark deleted [
285 silly reify   'C:\\Users\\saadr\\Desktop\\Music_Website\\nagham-ai\\node_modules\\@img\\sharp-linux-arm64'
285 silly reify ]
286 verbose reify failed optional dependency C:\Users\saadr\Desktop\Music_Website\nagham-ai\node_modules\@img\sharp-linux-arm
287 silly reify mark deleted [
287 silly reify   'C:\\Users\\saadr\\Desktop\\Music_Website\\nagham-ai\\node_modules\\@img\\sharp-linux-arm'
287 silly reify ]
288 verbose reify failed optional dependency C:\Users\saadr\Desktop\Music_Website\nagham-ai\node_modules\@img\sharp-libvips-linuxmusl-x64
289 silly reify mark deleted [
289 silly reify   'C:\\Users\\saadr\\Desktop\\Music_Website\\nagham-ai\\node_modules\\@img\\sharp-libvips-linuxmusl-x64'
289 silly reify ]
290 verbose reify failed optional dependency C:\Users\saadr\Desktop\Music_Website\nagham-ai\node_modules\@img\sharp-libvips-linuxmusl-arm64
291 silly reify mark deleted [
291 silly reify   'C:\\Users\\saadr\\Desktop\\Music_Website\\nagham-ai\\node_modules\\@img\\sharp-libvips-linuxmusl-arm64'
291 silly reify ]
292 verbose reify failed optional dependency C:\Users\saadr\Desktop\Music_Website\nagham-ai\node_modules\@img\sharp-libvips-linux-x64
293 silly reify mark deleted [
293 silly reify   'C:\\Users\\saadr\\Desktop\\Music_Website\\nagham-ai\\node_modules\\@img\\sharp-libvips-linux-x64'
293 silly reify ]
294 verbose reify failed optional dependency C:\Users\saadr\Desktop\Music_Website\nagham-ai\node_modules\@img\sharp-libvips-linux-s390x
295 silly reify mark deleted [
295 silly reify   'C:\\Users\\saadr\\Desktop\\Music_Website\\nagham-ai\\node_modules\\@img\\sharp-libvips-linux-s390x'
295 silly reify ]
296 verbose reify failed optional dependency C:\Users\saadr\Desktop\Music_Website\nagham-ai\node_modules\@img\sharp-libvips-linux-arm64
297 silly reify mark deleted [
297 silly reify   'C:\\Users\\saadr\\Desktop\\Music_Website\\nagham-ai\\node_modules\\@img\\sharp-libvips-linux-arm64'
297 silly reify ]
298 verbose reify failed optional dependency C:\Users\saadr\Desktop\Music_Website\nagham-ai\node_modules\@img\sharp-libvips-linux-arm
299 silly reify mark deleted [
299 silly reify   'C:\\Users\\saadr\\Desktop\\Music_Website\\nagham-ai\\node_modules\\@img\\sharp-libvips-linux-arm'
299 silly reify ]
300 verbose reify failed optional dependency C:\Users\saadr\Desktop\Music_Website\nagham-ai\node_modules\@img\sharp-libvips-darwin-x64
301 silly reify mark deleted [
301 silly reify   'C:\\Users\\saadr\\Desktop\\Music_Website\\nagham-ai\\node_modules\\@img\\sharp-libvips-darwin-x64'
301 silly reify ]
302 verbose reify failed optional dependency C:\Users\saadr\Desktop\Music_Website\nagham-ai\node_modules\@img\sharp-libvips-darwin-arm64
303 silly reify mark deleted [
303 silly reify   'C:\\Users\\saadr\\Desktop\\Music_Website\\nagham-ai\\node_modules\\@img\\sharp-libvips-darwin-arm64'
303 silly reify ]
304 verbose reify failed optional dependency C:\Users\saadr\Desktop\Music_Website\nagham-ai\node_modules\@img\sharp-darwin-x64
305 silly reify mark deleted [
305 silly reify   'C:\\Users\\saadr\\Desktop\\Music_Website\\nagham-ai\\node_modules\\@img\\sharp-darwin-x64'
305 silly reify ]
306 verbose reify failed optional dependency C:\Users\saadr\Desktop\Music_Website\nagham-ai\node_modules\@img\sharp-darwin-arm64
307 silly reify mark deleted [
307 silly reify   'C:\\Users\\saadr\\Desktop\\Music_Website\\nagham-ai\\node_modules\\@img\\sharp-darwin-arm64'
307 silly reify ]
308 silly tarball no local data for detect-node-es@https://registry.npmjs.org/detect-node-es/-/detect-node-es-1.1.0.tgz. Extracting by manifest.
309 silly tarball no local data for get-nonce@https://registry.npmjs.org/get-nonce/-/get-nonce-1.0.1.tgz. Extracting by manifest.
310 silly tarball no local data for use-callback-ref@https://registry.npmjs.org/use-callback-ref/-/use-callback-ref-1.3.3.tgz. Extracting by manifest.
311 silly tarball no local data for use-sidecar@https://registry.npmjs.org/use-sidecar/-/use-sidecar-1.1.3.tgz. Extracting by manifest.
312 silly tarball no local data for react-style-singleton@https://registry.npmjs.org/react-style-singleton/-/react-style-singleton-2.2.3.tgz. Extracting by manifest.
313 silly tarball no local data for @floating-ui/dom@https://registry.npmjs.org/@floating-ui/dom/-/dom-1.6.13.tgz. Extracting by manifest.
314 silly tarball no local data for @floating-ui/utils@https://registry.npmjs.org/@floating-ui/utils/-/utils-0.2.9.tgz. Extracting by manifest.
315 silly tarball no local data for react-remove-scroll-bar@https://registry.npmjs.org/react-remove-scroll-bar/-/react-remove-scroll-bar-2.3.8.tgz. Extracting by manifest.
316 silly tarball no local data for @floating-ui/core@https://registry.npmjs.org/@floating-ui/core/-/core-1.6.9.tgz. Extracting by manifest.
317 silly tarball no local data for @radix-ui/rect@https://registry.npmjs.org/@radix-ui/rect/-/rect-1.1.0.tgz. Extracting by manifest.
318 silly tarball no local data for @radix-ui/react-use-size@https://registry.npmjs.org/@radix-ui/react-use-size/-/react-use-size-1.1.0.tgz. Extracting by manifest.
319 silly tarball no local data for @radix-ui/react-use-rect@https://registry.npmjs.org/@radix-ui/react-use-rect/-/react-use-rect-1.1.0.tgz. Extracting by manifest.
320 silly tarball no local data for @radix-ui/react-arrow@https://registry.npmjs.org/@radix-ui/react-arrow/-/react-arrow-1.1.1.tgz. Extracting by manifest.
321 silly tarball no local data for @floating-ui/react-dom@https://registry.npmjs.org/@floating-ui/react-dom/-/react-dom-2.1.2.tgz. Extracting by manifest.
322 silly tarball no local data for @radix-ui/react-use-previous@https://registry.npmjs.org/@radix-ui/react-use-previous/-/react-use-previous-1.1.0.tgz. Extracting by manifest.
323 silly tarball no local data for @radix-ui/react-use-escape-keydown@https://registry.npmjs.org/@radix-ui/react-use-escape-keydown/-/react-use-escape-keydown-1.1.0.tgz. Extracting by manifest.
324 silly tarball no local data for react-remove-scroll@https://registry.npmjs.org/react-remove-scroll/-/react-remove-scroll-2.6.2.tgz. Extracting by manifest.
325 silly tarball no local data for aria-hidden@https://registry.npmjs.org/aria-hidden/-/aria-hidden-1.2.4.tgz. Extracting by manifest.
326 silly tarball no local data for @radix-ui/react-visually-hidden@https://registry.npmjs.org/@radix-ui/react-visually-hidden/-/react-visually-hidden-1.1.1.tgz. Extracting by manifest.
327 silly tarball no local data for @radix-ui/react-use-controllable-state@https://registry.npmjs.org/@radix-ui/react-use-controllable-state/-/react-use-controllable-state-1.1.0.tgz. Extracting by manifest.
328 silly tarball no local data for @radix-ui/react-use-layout-effect@https://registry.npmjs.org/@radix-ui/react-use-layout-effect/-/react-use-layout-effect-1.1.0.tgz. Extracting by manifest.
329 silly tarball no local data for @radix-ui/react-use-callback-ref@https://registry.npmjs.org/@radix-ui/react-use-callback-ref/-/react-use-callback-ref-1.1.0.tgz. Extracting by manifest.
330 silly tarball no local data for @radix-ui/react-primitive@https://registry.npmjs.org/@radix-ui/react-primitive/-/react-primitive-2.0.1.tgz. Extracting by manifest.
331 silly tarball no local data for @radix-ui/react-popper@https://registry.npmjs.org/@radix-ui/react-popper/-/react-popper-1.2.1.tgz. Extracting by manifest.
332 silly tarball no local data for @radix-ui/react-portal@https://registry.npmjs.org/@radix-ui/react-portal/-/react-portal-1.1.3.tgz. Extracting by manifest.
333 silly tarball no local data for @radix-ui/react-focus-scope@https://registry.npmjs.org/@radix-ui/react-focus-scope/-/react-focus-scope-1.1.1.tgz. Extracting by manifest.
334 silly tarball no local data for @radix-ui/react-id@https://registry.npmjs.org/@radix-ui/react-id/-/react-id-1.1.0.tgz. Extracting by manifest.
335 silly tarball no local data for @radix-ui/react-direction@https://registry.npmjs.org/@radix-ui/react-direction/-/react-direction-1.1.0.tgz. Extracting by manifest.
336 silly tarball no local data for @radix-ui/react-dismissable-layer@https://registry.npmjs.org/@radix-ui/react-dismissable-layer/-/react-dismissable-layer-1.1.3.tgz. Extracting by manifest.
337 silly tarball no local data for @radix-ui/react-focus-guards@https://registry.npmjs.org/@radix-ui/react-focus-guards/-/react-focus-guards-1.1.1.tgz. Extracting by manifest.
338 silly tarball no local data for @radix-ui/react-context@https://registry.npmjs.org/@radix-ui/react-context/-/react-context-1.1.1.tgz. Extracting by manifest.
339 silly tarball no local data for @radix-ui/react-collection@https://registry.npmjs.org/@radix-ui/react-collection/-/react-collection-1.1.1.tgz. Extracting by manifest.
340 silly tarball no local data for @radix-ui/primitive@https://registry.npmjs.org/@radix-ui/primitive/-/primitive-1.1.1.tgz. Extracting by manifest.
341 silly tarball no local data for @radix-ui/number@https://registry.npmjs.org/@radix-ui/number/-/number-1.1.0.tgz. Extracting by manifest.
342 silly tarball no local data for @radix-ui/react-select@https://registry.npmjs.org/@radix-ui/react-select/-/react-select-2.1.4.tgz. Extracting by manifest.
343 silly tarball no local data for @radix-ui/react-slider@https://registry.npmjs.org/@radix-ui/react-slider/-/react-slider-1.2.2.tgz. Extracting by manifest.
344 http fetch GET 200 https://registry.npmjs.org/detect-node-es/-/detect-node-es-1.1.0.tgz 211ms (cache miss)
345 http fetch GET 200 https://registry.npmjs.org/react-style-singleton/-/react-style-singleton-2.2.3.tgz 209ms (cache miss)
346 http fetch GET 200 https://registry.npmjs.org/use-sidecar/-/use-sidecar-1.1.3.tgz 211ms (cache miss)
347 http fetch GET 200 https://registry.npmjs.org/use-callback-ref/-/use-callback-ref-1.3.3.tgz 213ms (cache miss)
348 http fetch GET 200 https://registry.npmjs.org/get-nonce/-/get-nonce-1.0.1.tgz 214ms (cache miss)
349 http fetch GET 200 https://registry.npmjs.org/@radix-ui/react-use-previous/-/react-use-previous-1.1.0.tgz 202ms (cache miss)
350 http fetch GET 200 https://registry.npmjs.org/aria-hidden/-/aria-hidden-1.2.4.tgz 201ms (cache miss)
351 http fetch GET 200 https://registry.npmjs.org/react-remove-scroll/-/react-remove-scroll-2.6.2.tgz 205ms (cache miss)
352 http fetch POST 200 https://registry.npmjs.org/-/npm/v1/security/advisories/bulk 463ms
353 silly audit report {}
354 http fetch GET 200 https://registry.npmjs.org/@radix-ui/react-use-escape-keydown/-/react-use-escape-keydown-1.1.0.tgz 525ms (cache miss)
355 http fetch GET 200 https://registry.npmjs.org/@floating-ui/dom/-/dom-1.6.13.tgz 563ms (cache miss)
356 http fetch GET 200 https://registry.npmjs.org/@radix-ui/react-use-controllable-state/-/react-use-controllable-state-1.1.0.tgz 620ms (cache miss)
357 http fetch GET 200 https://registry.npmjs.org/@radix-ui/react-use-layout-effect/-/react-use-layout-effect-1.1.0.tgz 630ms (cache miss)
358 http fetch GET 200 https://registry.npmjs.org/@radix-ui/react-use-callback-ref/-/react-use-callback-ref-1.1.0.tgz 634ms (cache miss)
359 http fetch GET 200 https://registry.npmjs.org/@radix-ui/rect/-/rect-1.1.0.tgz 674ms (cache miss)
360 http fetch GET 200 https://registry.npmjs.org/@radix-ui/react-use-size/-/react-use-size-1.1.0.tgz 678ms (cache miss)
361 http fetch GET 200 https://registry.npmjs.org/@radix-ui/react-arrow/-/react-arrow-1.1.1.tgz 677ms (cache miss)
362 http fetch GET 200 https://registry.npmjs.org/@radix-ui/react-use-rect/-/react-use-rect-1.1.0.tgz 683ms (cache miss)
363 http fetch GET 200 https://registry.npmjs.org/@floating-ui/react-dom/-/react-dom-2.1.2.tgz 693ms (cache miss)
364 http fetch GET 200 https://registry.npmjs.org/@radix-ui/react-direction/-/react-direction-1.1.0.tgz 685ms (cache miss)
365 http fetch GET 200 https://registry.npmjs.org/@radix-ui/number/-/number-1.1.0.tgz 693ms (cache miss)
366 http fetch GET 200 https://registry.npmjs.org/@floating-ui/core/-/core-1.6.9.tgz 730ms (cache miss)
367 http fetch GET 200 https://registry.npmjs.org/@floating-ui/utils/-/utils-0.2.9.tgz 733ms (cache miss)
368 http fetch GET 200 https://registry.npmjs.org/@radix-ui/react-primitive/-/react-primitive-2.0.1.tgz 884ms (cache miss)
369 http fetch GET 200 https://registry.npmjs.org/@radix-ui/react-portal/-/react-portal-1.1.3.tgz 927ms (cache miss)
370 http fetch GET 200 https://registry.npmjs.org/@radix-ui/react-focus-guards/-/react-focus-guards-1.1.1.tgz 991ms (cache miss)
371 http fetch GET 200 https://registry.npmjs.org/@radix-ui/react-focus-scope/-/react-focus-scope-1.1.1.tgz 1039ms (cache miss)
372 http fetch GET 200 https://registry.npmjs.org/@radix-ui/react-dismissable-layer/-/react-dismissable-layer-1.1.3.tgz 1039ms (cache miss)
373 http fetch GET 200 https://registry.npmjs.org/@radix-ui/react-popper/-/react-popper-1.2.1.tgz 1043ms (cache miss)
374 http fetch GET 200 https://registry.npmjs.org/@radix-ui/react-collection/-/react-collection-1.1.1.tgz 1073ms (cache miss)
375 http fetch GET 200 https://registry.npmjs.org/@radix-ui/primitive/-/primitive-1.1.1.tgz 1077ms (cache miss)
376 http fetch GET 200 https://registry.npmjs.org/@radix-ui/react-id/-/react-id-1.1.0.tgz 1095ms (cache miss)
377 http fetch GET 200 https://registry.npmjs.org/@radix-ui/react-context/-/react-context-1.1.1.tgz 1098ms (cache miss)
378 http fetch GET 200 https://registry.npmjs.org/@radix-ui/react-select/-/react-select-2.1.4.tgz 1124ms (cache miss)
379 http fetch GET 200 https://registry.npmjs.org/@radix-ui/react-slider/-/react-slider-1.2.2.tgz 1128ms (cache miss)
380 http fetch GET 200 https://registry.npmjs.org/react-remove-scroll-bar/-/react-remove-scroll-bar-2.3.8.tgz 1201ms (cache miss)
381 http fetch GET 200 https://registry.npmjs.org/@radix-ui/react-visually-hidden/-/react-visually-hidden-1.1.1.tgz 1235ms (cache miss)
382 silly ADD node_modules/detect-node-es
383 silly ADD node_modules/get-nonce
384 silly ADD node_modules/use-sidecar
385 silly ADD node_modules/use-callback-ref
386 silly ADD node_modules/react-style-singleton
387 silly ADD node_modules/react-remove-scroll-bar
388 silly ADD node_modules/@floating-ui/utils
389 silly ADD node_modules/@floating-ui/core
390 silly ADD node_modules/@floating-ui/dom
391 silly ADD node_modules/@radix-ui/rect
392 silly ADD node_modules/@radix-ui/react-use-size
393 silly ADD node_modules/@radix-ui/react-use-rect
394 silly ADD node_modules/@radix-ui/react-arrow
395 silly ADD node_modules/@floating-ui/react-dom
396 silly ADD node_modules/@radix-ui/react-use-escape-keydown
397 silly ADD node_modules/react-remove-scroll
398 silly ADD node_modules/aria-hidden
399 silly ADD node_modules/@radix-ui/react-visually-hidden
400 silly ADD node_modules/@radix-ui/react-use-previous
401 silly ADD node_modules/@radix-ui/react-use-layout-effect
402 silly ADD node_modules/@radix-ui/react-use-controllable-state
403 silly ADD node_modules/@radix-ui/react-use-callback-ref
404 silly ADD node_modules/@radix-ui/react-primitive
405 silly ADD node_modules/@radix-ui/react-portal
406 silly ADD node_modules/@radix-ui/react-popper
407 silly ADD node_modules/@radix-ui/react-id
408 silly ADD node_modules/@radix-ui/react-focus-scope
409 silly ADD node_modules/@radix-ui/react-focus-guards
410 silly ADD node_modules/@radix-ui/react-dismissable-layer
411 silly ADD node_modules/@radix-ui/react-direction
412 silly ADD node_modules/@radix-ui/react-context
413 silly ADD node_modules/@radix-ui/react-collection
414 silly ADD node_modules/@radix-ui/primitive
415 silly ADD node_modules/@radix-ui/number
416 silly ADD node_modules/@radix-ui/react-slider
417 silly ADD node_modules/@radix-ui/react-select
418 silly ADD
419 silly ADD
420 silly ADD
421 silly ADD
422 silly ADD
423 silly ADD
424 silly ADD
425 silly ADD
426 silly ADD
427 silly ADD
428 silly ADD
429 silly ADD
430 silly ADD
431 silly ADD
432 silly ADD
433 silly ADD
434 silly ADD
435 silly ADD
436 silly ADD
437 silly ADD
438 silly ADD
439 silly ADD
440 silly ADD
441 silly ADD
442 silly ADD
443 silly ADD
444 silly ADD
445 verbose cwd C:\Users\saadr\Desktop\Music_Website\nagham-ai
446 verbose os Windows_NT 10.0.22631
447 verbose node v18.20.5
448 verbose npm  v10.8.2
449 verbose exit 0
450 info ok
