0 verbose cli C:\Program Files\nodejs\node.exe C:\Program Files\nodejs\node_modules\npm\bin\npm-cli.js
1 info using npm@10.8.2
2 info using node@v18.20.5
3 silly config load:file:C:\Program Files\nodejs\node_modules\npm\npmrc
4 silly config load:file:C:\Users\saadr\Desktop\Music_Website\nagham-ai\.npmrc
5 silly config load:file:C:\Users\saadr\.npmrc
6 silly config load:file:C:\Users\saadr\AppData\Roaming\npm\etc\npmrc
7 verbose title npm install @radix-ui/react-checkbox @radix-ui/react-label
8 verbose argv "install" "@radix-ui/react-checkbox" "@radix-ui/react-label"
9 verbose logfile logs-max:10 dir:C:\Users\saadr\Desktop\Music_Website\nagham-ai\%APPDATA%\npm-cache\_logs\2025-01-11T16_18_47_261Z-
10 verbose logfile C:\Users\saadr\Desktop\Music_Website\nagham-ai\%APPDATA%\npm-cache\_logs\2025-01-11T16_18_47_261Z-debug-0.log
11 silly packumentCache heap:4345298944 maxSize:1086324736 maxEntrySize:543162368
12 silly logfile start cleaning logs, removing 1 files
13 silly logfile done cleaning log files
14 silly idealTree buildDeps
15 silly fetch manifest @radix-ui/react-label@^2.1.1
16 silly packumentCache full:https://registry.npmjs.org/@radix-ui%2freact-label cache-miss
17 http fetch GET 200 https://registry.npmjs.org/@radix-ui%2freact-label 138ms (cache hit)
18 silly packumentCache full:https://registry.npmjs.org/@radix-ui%2freact-label set size:461587 disposed:false
19 silly fetch manifest @types/react@^18
20 silly packumentCache full:https://registry.npmjs.org/@types%2freact cache-miss
21 http fetch GET 200 https://registry.npmjs.org/@types%2freact 14ms (cache hit)
22 silly packumentCache full:https://registry.npmjs.org/@types%2freact set size:2273317 disposed:false
23 silly fetch manifest @types/react-dom@^18
24 silly packumentCache full:https://registry.npmjs.org/@types%2freact-dom cache-miss
25 http fetch GET 200 https://registry.npmjs.org/@types%2freact-dom 8ms (cache hit)
26 silly packumentCache full:https://registry.npmjs.org/@types%2freact-dom set size:372302 disposed:false
27 silly fetch manifest react@^18.2.0
28 silly packumentCache full:https://registry.npmjs.org/react cache-miss
29 http fetch GET 200 https://registry.npmjs.org/react 19ms (cache hit)
30 silly packumentCache full:https://registry.npmjs.org/react set size:5329688 disposed:false
31 silly fetch manifest react-dom@^18.2.0
32 silly packumentCache full:https://registry.npmjs.org/react-dom cache-miss
33 http fetch GET 200 https://registry.npmjs.org/react-dom 25ms (cache hit)
34 silly packumentCache full:https://registry.npmjs.org/react-dom set size:6609061 disposed:false
35 silly fetch manifest @radix-ui/react-checkbox@*
36 silly packumentCache full:https://registry.npmjs.org/@radix-ui%2freact-checkbox cache-miss
37 http fetch GET 200 https://registry.npmjs.org/@radix-ui%2freact-checkbox 2041ms (cache miss)
38 silly packumentCache full:https://registry.npmjs.org/@radix-ui%2freact-checkbox set size:undefined disposed:false
39 silly placeDep ROOT @radix-ui/react-checkbox@1.1.3 OK for: nagham-ai@0.1.0 want: *
40 silly placeDep ROOT @radix-ui/react-label@2.1.1 REPLACE for: nagham-ai@0.1.0 want: ^2.1.1
41 silly reify moves {}
42 silly audit bulk request {
42 silly audit   '@alloc/quick-lru': [ '5.2.0' ],
42 silly audit   '@emnapi/runtime': [ '1.3.1' ],
42 silly audit   '@eslint-community/eslint-utils': [ '4.4.1' ],
42 silly audit   '@eslint-community/regexpp': [ '4.12.1' ],
42 silly audit   '@eslint/eslintrc': [ '2.1.4' ],
42 silly audit   '@eslint/js': [ '8.57.1' ],
42 silly audit   '@floating-ui/core': [ '1.6.9' ],
42 silly audit   '@floating-ui/dom': [ '1.6.13' ],
42 silly audit   '@floating-ui/react-dom': [ '2.1.2' ],
42 silly audit   '@floating-ui/utils': [ '0.2.9' ],
42 silly audit   '@humanwhocodes/config-array': [ '0.13.0' ],
42 silly audit   '@humanwhocodes/module-importer': [ '1.0.1' ],
42 silly audit   '@humanwhocodes/object-schema': [ '2.0.3' ],
42 silly audit   '@img/sharp-darwin-arm64': [ '0.33.5' ],
42 silly audit   '@img/sharp-darwin-x64': [ '0.33.5' ],
42 silly audit   '@img/sharp-libvips-darwin-arm64': [ '1.0.4' ],
42 silly audit   '@img/sharp-libvips-darwin-x64': [ '1.0.4' ],
42 silly audit   '@img/sharp-libvips-linux-arm': [ '1.0.5' ],
42 silly audit   '@img/sharp-libvips-linux-arm64': [ '1.0.4' ],
42 silly audit   '@img/sharp-libvips-linux-s390x': [ '1.0.4' ],
42 silly audit   '@img/sharp-libvips-linux-x64': [ '1.0.4' ],
42 silly audit   '@img/sharp-libvips-linuxmusl-arm64': [ '1.0.4' ],
42 silly audit   '@img/sharp-libvips-linuxmusl-x64': [ '1.0.4' ],
42 silly audit   '@img/sharp-linux-arm': [ '0.33.5' ],
42 silly audit   '@img/sharp-linux-arm64': [ '0.33.5' ],
42 silly audit   '@img/sharp-linux-s390x': [ '0.33.5' ],
42 silly audit   '@img/sharp-linux-x64': [ '0.33.5' ],
42 silly audit   '@img/sharp-linuxmusl-arm64': [ '0.33.5' ],
42 silly audit   '@img/sharp-linuxmusl-x64': [ '0.33.5' ],
42 silly audit   '@img/sharp-wasm32': [ '0.33.5' ],
42 silly audit   '@img/sharp-win32-ia32': [ '0.33.5' ],
42 silly audit   '@img/sharp-win32-x64': [ '0.33.5' ],
42 silly audit   '@isaacs/cliui': [ '8.0.2' ],
42 silly audit   'ansi-regex': [ '6.1.0', '5.0.1' ],
42 silly audit   'strip-ansi': [ '7.1.0', '6.0.1' ],
42 silly audit   '@jridgewell/gen-mapping': [ '0.3.8' ],
42 silly audit   '@jridgewell/resolve-uri': [ '3.1.2' ],
42 silly audit   '@jridgewell/set-array': [ '1.2.1' ],
42 silly audit   '@jridgewell/sourcemap-codec': [ '1.5.0' ],
42 silly audit   '@jridgewell/trace-mapping': [ '0.3.25' ],
42 silly audit   '@next/env': [ '15.1.3' ],
42 silly audit   '@next/eslint-plugin-next': [ '15.1.3' ],
42 silly audit   '@next/swc-darwin-arm64': [ '15.1.3' ],
42 silly audit   '@next/swc-darwin-x64': [ '15.1.3' ],
42 silly audit   '@next/swc-linux-arm64-gnu': [ '15.1.3' ],
42 silly audit   '@next/swc-linux-arm64-musl': [ '15.1.3' ],
42 silly audit   '@next/swc-linux-x64-gnu': [ '15.1.3' ],
42 silly audit   '@next/swc-linux-x64-musl': [ '15.1.3' ],
42 silly audit   '@next/swc-win32-arm64-msvc': [ '15.1.3' ],
42 silly audit   '@next/swc-win32-x64-msvc': [ '15.1.3' ],
42 silly audit   '@nodelib/fs.scandir': [ '2.1.5' ],
42 silly audit   '@nodelib/fs.stat': [ '2.0.5' ],
42 silly audit   '@nodelib/fs.walk': [ '1.2.8' ],
42 silly audit   '@nolyfill/is-core-module': [ '1.0.39' ],
42 silly audit   '@pkgjs/parseargs': [ '0.11.0' ],
42 silly audit   '@radix-ui/number': [ '1.1.0' ],
42 silly audit   '@radix-ui/primitive': [ '1.1.1' ],
42 silly audit   '@radix-ui/react-arrow': [ '1.1.1' ],
42 silly audit   '@radix-ui/react-collection': [ '1.1.1' ],
42 silly audit   '@radix-ui/react-compose-refs': [ '1.1.1' ],
42 silly audit   '@radix-ui/react-context': [ '1.1.1' ],
42 silly audit   '@radix-ui/react-direction': [ '1.1.0' ],
42 silly audit   '@radix-ui/react-dismissable-layer': [ '1.1.3' ],
42 silly audit   '@radix-ui/react-focus-guards': [ '1.1.1' ],
42 silly audit   '@radix-ui/react-focus-scope': [ '1.1.1' ],
42 silly audit   '@radix-ui/react-id': [ '1.1.0' ],
42 silly audit   '@radix-ui/react-popper': [ '1.2.1' ],
42 silly audit   '@radix-ui/react-portal': [ '1.1.3' ],
42 silly audit   '@radix-ui/react-presence': [ '1.1.2' ],
42 silly audit   '@radix-ui/react-primitive': [ '2.0.1' ],
42 silly audit   '@radix-ui/react-roving-focus': [ '1.1.1' ],
42 silly audit   '@radix-ui/react-select': [ '2.1.4' ],
42 silly audit   '@radix-ui/react-slider': [ '1.2.2' ],
42 silly audit   '@radix-ui/react-slot': [ '1.1.1' ],
42 silly audit   '@radix-ui/react-switch': [ '1.1.2' ],
42 silly audit   '@radix-ui/react-tabs': [ '1.1.2' ],
42 silly audit   '@radix-ui/react-use-callback-ref': [ '1.1.0' ],
42 silly audit   '@radix-ui/react-use-controllable-state': [ '1.1.0' ],
42 silly audit   '@radix-ui/react-use-escape-keydown': [ '1.1.0' ],
42 silly audit   '@radix-ui/react-use-layout-effect': [ '1.1.0' ],
42 silly audit   '@radix-ui/react-use-previous': [ '1.1.0' ],
42 silly audit   '@radix-ui/react-use-rect': [ '1.1.0' ],
42 silly audit   '@radix-ui/react-use-size': [ '1.1.0' ],
42 silly audit   '@radix-ui/react-visually-hidden': [ '1.1.1' ],
42 silly audit   '@radix-ui/rect': [ '1.1.0' ],
42 silly audit   '@rtsao/scc': [ '1.1.0' ],
42 silly audit   '@rushstack/eslint-patch': [ '1.10.4' ],
42 silly audit   '@swc/counter': [ '0.1.3' ],
42 silly audit   '@swc/helpers': [ '0.5.15' ],
42 silly audit   '@types/json5': [ '0.0.29' ],
42 silly audit   '@types/node': [ '20.17.10' ],
42 silly audit   '@types/prop-types': [ '15.7.14' ],
42 silly audit   '@types/react': [ '18.3.18' ],
42 silly audit   '@types/react-dom': [ '18.3.5' ],
42 silly audit   '@typescript-eslint/eslint-plugin': [ '8.18.2' ],
42 silly audit   '@typescript-eslint/parser': [ '8.18.2' ],
42 silly audit   '@typescript-eslint/scope-manager': [ '8.18.2' ],
42 silly audit   '@typescript-eslint/type-utils': [ '8.18.2' ],
42 silly audit   '@typescript-eslint/types': [ '8.18.2' ],
42 silly audit   '@typescript-eslint/typescript-estree': [ '8.18.2' ],
42 silly audit   'brace-expansion': [ '2.0.1', '1.1.11' ],
42 silly audit   'fast-glob': [ '3.3.2', '3.3.1' ],
42 silly audit   'glob-parent': [ '5.1.2', '6.0.2' ],
42 silly audit   minimatch: [ '9.0.5', '3.1.2' ],
42 silly audit   '@typescript-eslint/utils': [ '8.18.2' ],
42 silly audit   '@typescript-eslint/visitor-keys': [ '8.18.2' ],
42 silly audit   'eslint-visitor-keys': [ '4.2.0', '3.4.3' ],
42 silly audit   '@ungap/structured-clone': [ '1.2.1' ],
42 silly audit   acorn: [ '8.14.0' ],
42 silly audit   'acorn-jsx': [ '5.3.2' ],
42 silly audit   ajv: [ '6.12.6' ],
42 silly audit   'ansi-styles': [ '4.3.0', '6.2.1' ],
42 silly audit   'any-promise': [ '1.3.0' ],
42 silly audit   anymatch: [ '3.1.3' ],
42 silly audit   arg: [ '5.0.2' ],
42 silly audit   argparse: [ '2.0.1' ],
42 silly audit   'aria-hidden': [ '1.2.4' ],
42 silly audit   'aria-query': [ '5.3.2' ],
42 silly audit   'array-buffer-byte-length': [ '1.0.2' ],
42 silly audit   'array-includes': [ '3.1.8' ],
42 silly audit   'array.prototype.findlast': [ '1.2.5' ],
42 silly audit   'array.prototype.findlastindex': [ '1.2.5' ],
42 silly audit   'array.prototype.flat': [ '1.3.3' ],
42 silly audit   'array.prototype.flatmap': [ '1.3.3' ],
42 silly audit   'array.prototype.tosorted': [ '1.1.4' ],
42 silly audit   'arraybuffer.prototype.slice': [ '1.0.4' ],
42 silly audit   'ast-types-flow': [ '0.0.8' ],
42 silly audit   'available-typed-arrays': [ '1.0.7' ],
42 silly audit   'axe-core': [ '4.10.2' ],
42 silly audit   'axobject-query': [ '4.1.0' ],
42 silly audit   'balanced-match': [ '1.0.2' ],
42 silly audit   'binary-extensions': [ '2.3.0' ],
42 silly audit   braces: [ '3.0.3' ],
42 silly audit   busboy: [ '1.6.0' ],
42 silly audit   'call-bind': [ '1.0.8' ],
42 silly audit   'call-bind-apply-helpers': [ '1.0.1' ],
42 silly audit   'call-bound': [ '1.0.3' ],
42 silly audit   callsites: [ '3.1.0' ],
42 silly audit   'camelcase-css': [ '2.0.1' ],
42 silly audit   'caniuse-lite': [ '1.0.30001690' ],
42 silly audit   chalk: [ '4.1.2' ],
42 silly audit   chokidar: [ '3.6.0' ],
42 silly audit   'class-variance-authority': [ '0.7.1' ],
42 silly audit   'client-only': [ '0.0.1' ],
42 silly audit   clsx: [ '2.1.1' ],
42 silly audit   color: [ '4.2.3' ],
42 silly audit   'color-convert': [ '2.0.1' ],
42 silly audit   'color-name': [ '1.1.4' ],
42 silly audit   'color-string': [ '1.9.1' ],
42 silly audit   commander: [ '4.1.1' ],
42 silly audit   'concat-map': [ '0.0.1' ],
42 silly audit   'cross-spawn': [ '7.0.6' ],
42 silly audit   cssesc: [ '3.0.0' ],
42 silly audit   csstype: [ '3.1.3' ],
42 silly audit   'damerau-levenshtein': [ '1.0.8' ],
42 silly audit   'data-view-buffer': [ '1.0.2' ],
42 silly audit   'data-view-byte-length': [ '1.0.2' ],
42 silly audit   'data-view-byte-offset': [ '1.0.1' ],
42 silly audit   debug: [ '4.4.0', '3.2.7' ],
42 silly audit   'deep-is': [ '0.1.4' ],
42 silly audit   'define-data-property': [ '1.1.4' ],
42 silly audit   'define-properties': [ '1.2.1' ],
42 silly audit   'detect-libc': [ '2.0.3' ],
42 silly audit   'detect-node-es': [ '1.1.0' ],
42 silly audit   didyoumean: [ '1.2.2' ],
42 silly audit   dlv: [ '1.1.3' ],
42 silly audit   doctrine: [ '3.0.0', '2.1.0' ],
42 silly audit   'dunder-proto': [ '1.0.1' ],
42 silly audit   eastasianwidth: [ '0.2.0' ],
42 silly audit   'emoji-regex': [ '9.2.2', '8.0.0' ],
42 silly audit   'enhanced-resolve': [ '5.18.0' ],
42 silly audit   'es-abstract': [ '1.23.8' ],
42 silly audit   'es-define-property': [ '1.0.1' ],
42 silly audit   'es-errors': [ '1.3.0' ],
42 silly audit   'es-iterator-helpers': [ '1.2.1' ],
42 silly audit   'es-object-atoms': [ '1.0.0' ],
42 silly audit   'es-set-tostringtag': [ '2.0.3' ],
42 silly audit   'es-shim-unscopables': [ '1.0.2' ],
42 silly audit   'es-to-primitive': [ '1.3.0' ],
42 silly audit   'escape-string-regexp': [ '4.0.0' ],
42 silly audit   eslint: [ '8.57.1' ],
42 silly audit   'eslint-config-next': [ '15.1.3' ],
42 silly audit   'eslint-import-resolver-node': [ '0.3.9' ],
42 silly audit   'eslint-import-resolver-typescript': [ '3.7.0' ],
42 silly audit   'eslint-module-utils': [ '2.12.0' ],
42 silly audit   'eslint-plugin-import': [ '2.31.0' ],
42 silly audit   semver: [ '6.3.1', '7.6.3' ],
42 silly audit   'eslint-plugin-jsx-a11y': [ '6.10.2' ],
42 silly audit   'eslint-plugin-react': [ '7.37.3' ],
42 silly audit   'eslint-plugin-react-hooks': [ '5.1.0' ],
42 silly audit   resolve: [ '2.0.0-next.5', '1.22.10' ],
42 silly audit   'eslint-scope': [ '7.2.2' ],
42 silly audit   espree: [ '9.6.1' ],
42 silly audit   esquery: [ '1.6.0' ],
42 silly audit   esrecurse: [ '4.3.0' ],
42 silly audit   estraverse: [ '5.3.0' ],
42 silly audit   esutils: [ '2.0.3' ],
42 silly audit   'fast-deep-equal': [ '3.1.3' ],
42 silly audit   'fast-json-stable-stringify': [ '2.1.0' ],
42 silly audit   'fast-levenshtein': [ '2.0.6' ],
42 silly audit   fastq: [ '1.18.0' ],
42 silly audit   'file-entry-cache': [ '6.0.1' ],
42 silly audit   'fill-range': [ '7.1.1' ],
42 silly audit   'find-up': [ '5.0.0' ],
42 silly audit   'flat-cache': [ '3.2.0' ],
42 silly audit   flatted: [ '3.3.2' ],
42 silly audit   'for-each': [ '0.3.3' ],
42 silly audit   'foreground-child': [ '3.3.0' ],
42 silly audit   'framer-motion': [ '11.15.0' ],
42 silly audit   'fs.realpath': [ '1.0.0' ],
42 silly audit   fsevents: [ '2.3.3' ],
42 silly audit   'function-bind': [ '1.1.2' ],
42 silly audit   'function.prototype.name': [ '1.1.8' ],
42 silly audit   'functions-have-names': [ '1.2.3' ],
42 silly audit   'get-intrinsic': [ '1.2.6' ],
42 silly audit   'get-nonce': [ '1.0.1' ],
42 silly audit   'get-symbol-description': [ '1.1.0' ],
42 silly audit   'get-tsconfig': [ '4.8.1' ],
42 silly audit   glob: [ '7.2.3', '10.4.5' ],
42 silly audit   globals: [ '13.24.0' ],
42 silly audit   globalthis: [ '1.0.4' ],
42 silly audit   gopd: [ '1.2.0' ],
42 silly audit   'graceful-fs': [ '4.2.11' ],
42 silly audit   graphemer: [ '1.4.0' ],
42 silly audit   'has-bigints': [ '1.1.0' ],
42 silly audit   'has-flag': [ '4.0.0' ],
42 silly audit   'has-property-descriptors': [ '1.0.2' ],
42 silly audit   'has-proto': [ '1.2.0' ],
42 silly audit   'has-symbols': [ '1.1.0' ],
42 silly audit   'has-tostringtag': [ '1.0.2' ],
42 silly audit   hasown: [ '2.0.2' ],
42 silly audit   ignore: [ '5.3.2' ],
42 silly audit   'import-fresh': [ '3.3.0' ],
42 silly audit   imurmurhash: [ '0.1.4' ],
42 silly audit   inflight: [ '1.0.6' ],
42 silly audit   inherits: [ '2.0.4' ],
42 silly audit   'internal-slot': [ '1.1.0' ],
42 silly audit   'is-array-buffer': [ '3.0.5' ],
42 silly audit   'is-arrayish': [ '0.3.2' ],
42 silly audit   'is-async-function': [ '2.0.0' ],
42 silly audit   'is-bigint': [ '1.1.0' ],
42 silly audit   'is-binary-path': [ '2.1.0' ],
42 silly audit   'is-boolean-object': [ '1.2.1' ],
42 silly audit   'is-bun-module': [ '1.3.0' ],
42 silly audit   'is-callable': [ '1.2.7' ],
42 silly audit   'is-core-module': [ '2.16.1' ],
42 silly audit   'is-data-view': [ '1.0.2' ],
42 silly audit   'is-date-object': [ '1.1.0' ],
42 silly audit   'is-extglob': [ '2.1.1' ],
42 silly audit   'is-finalizationregistry': [ '1.1.1' ],
42 silly audit   'is-fullwidth-code-point': [ '3.0.0' ],
42 silly audit   'is-generator-function': [ '1.0.10' ],
42 silly audit   'is-glob': [ '4.0.3' ],
42 silly audit   'is-map': [ '2.0.3' ],
42 silly audit   'is-number': [ '7.0.0' ],
42 silly audit   'is-number-object': [ '1.1.1' ],
42 silly audit   'is-path-inside': [ '3.0.3' ],
42 silly audit   'is-regex': [ '1.2.1' ],
42 silly audit   'is-set': [ '2.0.3' ],
42 silly audit   'is-shared-array-buffer': [ '1.0.4' ],
42 silly audit   'is-string': [ '1.1.1' ],
42 silly audit   'is-symbol': [ '1.1.1' ],
42 silly audit   'is-typed-array': [ '1.1.15' ],
42 silly audit   'is-weakmap': [ '2.0.2' ],
42 silly audit   'is-weakref': [ '1.1.0' ],
42 silly audit   'is-weakset': [ '2.0.4' ],
42 silly audit   isarray: [ '2.0.5' ],
42 silly audit   isexe: [ '2.0.0' ],
42 silly audit   'iterator.prototype': [ '1.1.4' ],
42 silly audit   jackspeak: [ '3.4.3' ],
42 silly audit   jiti: [ '1.21.7' ],
42 silly audit   'js-tokens': [ '4.0.0' ],
42 silly audit   'js-yaml': [ '4.1.0' ],
42 silly audit   'json-buffer': [ '3.0.1' ],
42 silly audit   'json-schema-traverse': [ '0.4.1' ],
42 silly audit   'json-stable-stringify-without-jsonify': [ '1.0.1' ],
42 silly audit   json5: [ '1.0.2' ],
42 silly audit   'jsx-ast-utils': [ '3.3.5' ],
42 silly audit   keyv: [ '4.5.4' ],
42 silly audit   'language-subtag-registry': [ '0.3.23' ],
42 silly audit   'language-tags': [ '1.0.9' ],
42 silly audit   levn: [ '0.4.1' ],
42 silly audit   lilconfig: [ '3.1.3' ],
42 silly audit   'lines-and-columns': [ '1.2.4' ],
42 silly audit   'locate-path': [ '6.0.0' ],
42 silly audit   'lodash.merge': [ '4.6.2' ],
42 silly audit   'loose-envify': [ '1.4.0' ],
42 silly audit   'lru-cache': [ '10.4.3' ],
42 silly audit   'lucide-react': [ '0.469.0' ],
42 silly audit   'math-intrinsics': [ '1.1.0' ],
42 silly audit   merge2: [ '1.4.1' ],
42 silly audit   micromatch: [ '4.0.8' ],
42 silly audit   minimist: [ '1.2.8' ],
42 silly audit   minipass: [ '7.1.2' ],
42 silly audit   'motion-dom': [ '11.14.3' ],
42 silly audit   'motion-utils': [ '11.14.3' ],
42 silly audit   ms: [ '2.1.3' ],
42 silly audit   mz: [ '2.7.0' ],
42 silly audit   nanoid: [ '3.3.8' ],
42 silly audit   'natural-compare': [ '1.4.0' ],
42 silly audit   next: [ '15.1.3' ],
42 silly audit   postcss: [ '8.4.31', '8.4.49' ],
42 silly audit   'normalize-path': [ '3.0.0' ],
42 silly audit   'object-assign': [ '4.1.1' ],
42 silly audit   'object-hash': [ '3.0.0' ],
42 silly audit   'object-inspect': [ '1.13.3' ],
42 silly audit   'object-keys': [ '1.1.1' ],
42 silly audit   'object.assign': [ '4.1.7' ],
42 silly audit   'object.entries': [ '1.1.8' ],
42 silly audit   'object.fromentries': [ '2.0.8' ],
42 silly audit   'object.groupby': [ '1.0.3' ],
42 silly audit   'object.values': [ '1.2.1' ],
42 silly audit   once: [ '1.4.0' ],
42 silly audit   optionator: [ '0.9.4' ],
42 silly audit   'own-keys': [ '1.0.0' ],
42 silly audit   'p-limit': [ '3.1.0' ],
42 silly audit   'p-locate': [ '5.0.0' ],
42 silly audit   'package-json-from-dist': [ '1.0.1' ],
42 silly audit   'parent-module': [ '1.0.1' ],
42 silly audit   'path-exists': [ '4.0.0' ],
42 silly audit   'path-is-absolute': [ '1.0.1' ],
42 silly audit   'path-key': [ '3.1.1' ],
42 silly audit   'path-parse': [ '1.0.7' ],
42 silly audit   'path-scurry': [ '1.11.1' ],
42 silly audit   picocolors: [ '1.1.1' ],
42 silly audit   picomatch: [ '2.3.1' ],
42 silly audit   pify: [ '2.3.0' ],
42 silly audit   pirates: [ '4.0.6' ],
42 silly audit   'possible-typed-array-names': [ '1.0.0' ],
42 silly audit   'postcss-import': [ '15.1.0' ],
42 silly audit   'postcss-js': [ '4.0.1' ],
42 silly audit   'postcss-load-config': [ '4.0.2' ],
42 silly audit   'postcss-nested': [ '6.2.0' ],
42 silly audit   'postcss-selector-parser': [ '6.1.2' ],
42 silly audit   'postcss-value-parser': [ '4.2.0' ],
42 silly audit   'prelude-ls': [ '1.2.1' ],
42 silly audit   'prop-types': [ '15.8.1' ],
42 silly audit   punycode: [ '2.3.1' ],
42 silly audit   'queue-microtask': [ '1.2.3' ],
42 silly audit   react: [ '18.3.1' ],
42 silly audit   'react-dom': [ '18.3.1' ],
42 silly audit   'react-is': [ '16.13.1' ],
42 silly audit   'react-remove-scroll': [ '2.6.2' ],
42 silly audit   'react-remove-scroll-bar': [ '2.3.8' ],
42 silly audit   'react-style-singleton': [ '2.2.3' ],
42 silly audit   'read-cache': [ '1.0.0' ],
42 silly audit   readdirp: [ '3.6.0' ],
42 silly audit   'reflect.getprototypeof': [ '1.0.9' ],
42 silly audit   'regexp.prototype.flags': [ '1.5.3' ],
42 silly audit   'resolve-from': [ '4.0.0' ],
42 silly audit   'resolve-pkg-maps': [ '1.0.0' ],
42 silly audit   reusify: [ '1.0.4' ],
42 silly audit   rimraf: [ '3.0.2' ],
42 silly audit   'run-parallel': [ '1.2.0' ],
42 silly audit   'safe-array-concat': [ '1.1.3' ],
42 silly audit   'safe-push-apply': [ '1.0.0' ],
42 silly audit   'safe-regex-test': [ '1.1.0' ],
42 silly audit   scheduler: [ '0.23.2' ],
42 silly audit   'set-function-length': [ '1.2.2' ],
42 silly audit   'set-function-name': [ '2.0.2' ],
42 silly audit   sharp: [ '0.33.5' ],
42 silly audit   'shebang-command': [ '2.0.0' ],
42 silly audit   'shebang-regex': [ '3.0.0' ],
42 silly audit   'side-channel': [ '1.1.0' ],
42 silly audit   'side-channel-list': [ '1.0.0' ],
42 silly audit   'side-channel-map': [ '1.0.1' ],
42 silly audit   'side-channel-weakmap': [ '1.0.2' ],
42 silly audit   'signal-exit': [ '4.1.0' ],
42 silly audit   'simple-swizzle': [ '0.2.2' ],
42 silly audit   'source-map-js': [ '1.2.1' ],
42 silly audit   'stable-hash': [ '0.0.4' ],
42 silly audit   streamsearch: [ '1.1.0' ],
42 silly audit   'string-width': [ '5.1.2', '4.2.3' ],
42 silly audit   'string.prototype.includes': [ '2.0.1' ],
42 silly audit   'string.prototype.matchall': [ '4.0.12' ],
42 silly audit   'string.prototype.repeat': [ '1.0.0' ],
42 silly audit   'string.prototype.trim': [ '1.2.10' ],
42 silly audit   'string.prototype.trimend': [ '1.0.9' ],
42 silly audit   'string.prototype.trimstart': [ '1.0.8' ],
42 silly audit   'strip-bom': [ '3.0.0' ],
42 silly audit   'strip-json-comments': [ '3.1.1' ],
42 silly audit   'styled-jsx': [ '5.1.6' ],
42 silly audit   sucrase: [ '3.35.0' ],
42 silly audit   'supports-color': [ '7.2.0' ],
42 silly audit   'supports-preserve-symlinks-flag': [ '1.0.0' ],
42 silly audit   'tailwind-merge': [ '2.6.0' ],
42 silly audit   tailwindcss: [ '3.4.17' ],
42 silly audit   'tailwindcss-animate': [ '1.0.7' ],
42 silly audit   tapable: [ '2.2.1' ],
42 silly audit   'text-table': [ '0.2.0' ],
42 silly audit   thenify: [ '3.3.1' ],
42 silly audit   'thenify-all': [ '1.6.0' ],
42 silly audit   'to-regex-range': [ '5.0.1' ],
42 silly audit   'ts-api-utils': [ '1.4.3' ],
42 silly audit   'ts-interface-checker': [ '0.1.13' ],
42 silly audit   'tsconfig-paths': [ '3.15.0' ],
42 silly audit   tslib: [ '2.8.1' ],
42 silly audit   'type-check': [ '0.4.0' ],
42 silly audit   'type-fest': [ '0.20.2' ],
42 silly audit   'typed-array-buffer': [ '1.0.3' ],
42 silly audit   'typed-array-byte-length': [ '1.0.3' ],
42 silly audit   'typed-array-byte-offset': [ '1.0.4' ],
42 silly audit   'typed-array-length': [ '1.0.7' ],
42 silly audit   typescript: [ '5.7.2' ],
42 silly audit   'unbox-primitive': [ '1.1.0' ],
42 silly audit   'undici-types': [ '6.19.8' ],
42 silly audit   'uri-js': [ '4.4.1' ],
42 silly audit   'use-callback-ref': [ '1.3.3' ],
42 silly audit   'use-sidecar': [ '1.1.3' ],
42 silly audit   'util-deprecate': [ '1.0.2' ],
42 silly audit   which: [ '2.0.2' ],
42 silly audit   'which-boxed-primitive': [ '1.1.1' ],
42 silly audit   'which-builtin-type': [ '1.2.1' ],
42 silly audit   'which-collection': [ '1.0.2' ],
42 silly audit   'which-typed-array': [ '1.1.18' ],
42 silly audit   'word-wrap': [ '1.2.5' ],
42 silly audit   'wrap-ansi': [ '8.1.0', '7.0.0' ],
42 silly audit   wrappy: [ '1.0.2' ],
42 silly audit   yaml: [ '2.6.1' ],
42 silly audit   'yocto-queue': [ '0.1.0' ],
42 silly audit   '@radix-ui/react-checkbox': [ '1.1.3' ],
42 silly audit   '@radix-ui/react-label': [ '2.1.1' ]
42 silly audit }
43 verbose reify failed optional dependency C:\Users\saadr\Desktop\Music_Website\nagham-ai\node_modules\fsevents
44 silly reify mark deleted [
44 silly reify   'C:\\Users\\saadr\\Desktop\\Music_Website\\nagham-ai\\node_modules\\fsevents'
44 silly reify ]
45 verbose reify failed optional dependency C:\Users\saadr\Desktop\Music_Website\nagham-ai\node_modules\@next\swc-win32-arm64-msvc
46 silly reify mark deleted [
46 silly reify   'C:\\Users\\saadr\\Desktop\\Music_Website\\nagham-ai\\node_modules\\@next\\swc-win32-arm64-msvc'
46 silly reify ]
47 verbose reify failed optional dependency C:\Users\saadr\Desktop\Music_Website\nagham-ai\node_modules\@next\swc-linux-x64-musl
48 silly reify mark deleted [
48 silly reify   'C:\\Users\\saadr\\Desktop\\Music_Website\\nagham-ai\\node_modules\\@next\\swc-linux-x64-musl'
48 silly reify ]
49 verbose reify failed optional dependency C:\Users\saadr\Desktop\Music_Website\nagham-ai\node_modules\@next\swc-linux-x64-gnu
50 silly reify mark deleted [
50 silly reify   'C:\\Users\\saadr\\Desktop\\Music_Website\\nagham-ai\\node_modules\\@next\\swc-linux-x64-gnu'
50 silly reify ]
51 verbose reify failed optional dependency C:\Users\saadr\Desktop\Music_Website\nagham-ai\node_modules\@next\swc-linux-arm64-musl
52 silly reify mark deleted [
52 silly reify   'C:\\Users\\saadr\\Desktop\\Music_Website\\nagham-ai\\node_modules\\@next\\swc-linux-arm64-musl'
52 silly reify ]
53 verbose reify failed optional dependency C:\Users\saadr\Desktop\Music_Website\nagham-ai\node_modules\@next\swc-linux-arm64-gnu
54 silly reify mark deleted [
54 silly reify   'C:\\Users\\saadr\\Desktop\\Music_Website\\nagham-ai\\node_modules\\@next\\swc-linux-arm64-gnu'
54 silly reify ]
55 verbose reify failed optional dependency C:\Users\saadr\Desktop\Music_Website\nagham-ai\node_modules\@next\swc-darwin-x64
56 silly reify mark deleted [
56 silly reify   'C:\\Users\\saadr\\Desktop\\Music_Website\\nagham-ai\\node_modules\\@next\\swc-darwin-x64'
56 silly reify ]
57 verbose reify failed optional dependency C:\Users\saadr\Desktop\Music_Website\nagham-ai\node_modules\@next\swc-darwin-arm64
58 silly reify mark deleted [
58 silly reify   'C:\\Users\\saadr\\Desktop\\Music_Website\\nagham-ai\\node_modules\\@next\\swc-darwin-arm64'
58 silly reify ]
59 verbose reify failed optional dependency C:\Users\saadr\Desktop\Music_Website\nagham-ai\node_modules\@img\sharp-win32-ia32
60 silly reify mark deleted [
60 silly reify   'C:\\Users\\saadr\\Desktop\\Music_Website\\nagham-ai\\node_modules\\@img\\sharp-win32-ia32'
60 silly reify ]
61 verbose reify failed optional dependency C:\Users\saadr\Desktop\Music_Website\nagham-ai\node_modules\@img\sharp-wasm32
62 silly reify mark deleted [
62 silly reify   'C:\\Users\\saadr\\Desktop\\Music_Website\\nagham-ai\\node_modules\\@img\\sharp-wasm32'
62 silly reify ]
63 verbose reify failed optional dependency C:\Users\saadr\Desktop\Music_Website\nagham-ai\node_modules\@emnapi\runtime
64 silly reify mark deleted [
64 silly reify   'C:\\Users\\saadr\\Desktop\\Music_Website\\nagham-ai\\node_modules\\@emnapi\\runtime'
64 silly reify ]
65 verbose reify failed optional dependency C:\Users\saadr\Desktop\Music_Website\nagham-ai\node_modules\@img\sharp-linuxmusl-x64
66 silly reify mark deleted [
66 silly reify   'C:\\Users\\saadr\\Desktop\\Music_Website\\nagham-ai\\node_modules\\@img\\sharp-linuxmusl-x64'
66 silly reify ]
67 verbose reify failed optional dependency C:\Users\saadr\Desktop\Music_Website\nagham-ai\node_modules\@img\sharp-linuxmusl-arm64
68 silly reify mark deleted [
68 silly reify   'C:\\Users\\saadr\\Desktop\\Music_Website\\nagham-ai\\node_modules\\@img\\sharp-linuxmusl-arm64'
68 silly reify ]
69 verbose reify failed optional dependency C:\Users\saadr\Desktop\Music_Website\nagham-ai\node_modules\@img\sharp-linux-x64
70 silly reify mark deleted [
70 silly reify   'C:\\Users\\saadr\\Desktop\\Music_Website\\nagham-ai\\node_modules\\@img\\sharp-linux-x64'
70 silly reify ]
71 verbose reify failed optional dependency C:\Users\saadr\Desktop\Music_Website\nagham-ai\node_modules\@img\sharp-linux-s390x
72 silly reify mark deleted [
72 silly reify   'C:\\Users\\saadr\\Desktop\\Music_Website\\nagham-ai\\node_modules\\@img\\sharp-linux-s390x'
72 silly reify ]
73 verbose reify failed optional dependency C:\Users\saadr\Desktop\Music_Website\nagham-ai\node_modules\@img\sharp-linux-arm64
74 silly reify mark deleted [
74 silly reify   'C:\\Users\\saadr\\Desktop\\Music_Website\\nagham-ai\\node_modules\\@img\\sharp-linux-arm64'
74 silly reify ]
75 verbose reify failed optional dependency C:\Users\saadr\Desktop\Music_Website\nagham-ai\node_modules\@img\sharp-linux-arm
76 silly reify mark deleted [
76 silly reify   'C:\\Users\\saadr\\Desktop\\Music_Website\\nagham-ai\\node_modules\\@img\\sharp-linux-arm'
76 silly reify ]
77 verbose reify failed optional dependency C:\Users\saadr\Desktop\Music_Website\nagham-ai\node_modules\@img\sharp-libvips-linuxmusl-x64
78 silly reify mark deleted [
78 silly reify   'C:\\Users\\saadr\\Desktop\\Music_Website\\nagham-ai\\node_modules\\@img\\sharp-libvips-linuxmusl-x64'
78 silly reify ]
79 verbose reify failed optional dependency C:\Users\saadr\Desktop\Music_Website\nagham-ai\node_modules\@img\sharp-libvips-linuxmusl-arm64
80 silly reify mark deleted [
80 silly reify   'C:\\Users\\saadr\\Desktop\\Music_Website\\nagham-ai\\node_modules\\@img\\sharp-libvips-linuxmusl-arm64'
80 silly reify ]
81 verbose reify failed optional dependency C:\Users\saadr\Desktop\Music_Website\nagham-ai\node_modules\@img\sharp-libvips-linux-x64
82 silly reify mark deleted [
82 silly reify   'C:\\Users\\saadr\\Desktop\\Music_Website\\nagham-ai\\node_modules\\@img\\sharp-libvips-linux-x64'
82 silly reify ]
83 verbose reify failed optional dependency C:\Users\saadr\Desktop\Music_Website\nagham-ai\node_modules\@img\sharp-libvips-linux-s390x
84 silly reify mark deleted [
84 silly reify   'C:\\Users\\saadr\\Desktop\\Music_Website\\nagham-ai\\node_modules\\@img\\sharp-libvips-linux-s390x'
84 silly reify ]
85 verbose reify failed optional dependency C:\Users\saadr\Desktop\Music_Website\nagham-ai\node_modules\@img\sharp-libvips-linux-arm64
86 silly reify mark deleted [
86 silly reify   'C:\\Users\\saadr\\Desktop\\Music_Website\\nagham-ai\\node_modules\\@img\\sharp-libvips-linux-arm64'
86 silly reify ]
87 verbose reify failed optional dependency C:\Users\saadr\Desktop\Music_Website\nagham-ai\node_modules\@img\sharp-libvips-linux-arm
88 silly reify mark deleted [
88 silly reify   'C:\\Users\\saadr\\Desktop\\Music_Website\\nagham-ai\\node_modules\\@img\\sharp-libvips-linux-arm'
88 silly reify ]
89 verbose reify failed optional dependency C:\Users\saadr\Desktop\Music_Website\nagham-ai\node_modules\@img\sharp-libvips-darwin-x64
90 silly reify mark deleted [
90 silly reify   'C:\\Users\\saadr\\Desktop\\Music_Website\\nagham-ai\\node_modules\\@img\\sharp-libvips-darwin-x64'
90 silly reify ]
91 verbose reify failed optional dependency C:\Users\saadr\Desktop\Music_Website\nagham-ai\node_modules\@img\sharp-libvips-darwin-arm64
92 silly reify mark deleted [
92 silly reify   'C:\\Users\\saadr\\Desktop\\Music_Website\\nagham-ai\\node_modules\\@img\\sharp-libvips-darwin-arm64'
92 silly reify ]
93 verbose reify failed optional dependency C:\Users\saadr\Desktop\Music_Website\nagham-ai\node_modules\@img\sharp-darwin-x64
94 silly reify mark deleted [
94 silly reify   'C:\\Users\\saadr\\Desktop\\Music_Website\\nagham-ai\\node_modules\\@img\\sharp-darwin-x64'
94 silly reify ]
95 verbose reify failed optional dependency C:\Users\saadr\Desktop\Music_Website\nagham-ai\node_modules\@img\sharp-darwin-arm64
96 silly reify mark deleted [
96 silly reify   'C:\\Users\\saadr\\Desktop\\Music_Website\\nagham-ai\\node_modules\\@img\\sharp-darwin-arm64'
96 silly reify ]
97 silly tarball no local data for @radix-ui/react-checkbox@https://registry.npmjs.org/@radix-ui/react-checkbox/-/react-checkbox-1.1.3.tgz. Extracting by manifest.
98 http fetch POST 200 https://registry.npmjs.org/-/npm/v1/security/advisories/bulk 472ms
99 silly audit report {}
100 http fetch GET 200 https://registry.npmjs.org/@radix-ui/react-checkbox/-/react-checkbox-1.1.3.tgz 1032ms (cache miss)
101 silly ADD node_modules/@radix-ui/react-checkbox
102 silly ADD
103 silly ADD
104 silly ADD
105 silly ADD
106 silly ADD
107 silly ADD
108 silly ADD
109 silly ADD
110 silly ADD
111 silly ADD
112 silly ADD
113 silly ADD
114 silly ADD
115 silly ADD
116 silly ADD
117 silly ADD
118 silly ADD
119 silly ADD
120 silly ADD
121 silly ADD
122 silly ADD
123 silly ADD
124 silly ADD
125 silly ADD
126 silly ADD
127 silly ADD
128 silly ADD
129 verbose cwd C:\Users\saadr\Desktop\Music_Website\nagham-ai
130 verbose os Windows_NT 10.0.22631
131 verbose node v18.20.5
132 verbose npm  v10.8.2
133 verbose exit 0
134 info ok
