0 verbose cli C:\Program Files\nodejs\node.exe C:\Program Files\nodejs\node_modules\npm\bin\npm-cli.js
1 info using npm@10.8.2
2 info using node@v18.20.5
3 silly config load:file:C:\Program Files\nodejs\node_modules\npm\npmrc
4 silly config load:file:C:\Users\saadr\Desktop\Music_Website\nagham-ai\.npmrc
5 silly config load:file:C:\Users\saadr\.npmrc
6 silly config load:file:C:\Users\saadr\AppData\Roaming\npm\etc\npmrc
7 verbose title npm install @radix-ui/react-slot @radix-ui/react-select @radix-ui/react-slider @radix-ui/react-tabs @radix-ui/react-switch
8 verbose argv "install" "@radix-ui/react-slot" "@radix-ui/react-select" "@radix-ui/react-slider" "@radix-ui/react-tabs" "@radix-ui/react-switch"
9 verbose logfile logs-max:10 dir:C:\Users\saadr\Desktop\Music_Website\nagham-ai\%APPDATA%\npm-cache\_logs\2025-01-11T15_57_42_024Z-
10 verbose logfile C:\Users\saadr\Desktop\Music_Website\nagham-ai\%APPDATA%\npm-cache\_logs\2025-01-11T15_57_42_024Z-debug-0.log
11 silly packumentCache heap:4345298944 maxSize:1086324736 maxEntrySize:543162368
12 silly logfile start cleaning logs, removing 1 files
13 silly logfile done cleaning log files
14 silly idealTree buildDeps
15 silly fetch manifest @radix-ui/react-select@^2.1.4
16 silly packumentCache full:https://registry.npmjs.org/@radix-ui%2freact-select cache-miss
17 http fetch GET 200 https://registry.npmjs.org/@radix-ui%2freact-select 3518ms (cache updated)
18 silly packumentCache full:https://registry.npmjs.org/@radix-ui%2freact-select set size:undefined disposed:false
19 silly fetch manifest @types/react@^18
20 silly packumentCache full:https://registry.npmjs.org/@types%2freact cache-miss
21 http fetch GET 200 https://registry.npmjs.org/@types%2freact 776ms (cache updated)
22 silly packumentCache full:https://registry.npmjs.org/@types%2freact set size:undefined disposed:false
23 silly fetch manifest @types/react-dom@^18
24 silly packumentCache full:https://registry.npmjs.org/@types%2freact-dom cache-miss
25 http fetch GET 200 https://registry.npmjs.org/@types%2freact-dom 159ms (cache updated)
26 silly packumentCache full:https://registry.npmjs.org/@types%2freact-dom set size:undefined disposed:false
27 silly fetch manifest react@^18.2.0
28 silly packumentCache full:https://registry.npmjs.org/react cache-miss
29 http fetch GET 200 https://registry.npmjs.org/react 783ms (cache updated)
30 silly packumentCache full:https://registry.npmjs.org/react set size:undefined disposed:false
31 silly fetch manifest react-dom@^18.2.0
32 silly packumentCache full:https://registry.npmjs.org/react-dom cache-miss
33 http fetch GET 200 https://registry.npmjs.org/react-dom 820ms (cache updated)
34 silly packumentCache full:https://registry.npmjs.org/react-dom set size:undefined disposed:false
35 silly fetch manifest @radix-ui/react-slider@^1.2.2
36 silly packumentCache full:https://registry.npmjs.org/@radix-ui%2freact-slider cache-miss
37 http fetch GET 200 https://registry.npmjs.org/@radix-ui%2freact-slider 2830ms (cache updated)
38 silly packumentCache full:https://registry.npmjs.org/@radix-ui%2freact-slider set size:undefined disposed:false
39 silly fetch manifest @radix-ui/react-slot@^1.1.1
40 silly packumentCache full:https://registry.npmjs.org/@radix-ui%2freact-slot cache-miss
41 http fetch GET 200 https://registry.npmjs.org/@radix-ui%2freact-slot 1087ms (cache updated)
42 silly packumentCache full:https://registry.npmjs.org/@radix-ui%2freact-slot set size:undefined disposed:false
43 silly fetch manifest @radix-ui/react-tabs@*
44 silly packumentCache full:https://registry.npmjs.org/@radix-ui%2freact-tabs cache-miss
45 http fetch GET 200 https://registry.npmjs.org/@radix-ui%2freact-tabs 2698ms (cache miss)
46 silly packumentCache full:https://registry.npmjs.org/@radix-ui%2freact-tabs set size:undefined disposed:false
47 silly fetch manifest @radix-ui/react-switch@*
48 silly packumentCache full:https://registry.npmjs.org/@radix-ui%2freact-switch cache-miss
49 http fetch GET 200 https://registry.npmjs.org/@radix-ui%2freact-switch 1116ms (cache miss)
50 silly packumentCache full:https://registry.npmjs.org/@radix-ui%2freact-switch set size:undefined disposed:false
51 silly placeDep ROOT @radix-ui/react-select@2.1.4 REPLACE for: nagham-ai@0.1.0 want: ^2.1.4
52 silly placeDep ROOT @radix-ui/react-slider@1.2.2 REPLACE for: nagham-ai@0.1.0 want: ^1.2.2
53 silly placeDep ROOT @radix-ui/react-slot@1.1.1 REPLACE for: nagham-ai@0.1.0 want: ^1.1.1
54 silly placeDep ROOT @radix-ui/react-switch@1.1.2 OK for: nagham-ai@0.1.0 want: *
55 silly placeDep ROOT @radix-ui/react-tabs@1.1.2 OK for: nagham-ai@0.1.0 want: *
56 silly fetch manifest @radix-ui/react-presence@1.1.2
57 silly packumentCache full:https://registry.npmjs.org/@radix-ui%2freact-presence cache-miss
58 silly fetch manifest @radix-ui/react-roving-focus@1.1.1
59 silly packumentCache full:https://registry.npmjs.org/@radix-ui%2freact-roving-focus cache-miss
60 http fetch GET 200 https://registry.npmjs.org/@radix-ui%2freact-presence 1221ms (cache miss)
61 silly packumentCache full:https://registry.npmjs.org/@radix-ui%2freact-presence set size:undefined disposed:false
62 http fetch GET 200 https://registry.npmjs.org/@radix-ui%2freact-roving-focus 1416ms (cache miss)
63 silly packumentCache full:https://registry.npmjs.org/@radix-ui%2freact-roving-focus set size:undefined disposed:false
64 silly fetch manifest @types/react@*
65 silly packumentCache full:https://registry.npmjs.org/@types%2freact cache-miss
66 http fetch GET 200 https://registry.npmjs.org/@types%2freact 17ms (cache hit)
67 silly packumentCache full:https://registry.npmjs.org/@types%2freact set size:2273317 disposed:false
68 silly fetch manifest @types/react-dom@*
69 silly packumentCache full:https://registry.npmjs.org/@types%2freact-dom cache-miss
70 http fetch GET 200 https://registry.npmjs.org/@types%2freact-dom 16ms (cache hit)
71 silly packumentCache full:https://registry.npmjs.org/@types%2freact-dom set size:372302 disposed:false
72 silly fetch manifest react@^16.8 || ^17.0 || ^18.0 || ^19.0 || ^19.0.0-rc
73 silly packumentCache full:https://registry.npmjs.org/react cache-miss
74 http fetch GET 200 https://registry.npmjs.org/react 21ms (cache hit)
75 silly packumentCache full:https://registry.npmjs.org/react set size:5329688 disposed:false
76 silly fetch manifest react-dom@^16.8 || ^17.0 || ^18.0 || ^19.0 || ^19.0.0-rc
77 silly packumentCache full:https://registry.npmjs.org/react-dom cache-miss
78 http fetch GET 200 https://registry.npmjs.org/react-dom 28ms (cache hit)
79 silly packumentCache full:https://registry.npmjs.org/react-dom set size:6609061 disposed:false
80 silly placeDep ROOT @radix-ui/react-presence@1.1.2 OK for: @radix-ui/react-tabs@1.1.2 want: 1.1.2
81 silly placeDep ROOT @radix-ui/react-roving-focus@1.1.1 OK for: @radix-ui/react-tabs@1.1.2 want: 1.1.1
82 silly reify moves {}
83 silly audit bulk request {
83 silly audit   '@alloc/quick-lru': [ '5.2.0' ],
83 silly audit   '@emnapi/runtime': [ '1.3.1' ],
83 silly audit   '@eslint-community/eslint-utils': [ '4.4.1' ],
83 silly audit   '@eslint-community/regexpp': [ '4.12.1' ],
83 silly audit   '@eslint/eslintrc': [ '2.1.4' ],
83 silly audit   '@eslint/js': [ '8.57.1' ],
83 silly audit   '@floating-ui/core': [ '1.6.9' ],
83 silly audit   '@floating-ui/dom': [ '1.6.13' ],
83 silly audit   '@floating-ui/react-dom': [ '2.1.2' ],
83 silly audit   '@floating-ui/utils': [ '0.2.9' ],
83 silly audit   '@humanwhocodes/config-array': [ '0.13.0' ],
83 silly audit   '@humanwhocodes/module-importer': [ '1.0.1' ],
83 silly audit   '@humanwhocodes/object-schema': [ '2.0.3' ],
83 silly audit   '@img/sharp-darwin-arm64': [ '0.33.5' ],
83 silly audit   '@img/sharp-darwin-x64': [ '0.33.5' ],
83 silly audit   '@img/sharp-libvips-darwin-arm64': [ '1.0.4' ],
83 silly audit   '@img/sharp-libvips-darwin-x64': [ '1.0.4' ],
83 silly audit   '@img/sharp-libvips-linux-arm': [ '1.0.5' ],
83 silly audit   '@img/sharp-libvips-linux-arm64': [ '1.0.4' ],
83 silly audit   '@img/sharp-libvips-linux-s390x': [ '1.0.4' ],
83 silly audit   '@img/sharp-libvips-linux-x64': [ '1.0.4' ],
83 silly audit   '@img/sharp-libvips-linuxmusl-arm64': [ '1.0.4' ],
83 silly audit   '@img/sharp-libvips-linuxmusl-x64': [ '1.0.4' ],
83 silly audit   '@img/sharp-linux-arm': [ '0.33.5' ],
83 silly audit   '@img/sharp-linux-arm64': [ '0.33.5' ],
83 silly audit   '@img/sharp-linux-s390x': [ '0.33.5' ],
83 silly audit   '@img/sharp-linux-x64': [ '0.33.5' ],
83 silly audit   '@img/sharp-linuxmusl-arm64': [ '0.33.5' ],
83 silly audit   '@img/sharp-linuxmusl-x64': [ '0.33.5' ],
83 silly audit   '@img/sharp-wasm32': [ '0.33.5' ],
83 silly audit   '@img/sharp-win32-ia32': [ '0.33.5' ],
83 silly audit   '@img/sharp-win32-x64': [ '0.33.5' ],
83 silly audit   '@isaacs/cliui': [ '8.0.2' ],
83 silly audit   'ansi-regex': [ '6.1.0', '5.0.1' ],
83 silly audit   'strip-ansi': [ '7.1.0', '6.0.1' ],
83 silly audit   '@jridgewell/gen-mapping': [ '0.3.8' ],
83 silly audit   '@jridgewell/resolve-uri': [ '3.1.2' ],
83 silly audit   '@jridgewell/set-array': [ '1.2.1' ],
83 silly audit   '@jridgewell/sourcemap-codec': [ '1.5.0' ],
83 silly audit   '@jridgewell/trace-mapping': [ '0.3.25' ],
83 silly audit   '@next/env': [ '15.1.3' ],
83 silly audit   '@next/eslint-plugin-next': [ '15.1.3' ],
83 silly audit   '@next/swc-darwin-arm64': [ '15.1.3' ],
83 silly audit   '@next/swc-darwin-x64': [ '15.1.3' ],
83 silly audit   '@next/swc-linux-arm64-gnu': [ '15.1.3' ],
83 silly audit   '@next/swc-linux-arm64-musl': [ '15.1.3' ],
83 silly audit   '@next/swc-linux-x64-gnu': [ '15.1.3' ],
83 silly audit   '@next/swc-linux-x64-musl': [ '15.1.3' ],
83 silly audit   '@next/swc-win32-arm64-msvc': [ '15.1.3' ],
83 silly audit   '@next/swc-win32-x64-msvc': [ '15.1.3' ],
83 silly audit   '@nodelib/fs.scandir': [ '2.1.5' ],
83 silly audit   '@nodelib/fs.stat': [ '2.0.5' ],
83 silly audit   '@nodelib/fs.walk': [ '1.2.8' ],
83 silly audit   '@nolyfill/is-core-module': [ '1.0.39' ],
83 silly audit   '@pkgjs/parseargs': [ '0.11.0' ],
83 silly audit   '@radix-ui/number': [ '1.1.0' ],
83 silly audit   '@radix-ui/primitive': [ '1.1.1' ],
83 silly audit   '@radix-ui/react-arrow': [ '1.1.1' ],
83 silly audit   '@radix-ui/react-collection': [ '1.1.1' ],
83 silly audit   '@radix-ui/react-compose-refs': [ '1.1.1' ],
83 silly audit   '@radix-ui/react-context': [ '1.1.1' ],
83 silly audit   '@radix-ui/react-direction': [ '1.1.0' ],
83 silly audit   '@radix-ui/react-dismissable-layer': [ '1.1.3' ],
83 silly audit   '@radix-ui/react-focus-guards': [ '1.1.1' ],
83 silly audit   '@radix-ui/react-focus-scope': [ '1.1.1' ],
83 silly audit   '@radix-ui/react-id': [ '1.1.0' ],
83 silly audit   '@radix-ui/react-popper': [ '1.2.1' ],
83 silly audit   '@radix-ui/react-portal': [ '1.1.3' ],
83 silly audit   '@radix-ui/react-primitive': [ '2.0.1' ],
83 silly audit   '@radix-ui/react-use-callback-ref': [ '1.1.0' ],
83 silly audit   '@radix-ui/react-use-controllable-state': [ '1.1.0' ],
83 silly audit   '@radix-ui/react-use-escape-keydown': [ '1.1.0' ],
83 silly audit   '@radix-ui/react-use-layout-effect': [ '1.1.0' ],
83 silly audit   '@radix-ui/react-use-previous': [ '1.1.0' ],
83 silly audit   '@radix-ui/react-use-rect': [ '1.1.0' ],
83 silly audit   '@radix-ui/react-use-size': [ '1.1.0' ],
83 silly audit   '@radix-ui/react-visually-hidden': [ '1.1.1' ],
83 silly audit   '@radix-ui/rect': [ '1.1.0' ],
83 silly audit   '@rtsao/scc': [ '1.1.0' ],
83 silly audit   '@rushstack/eslint-patch': [ '1.10.4' ],
83 silly audit   '@swc/counter': [ '0.1.3' ],
83 silly audit   '@swc/helpers': [ '0.5.15' ],
83 silly audit   '@types/json5': [ '0.0.29' ],
83 silly audit   '@types/node': [ '20.17.10' ],
83 silly audit   '@types/prop-types': [ '15.7.14' ],
83 silly audit   '@types/react': [ '18.3.18' ],
83 silly audit   '@types/react-dom': [ '18.3.5' ],
83 silly audit   '@typescript-eslint/eslint-plugin': [ '8.18.2' ],
83 silly audit   '@typescript-eslint/parser': [ '8.18.2' ],
83 silly audit   '@typescript-eslint/scope-manager': [ '8.18.2' ],
83 silly audit   '@typescript-eslint/type-utils': [ '8.18.2' ],
83 silly audit   '@typescript-eslint/types': [ '8.18.2' ],
83 silly audit   '@typescript-eslint/typescript-estree': [ '8.18.2' ],
83 silly audit   'brace-expansion': [ '2.0.1', '1.1.11' ],
83 silly audit   'fast-glob': [ '3.3.2', '3.3.1' ],
83 silly audit   'glob-parent': [ '5.1.2', '6.0.2' ],
83 silly audit   minimatch: [ '9.0.5', '3.1.2' ],
83 silly audit   '@typescript-eslint/utils': [ '8.18.2' ],
83 silly audit   '@typescript-eslint/visitor-keys': [ '8.18.2' ],
83 silly audit   'eslint-visitor-keys': [ '4.2.0', '3.4.3' ],
83 silly audit   '@ungap/structured-clone': [ '1.2.1' ],
83 silly audit   acorn: [ '8.14.0' ],
83 silly audit   'acorn-jsx': [ '5.3.2' ],
83 silly audit   ajv: [ '6.12.6' ],
83 silly audit   'ansi-styles': [ '4.3.0', '6.2.1' ],
83 silly audit   'any-promise': [ '1.3.0' ],
83 silly audit   anymatch: [ '3.1.3' ],
83 silly audit   arg: [ '5.0.2' ],
83 silly audit   argparse: [ '2.0.1' ],
83 silly audit   'aria-hidden': [ '1.2.4' ],
83 silly audit   'aria-query': [ '5.3.2' ],
83 silly audit   'array-buffer-byte-length': [ '1.0.2' ],
83 silly audit   'array-includes': [ '3.1.8' ],
83 silly audit   'array.prototype.findlast': [ '1.2.5' ],
83 silly audit   'array.prototype.findlastindex': [ '1.2.5' ],
83 silly audit   'array.prototype.flat': [ '1.3.3' ],
83 silly audit   'array.prototype.flatmap': [ '1.3.3' ],
83 silly audit   'array.prototype.tosorted': [ '1.1.4' ],
83 silly audit   'arraybuffer.prototype.slice': [ '1.0.4' ],
83 silly audit   'ast-types-flow': [ '0.0.8' ],
83 silly audit   'available-typed-arrays': [ '1.0.7' ],
83 silly audit   'axe-core': [ '4.10.2' ],
83 silly audit   'axobject-query': [ '4.1.0' ],
83 silly audit   'balanced-match': [ '1.0.2' ],
83 silly audit   'binary-extensions': [ '2.3.0' ],
83 silly audit   braces: [ '3.0.3' ],
83 silly audit   busboy: [ '1.6.0' ],
83 silly audit   'call-bind': [ '1.0.8' ],
83 silly audit   'call-bind-apply-helpers': [ '1.0.1' ],
83 silly audit   'call-bound': [ '1.0.3' ],
83 silly audit   callsites: [ '3.1.0' ],
83 silly audit   'camelcase-css': [ '2.0.1' ],
83 silly audit   'caniuse-lite': [ '1.0.30001690' ],
83 silly audit   chalk: [ '4.1.2' ],
83 silly audit   chokidar: [ '3.6.0' ],
83 silly audit   'class-variance-authority': [ '0.7.1' ],
83 silly audit   'client-only': [ '0.0.1' ],
83 silly audit   clsx: [ '2.1.1' ],
83 silly audit   color: [ '4.2.3' ],
83 silly audit   'color-convert': [ '2.0.1' ],
83 silly audit   'color-name': [ '1.1.4' ],
83 silly audit   'color-string': [ '1.9.1' ],
83 silly audit   commander: [ '4.1.1' ],
83 silly audit   'concat-map': [ '0.0.1' ],
83 silly audit   'cross-spawn': [ '7.0.6' ],
83 silly audit   cssesc: [ '3.0.0' ],
83 silly audit   csstype: [ '3.1.3' ],
83 silly audit   'damerau-levenshtein': [ '1.0.8' ],
83 silly audit   'data-view-buffer': [ '1.0.2' ],
83 silly audit   'data-view-byte-length': [ '1.0.2' ],
83 silly audit   'data-view-byte-offset': [ '1.0.1' ],
83 silly audit   debug: [ '4.4.0', '3.2.7' ],
83 silly audit   'deep-is': [ '0.1.4' ],
83 silly audit   'define-data-property': [ '1.1.4' ],
83 silly audit   'define-properties': [ '1.2.1' ],
83 silly audit   'detect-libc': [ '2.0.3' ],
83 silly audit   'detect-node-es': [ '1.1.0' ],
83 silly audit   didyoumean: [ '1.2.2' ],
83 silly audit   dlv: [ '1.1.3' ],
83 silly audit   doctrine: [ '3.0.0', '2.1.0' ],
83 silly audit   'dunder-proto': [ '1.0.1' ],
83 silly audit   eastasianwidth: [ '0.2.0' ],
83 silly audit   'emoji-regex': [ '9.2.2', '8.0.0' ],
83 silly audit   'enhanced-resolve': [ '5.18.0' ],
83 silly audit   'es-abstract': [ '1.23.8' ],
83 silly audit   'es-define-property': [ '1.0.1' ],
83 silly audit   'es-errors': [ '1.3.0' ],
83 silly audit   'es-iterator-helpers': [ '1.2.1' ],
83 silly audit   'es-object-atoms': [ '1.0.0' ],
83 silly audit   'es-set-tostringtag': [ '2.0.3' ],
83 silly audit   'es-shim-unscopables': [ '1.0.2' ],
83 silly audit   'es-to-primitive': [ '1.3.0' ],
83 silly audit   'escape-string-regexp': [ '4.0.0' ],
83 silly audit   eslint: [ '8.57.1' ],
83 silly audit   'eslint-config-next': [ '15.1.3' ],
83 silly audit   'eslint-import-resolver-node': [ '0.3.9' ],
83 silly audit   'eslint-import-resolver-typescript': [ '3.7.0' ],
83 silly audit   'eslint-module-utils': [ '2.12.0' ],
83 silly audit   'eslint-plugin-import': [ '2.31.0' ],
83 silly audit   semver: [ '6.3.1', '7.6.3' ],
83 silly audit   'eslint-plugin-jsx-a11y': [ '6.10.2' ],
83 silly audit   'eslint-plugin-react': [ '7.37.3' ],
83 silly audit   'eslint-plugin-react-hooks': [ '5.1.0' ],
83 silly audit   resolve: [ '2.0.0-next.5', '1.22.10' ],
83 silly audit   'eslint-scope': [ '7.2.2' ],
83 silly audit   espree: [ '9.6.1' ],
83 silly audit   esquery: [ '1.6.0' ],
83 silly audit   esrecurse: [ '4.3.0' ],
83 silly audit   estraverse: [ '5.3.0' ],
83 silly audit   esutils: [ '2.0.3' ],
83 silly audit   'fast-deep-equal': [ '3.1.3' ],
83 silly audit   'fast-json-stable-stringify': [ '2.1.0' ],
83 silly audit   'fast-levenshtein': [ '2.0.6' ],
83 silly audit   fastq: [ '1.18.0' ],
83 silly audit   'file-entry-cache': [ '6.0.1' ],
83 silly audit   'fill-range': [ '7.1.1' ],
83 silly audit   'find-up': [ '5.0.0' ],
83 silly audit   'flat-cache': [ '3.2.0' ],
83 silly audit   flatted: [ '3.3.2' ],
83 silly audit   'for-each': [ '0.3.3' ],
83 silly audit   'foreground-child': [ '3.3.0' ],
83 silly audit   'framer-motion': [ '11.15.0' ],
83 silly audit   'fs.realpath': [ '1.0.0' ],
83 silly audit   fsevents: [ '2.3.3' ],
83 silly audit   'function-bind': [ '1.1.2' ],
83 silly audit   'function.prototype.name': [ '1.1.8' ],
83 silly audit   'functions-have-names': [ '1.2.3' ],
83 silly audit   'get-intrinsic': [ '1.2.6' ],
83 silly audit   'get-nonce': [ '1.0.1' ],
83 silly audit   'get-symbol-description': [ '1.1.0' ],
83 silly audit   'get-tsconfig': [ '4.8.1' ],
83 silly audit   glob: [ '7.2.3', '10.4.5' ],
83 silly audit   globals: [ '13.24.0' ],
83 silly audit   globalthis: [ '1.0.4' ],
83 silly audit   gopd: [ '1.2.0' ],
83 silly audit   'graceful-fs': [ '4.2.11' ],
83 silly audit   graphemer: [ '1.4.0' ],
83 silly audit   'has-bigints': [ '1.1.0' ],
83 silly audit   'has-flag': [ '4.0.0' ],
83 silly audit   'has-property-descriptors': [ '1.0.2' ],
83 silly audit   'has-proto': [ '1.2.0' ],
83 silly audit   'has-symbols': [ '1.1.0' ],
83 silly audit   'has-tostringtag': [ '1.0.2' ],
83 silly audit   hasown: [ '2.0.2' ],
83 silly audit   ignore: [ '5.3.2' ],
83 silly audit   'import-fresh': [ '3.3.0' ],
83 silly audit   imurmurhash: [ '0.1.4' ],
83 silly audit   inflight: [ '1.0.6' ],
83 silly audit   inherits: [ '2.0.4' ],
83 silly audit   'internal-slot': [ '1.1.0' ],
83 silly audit   'is-array-buffer': [ '3.0.5' ],
83 silly audit   'is-arrayish': [ '0.3.2' ],
83 silly audit   'is-async-function': [ '2.0.0' ],
83 silly audit   'is-bigint': [ '1.1.0' ],
83 silly audit   'is-binary-path': [ '2.1.0' ],
83 silly audit   'is-boolean-object': [ '1.2.1' ],
83 silly audit   'is-bun-module': [ '1.3.0' ],
83 silly audit   'is-callable': [ '1.2.7' ],
83 silly audit   'is-core-module': [ '2.16.1' ],
83 silly audit   'is-data-view': [ '1.0.2' ],
83 silly audit   'is-date-object': [ '1.1.0' ],
83 silly audit   'is-extglob': [ '2.1.1' ],
83 silly audit   'is-finalizationregistry': [ '1.1.1' ],
83 silly audit   'is-fullwidth-code-point': [ '3.0.0' ],
83 silly audit   'is-generator-function': [ '1.0.10' ],
83 silly audit   'is-glob': [ '4.0.3' ],
83 silly audit   'is-map': [ '2.0.3' ],
83 silly audit   'is-number': [ '7.0.0' ],
83 silly audit   'is-number-object': [ '1.1.1' ],
83 silly audit   'is-path-inside': [ '3.0.3' ],
83 silly audit   'is-regex': [ '1.2.1' ],
83 silly audit   'is-set': [ '2.0.3' ],
83 silly audit   'is-shared-array-buffer': [ '1.0.4' ],
83 silly audit   'is-string': [ '1.1.1' ],
83 silly audit   'is-symbol': [ '1.1.1' ],
83 silly audit   'is-typed-array': [ '1.1.15' ],
83 silly audit   'is-weakmap': [ '2.0.2' ],
83 silly audit   'is-weakref': [ '1.1.0' ],
83 silly audit   'is-weakset': [ '2.0.4' ],
83 silly audit   isarray: [ '2.0.5' ],
83 silly audit   isexe: [ '2.0.0' ],
83 silly audit   'iterator.prototype': [ '1.1.4' ],
83 silly audit   jackspeak: [ '3.4.3' ],
83 silly audit   jiti: [ '1.21.7' ],
83 silly audit   'js-tokens': [ '4.0.0' ],
83 silly audit   'js-yaml': [ '4.1.0' ],
83 silly audit   'json-buffer': [ '3.0.1' ],
83 silly audit   'json-schema-traverse': [ '0.4.1' ],
83 silly audit   'json-stable-stringify-without-jsonify': [ '1.0.1' ],
83 silly audit   json5: [ '1.0.2' ],
83 silly audit   'jsx-ast-utils': [ '3.3.5' ],
83 silly audit   keyv: [ '4.5.4' ],
83 silly audit   'language-subtag-registry': [ '0.3.23' ],
83 silly audit   'language-tags': [ '1.0.9' ],
83 silly audit   levn: [ '0.4.1' ],
83 silly audit   lilconfig: [ '3.1.3' ],
83 silly audit   'lines-and-columns': [ '1.2.4' ],
83 silly audit   'locate-path': [ '6.0.0' ],
83 silly audit   'lodash.merge': [ '4.6.2' ],
83 silly audit   'loose-envify': [ '1.4.0' ],
83 silly audit   'lru-cache': [ '10.4.3' ],
83 silly audit   'lucide-react': [ '0.469.0' ],
83 silly audit   'math-intrinsics': [ '1.1.0' ],
83 silly audit   merge2: [ '1.4.1' ],
83 silly audit   micromatch: [ '4.0.8' ],
83 silly audit   minimist: [ '1.2.8' ],
83 silly audit   minipass: [ '7.1.2' ],
83 silly audit   'motion-dom': [ '11.14.3' ],
83 silly audit   'motion-utils': [ '11.14.3' ],
83 silly audit   ms: [ '2.1.3' ],
83 silly audit   mz: [ '2.7.0' ],
83 silly audit   nanoid: [ '3.3.8' ],
83 silly audit   'natural-compare': [ '1.4.0' ],
83 silly audit   next: [ '15.1.3' ],
83 silly audit   postcss: [ '8.4.31', '8.4.49' ],
83 silly audit   'normalize-path': [ '3.0.0' ],
83 silly audit   'object-assign': [ '4.1.1' ],
83 silly audit   'object-hash': [ '3.0.0' ],
83 silly audit   'object-inspect': [ '1.13.3' ],
83 silly audit   'object-keys': [ '1.1.1' ],
83 silly audit   'object.assign': [ '4.1.7' ],
83 silly audit   'object.entries': [ '1.1.8' ],
83 silly audit   'object.fromentries': [ '2.0.8' ],
83 silly audit   'object.groupby': [ '1.0.3' ],
83 silly audit   'object.values': [ '1.2.1' ],
83 silly audit   once: [ '1.4.0' ],
83 silly audit   optionator: [ '0.9.4' ],
83 silly audit   'own-keys': [ '1.0.0' ],
83 silly audit   'p-limit': [ '3.1.0' ],
83 silly audit   'p-locate': [ '5.0.0' ],
83 silly audit   'package-json-from-dist': [ '1.0.1' ],
83 silly audit   'parent-module': [ '1.0.1' ],
83 silly audit   'path-exists': [ '4.0.0' ],
83 silly audit   'path-is-absolute': [ '1.0.1' ],
83 silly audit   'path-key': [ '3.1.1' ],
83 silly audit   'path-parse': [ '1.0.7' ],
83 silly audit   'path-scurry': [ '1.11.1' ],
83 silly audit   picocolors: [ '1.1.1' ],
83 silly audit   picomatch: [ '2.3.1' ],
83 silly audit   pify: [ '2.3.0' ],
83 silly audit   pirates: [ '4.0.6' ],
83 silly audit   'possible-typed-array-names': [ '1.0.0' ],
83 silly audit   'postcss-import': [ '15.1.0' ],
83 silly audit   'postcss-js': [ '4.0.1' ],
83 silly audit   'postcss-load-config': [ '4.0.2' ],
83 silly audit   'postcss-nested': [ '6.2.0' ],
83 silly audit   'postcss-selector-parser': [ '6.1.2' ],
83 silly audit   'postcss-value-parser': [ '4.2.0' ],
83 silly audit   'prelude-ls': [ '1.2.1' ],
83 silly audit   'prop-types': [ '15.8.1' ],
83 silly audit   punycode: [ '2.3.1' ],
83 silly audit   'queue-microtask': [ '1.2.3' ],
83 silly audit   react: [ '18.3.1' ],
83 silly audit   'react-dom': [ '18.3.1' ],
83 silly audit   'react-is': [ '16.13.1' ],
83 silly audit   'react-remove-scroll': [ '2.6.2' ],
83 silly audit   'react-remove-scroll-bar': [ '2.3.8' ],
83 silly audit   'react-style-singleton': [ '2.2.3' ],
83 silly audit   'read-cache': [ '1.0.0' ],
83 silly audit   readdirp: [ '3.6.0' ],
83 silly audit   'reflect.getprototypeof': [ '1.0.9' ],
83 silly audit   'regexp.prototype.flags': [ '1.5.3' ],
83 silly audit   'resolve-from': [ '4.0.0' ],
83 silly audit   'resolve-pkg-maps': [ '1.0.0' ],
83 silly audit   reusify: [ '1.0.4' ],
83 silly audit   rimraf: [ '3.0.2' ],
83 silly audit   'run-parallel': [ '1.2.0' ],
83 silly audit   'safe-array-concat': [ '1.1.3' ],
83 silly audit   'safe-push-apply': [ '1.0.0' ],
83 silly audit   'safe-regex-test': [ '1.1.0' ],
83 silly audit   scheduler: [ '0.23.2' ],
83 silly audit   'set-function-length': [ '1.2.2' ],
83 silly audit   'set-function-name': [ '2.0.2' ],
83 silly audit   sharp: [ '0.33.5' ],
83 silly audit   'shebang-command': [ '2.0.0' ],
83 silly audit   'shebang-regex': [ '3.0.0' ],
83 silly audit   'side-channel': [ '1.1.0' ],
83 silly audit   'side-channel-list': [ '1.0.0' ],
83 silly audit   'side-channel-map': [ '1.0.1' ],
83 silly audit   'side-channel-weakmap': [ '1.0.2' ],
83 silly audit   'signal-exit': [ '4.1.0' ],
83 silly audit   'simple-swizzle': [ '0.2.2' ],
83 silly audit   'source-map-js': [ '1.2.1' ],
83 silly audit   'stable-hash': [ '0.0.4' ],
83 silly audit   streamsearch: [ '1.1.0' ],
83 silly audit   'string-width': [ '5.1.2', '4.2.3' ],
83 silly audit   'string.prototype.includes': [ '2.0.1' ],
83 silly audit   'string.prototype.matchall': [ '4.0.12' ],
83 silly audit   'string.prototype.repeat': [ '1.0.0' ],
83 silly audit   'string.prototype.trim': [ '1.2.10' ],
83 silly audit   'string.prototype.trimend': [ '1.0.9' ],
83 silly audit   'string.prototype.trimstart': [ '1.0.8' ],
83 silly audit   'strip-bom': [ '3.0.0' ],
83 silly audit   'strip-json-comments': [ '3.1.1' ],
83 silly audit   'styled-jsx': [ '5.1.6' ],
83 silly audit   sucrase: [ '3.35.0' ],
83 silly audit   'supports-color': [ '7.2.0' ],
83 silly audit   'supports-preserve-symlinks-flag': [ '1.0.0' ],
83 silly audit   'tailwind-merge': [ '2.6.0' ],
83 silly audit   tailwindcss: [ '3.4.17' ],
83 silly audit   'tailwindcss-animate': [ '1.0.7' ],
83 silly audit   tapable: [ '2.2.1' ],
83 silly audit   'text-table': [ '0.2.0' ],
83 silly audit   thenify: [ '3.3.1' ],
83 silly audit   'thenify-all': [ '1.6.0' ],
83 silly audit   'to-regex-range': [ '5.0.1' ],
83 silly audit   'ts-api-utils': [ '1.4.3' ],
83 silly audit   'ts-interface-checker': [ '0.1.13' ],
83 silly audit   'tsconfig-paths': [ '3.15.0' ],
83 silly audit   tslib: [ '2.8.1' ],
83 silly audit   'type-check': [ '0.4.0' ],
83 silly audit   'type-fest': [ '0.20.2' ],
83 silly audit   'typed-array-buffer': [ '1.0.3' ],
83 silly audit   'typed-array-byte-length': [ '1.0.3' ],
83 silly audit   'typed-array-byte-offset': [ '1.0.4' ],
83 silly audit   'typed-array-length': [ '1.0.7' ],
83 silly audit   typescript: [ '5.7.2' ],
83 silly audit   'unbox-primitive': [ '1.1.0' ],
83 silly audit   'undici-types': [ '6.19.8' ],
83 silly audit   'uri-js': [ '4.4.1' ],
83 silly audit   'use-callback-ref': [ '1.3.3' ],
83 silly audit   'use-sidecar': [ '1.1.3' ],
83 silly audit   'util-deprecate': [ '1.0.2' ],
83 silly audit   which: [ '2.0.2' ],
83 silly audit   'which-boxed-primitive': [ '1.1.1' ],
83 silly audit   'which-builtin-type': [ '1.2.1' ],
83 silly audit   'which-collection': [ '1.0.2' ],
83 silly audit   'which-typed-array': [ '1.1.18' ],
83 silly audit   'word-wrap': [ '1.2.5' ],
83 silly audit   'wrap-ansi': [ '8.1.0', '7.0.0' ],
83 silly audit   wrappy: [ '1.0.2' ],
83 silly audit   yaml: [ '2.6.1' ],
83 silly audit   'yocto-queue': [ '0.1.0' ],
83 silly audit   '@radix-ui/react-select': [ '2.1.4' ],
83 silly audit   '@radix-ui/react-slider': [ '1.2.2' ],
83 silly audit   '@radix-ui/react-slot': [ '1.1.1' ],
83 silly audit   '@radix-ui/react-switch': [ '1.1.2' ],
83 silly audit   '@radix-ui/react-tabs': [ '1.1.2' ],
83 silly audit   '@radix-ui/react-presence': [ '1.1.2' ],
83 silly audit   '@radix-ui/react-roving-focus': [ '1.1.1' ]
83 silly audit }
84 verbose reify failed optional dependency C:\Users\saadr\Desktop\Music_Website\nagham-ai\node_modules\fsevents
85 silly reify mark deleted [
85 silly reify   'C:\\Users\\saadr\\Desktop\\Music_Website\\nagham-ai\\node_modules\\fsevents'
85 silly reify ]
86 verbose reify failed optional dependency C:\Users\saadr\Desktop\Music_Website\nagham-ai\node_modules\@next\swc-win32-arm64-msvc
87 silly reify mark deleted [
87 silly reify   'C:\\Users\\saadr\\Desktop\\Music_Website\\nagham-ai\\node_modules\\@next\\swc-win32-arm64-msvc'
87 silly reify ]
88 verbose reify failed optional dependency C:\Users\saadr\Desktop\Music_Website\nagham-ai\node_modules\@next\swc-linux-x64-musl
89 silly reify mark deleted [
89 silly reify   'C:\\Users\\saadr\\Desktop\\Music_Website\\nagham-ai\\node_modules\\@next\\swc-linux-x64-musl'
89 silly reify ]
90 verbose reify failed optional dependency C:\Users\saadr\Desktop\Music_Website\nagham-ai\node_modules\@next\swc-linux-x64-gnu
91 silly reify mark deleted [
91 silly reify   'C:\\Users\\saadr\\Desktop\\Music_Website\\nagham-ai\\node_modules\\@next\\swc-linux-x64-gnu'
91 silly reify ]
92 verbose reify failed optional dependency C:\Users\saadr\Desktop\Music_Website\nagham-ai\node_modules\@next\swc-linux-arm64-musl
93 silly reify mark deleted [
93 silly reify   'C:\\Users\\saadr\\Desktop\\Music_Website\\nagham-ai\\node_modules\\@next\\swc-linux-arm64-musl'
93 silly reify ]
94 verbose reify failed optional dependency C:\Users\saadr\Desktop\Music_Website\nagham-ai\node_modules\@next\swc-linux-arm64-gnu
95 silly reify mark deleted [
95 silly reify   'C:\\Users\\saadr\\Desktop\\Music_Website\\nagham-ai\\node_modules\\@next\\swc-linux-arm64-gnu'
95 silly reify ]
96 verbose reify failed optional dependency C:\Users\saadr\Desktop\Music_Website\nagham-ai\node_modules\@next\swc-darwin-x64
97 silly reify mark deleted [
97 silly reify   'C:\\Users\\saadr\\Desktop\\Music_Website\\nagham-ai\\node_modules\\@next\\swc-darwin-x64'
97 silly reify ]
98 verbose reify failed optional dependency C:\Users\saadr\Desktop\Music_Website\nagham-ai\node_modules\@next\swc-darwin-arm64
99 silly reify mark deleted [
99 silly reify   'C:\\Users\\saadr\\Desktop\\Music_Website\\nagham-ai\\node_modules\\@next\\swc-darwin-arm64'
99 silly reify ]
100 verbose reify failed optional dependency C:\Users\saadr\Desktop\Music_Website\nagham-ai\node_modules\@img\sharp-win32-ia32
101 silly reify mark deleted [
101 silly reify   'C:\\Users\\saadr\\Desktop\\Music_Website\\nagham-ai\\node_modules\\@img\\sharp-win32-ia32'
101 silly reify ]
102 verbose reify failed optional dependency C:\Users\saadr\Desktop\Music_Website\nagham-ai\node_modules\@img\sharp-wasm32
103 silly reify mark deleted [
103 silly reify   'C:\\Users\\saadr\\Desktop\\Music_Website\\nagham-ai\\node_modules\\@img\\sharp-wasm32'
103 silly reify ]
104 verbose reify failed optional dependency C:\Users\saadr\Desktop\Music_Website\nagham-ai\node_modules\@emnapi\runtime
105 silly reify mark deleted [
105 silly reify   'C:\\Users\\saadr\\Desktop\\Music_Website\\nagham-ai\\node_modules\\@emnapi\\runtime'
105 silly reify ]
106 verbose reify failed optional dependency C:\Users\saadr\Desktop\Music_Website\nagham-ai\node_modules\@img\sharp-linuxmusl-x64
107 silly reify mark deleted [
107 silly reify   'C:\\Users\\saadr\\Desktop\\Music_Website\\nagham-ai\\node_modules\\@img\\sharp-linuxmusl-x64'
107 silly reify ]
108 verbose reify failed optional dependency C:\Users\saadr\Desktop\Music_Website\nagham-ai\node_modules\@img\sharp-linuxmusl-arm64
109 silly reify mark deleted [
109 silly reify   'C:\\Users\\saadr\\Desktop\\Music_Website\\nagham-ai\\node_modules\\@img\\sharp-linuxmusl-arm64'
109 silly reify ]
110 verbose reify failed optional dependency C:\Users\saadr\Desktop\Music_Website\nagham-ai\node_modules\@img\sharp-linux-x64
111 silly reify mark deleted [
111 silly reify   'C:\\Users\\saadr\\Desktop\\Music_Website\\nagham-ai\\node_modules\\@img\\sharp-linux-x64'
111 silly reify ]
112 verbose reify failed optional dependency C:\Users\saadr\Desktop\Music_Website\nagham-ai\node_modules\@img\sharp-linux-s390x
113 silly reify mark deleted [
113 silly reify   'C:\\Users\\saadr\\Desktop\\Music_Website\\nagham-ai\\node_modules\\@img\\sharp-linux-s390x'
113 silly reify ]
114 verbose reify failed optional dependency C:\Users\saadr\Desktop\Music_Website\nagham-ai\node_modules\@img\sharp-linux-arm64
115 silly reify mark deleted [
115 silly reify   'C:\\Users\\saadr\\Desktop\\Music_Website\\nagham-ai\\node_modules\\@img\\sharp-linux-arm64'
115 silly reify ]
116 verbose reify failed optional dependency C:\Users\saadr\Desktop\Music_Website\nagham-ai\node_modules\@img\sharp-linux-arm
117 silly reify mark deleted [
117 silly reify   'C:\\Users\\saadr\\Desktop\\Music_Website\\nagham-ai\\node_modules\\@img\\sharp-linux-arm'
117 silly reify ]
118 verbose reify failed optional dependency C:\Users\saadr\Desktop\Music_Website\nagham-ai\node_modules\@img\sharp-libvips-linuxmusl-x64
119 silly reify mark deleted [
119 silly reify   'C:\\Users\\saadr\\Desktop\\Music_Website\\nagham-ai\\node_modules\\@img\\sharp-libvips-linuxmusl-x64'
119 silly reify ]
120 verbose reify failed optional dependency C:\Users\saadr\Desktop\Music_Website\nagham-ai\node_modules\@img\sharp-libvips-linuxmusl-arm64
121 silly reify mark deleted [
121 silly reify   'C:\\Users\\saadr\\Desktop\\Music_Website\\nagham-ai\\node_modules\\@img\\sharp-libvips-linuxmusl-arm64'
121 silly reify ]
122 verbose reify failed optional dependency C:\Users\saadr\Desktop\Music_Website\nagham-ai\node_modules\@img\sharp-libvips-linux-x64
123 silly reify mark deleted [
123 silly reify   'C:\\Users\\saadr\\Desktop\\Music_Website\\nagham-ai\\node_modules\\@img\\sharp-libvips-linux-x64'
123 silly reify ]
124 verbose reify failed optional dependency C:\Users\saadr\Desktop\Music_Website\nagham-ai\node_modules\@img\sharp-libvips-linux-s390x
125 silly reify mark deleted [
125 silly reify   'C:\\Users\\saadr\\Desktop\\Music_Website\\nagham-ai\\node_modules\\@img\\sharp-libvips-linux-s390x'
125 silly reify ]
126 verbose reify failed optional dependency C:\Users\saadr\Desktop\Music_Website\nagham-ai\node_modules\@img\sharp-libvips-linux-arm64
127 silly reify mark deleted [
127 silly reify   'C:\\Users\\saadr\\Desktop\\Music_Website\\nagham-ai\\node_modules\\@img\\sharp-libvips-linux-arm64'
127 silly reify ]
128 verbose reify failed optional dependency C:\Users\saadr\Desktop\Music_Website\nagham-ai\node_modules\@img\sharp-libvips-linux-arm
129 silly reify mark deleted [
129 silly reify   'C:\\Users\\saadr\\Desktop\\Music_Website\\nagham-ai\\node_modules\\@img\\sharp-libvips-linux-arm'
129 silly reify ]
130 verbose reify failed optional dependency C:\Users\saadr\Desktop\Music_Website\nagham-ai\node_modules\@img\sharp-libvips-darwin-x64
131 silly reify mark deleted [
131 silly reify   'C:\\Users\\saadr\\Desktop\\Music_Website\\nagham-ai\\node_modules\\@img\\sharp-libvips-darwin-x64'
131 silly reify ]
132 verbose reify failed optional dependency C:\Users\saadr\Desktop\Music_Website\nagham-ai\node_modules\@img\sharp-libvips-darwin-arm64
133 silly reify mark deleted [
133 silly reify   'C:\\Users\\saadr\\Desktop\\Music_Website\\nagham-ai\\node_modules\\@img\\sharp-libvips-darwin-arm64'
133 silly reify ]
134 verbose reify failed optional dependency C:\Users\saadr\Desktop\Music_Website\nagham-ai\node_modules\@img\sharp-darwin-x64
135 silly reify mark deleted [
135 silly reify   'C:\\Users\\saadr\\Desktop\\Music_Website\\nagham-ai\\node_modules\\@img\\sharp-darwin-x64'
135 silly reify ]
136 verbose reify failed optional dependency C:\Users\saadr\Desktop\Music_Website\nagham-ai\node_modules\@img\sharp-darwin-arm64
137 silly reify mark deleted [
137 silly reify   'C:\\Users\\saadr\\Desktop\\Music_Website\\nagham-ai\\node_modules\\@img\\sharp-darwin-arm64'
137 silly reify ]
138 silly tarball no local data for @radix-ui/react-presence@https://registry.npmjs.org/@radix-ui/react-presence/-/react-presence-1.1.2.tgz. Extracting by manifest.
139 silly tarball no local data for @radix-ui/react-roving-focus@https://registry.npmjs.org/@radix-ui/react-roving-focus/-/react-roving-focus-1.1.1.tgz. Extracting by manifest.
140 silly tarball no local data for @radix-ui/react-switch@https://registry.npmjs.org/@radix-ui/react-switch/-/react-switch-1.1.2.tgz. Extracting by manifest.
141 silly tarball no local data for @radix-ui/react-tabs@https://registry.npmjs.org/@radix-ui/react-tabs/-/react-tabs-1.1.2.tgz. Extracting by manifest.
142 http fetch POST 200 https://registry.npmjs.org/-/npm/v1/security/advisories/bulk 723ms
143 silly audit report {}
144 http fetch GET 200 https://registry.npmjs.org/@radix-ui/react-presence/-/react-presence-1.1.2.tgz 702ms (cache miss)
145 http fetch GET 200 https://registry.npmjs.org/@radix-ui/react-roving-focus/-/react-roving-focus-1.1.1.tgz 757ms (cache miss)
146 http fetch GET 200 https://registry.npmjs.org/@radix-ui/react-tabs/-/react-tabs-1.1.2.tgz 776ms (cache miss)
147 http fetch GET 200 https://registry.npmjs.org/@radix-ui/react-switch/-/react-switch-1.1.2.tgz 783ms (cache miss)
148 silly ADD node_modules/@radix-ui/react-roving-focus
149 silly ADD node_modules/@radix-ui/react-presence
150 silly ADD node_modules/@radix-ui/react-tabs
151 silly ADD node_modules/@radix-ui/react-switch
152 silly ADD
153 silly ADD
154 silly ADD
155 silly ADD
156 silly ADD
157 silly ADD
158 silly ADD
159 silly ADD
160 silly ADD
161 silly ADD
162 silly ADD
163 silly ADD
164 silly ADD
165 silly ADD
166 silly ADD
167 silly ADD
168 silly ADD
169 silly ADD
170 silly ADD
171 silly ADD
172 silly ADD
173 silly ADD
174 silly ADD
175 silly ADD
176 silly ADD
177 silly ADD
178 silly ADD
179 verbose cwd C:\Users\saadr\Desktop\Music_Website\nagham-ai
180 verbose os Windows_NT 10.0.22631
181 verbose node v18.20.5
182 verbose npm  v10.8.2
183 verbose exit 0
184 info ok
