0 verbose cli C:\Program Files\nodejs\node.exe C:\Program Files\nodejs\node_modules\npm\bin\npm-cli.js
1 info using npm@10.8.2
2 info using node@v18.20.5
3 silly config load:file:C:\Program Files\nodejs\node_modules\npm\npmrc
4 silly config load:file:C:\Users\saadr\Desktop\Music_Website\nagham-ai\.npmrc
5 silly config load:file:C:\Users\saadr\.npmrc
6 silly config load:file:C:\Users\saadr\AppData\Roaming\npm\etc\npmrc
7 verbose title npm install react-select @radix-ui/react-slot @radix-ui/react-dropdown-menu @radix-ui/react-separator @radix-ui/react-progress @radix-ui/react-tabs
8 verbose argv "install" "react-select" "@radix-ui/react-slot" "@radix-ui/react-dropdown-menu" "@radix-ui/react-separator" "@radix-ui/react-progress" "@radix-ui/react-tabs"
9 verbose logfile logs-max:10 dir:C:\Users\saadr\Desktop\Music_Website\nagham-ai\%APPDATA%\npm-cache\_logs\2025-01-11T21_03_05_329Z-
10 verbose logfile C:\Users\saadr\Desktop\Music_Website\nagham-ai\%APPDATA%\npm-cache\_logs\2025-01-11T21_03_05_329Z-debug-0.log
11 silly packumentCache heap:4345298944 maxSize:1086324736 maxEntrySize:543162368
12 silly logfile start cleaning logs, removing 1 files
13 silly logfile done cleaning log files
14 silly idealTree buildDeps
15 silly fetch manifest @radix-ui/react-dropdown-menu@^2.1.4
16 silly packumentCache full:https://registry.npmjs.org/@radix-ui%2freact-dropdown-menu cache-miss
17 http fetch GET 200 https://registry.npmjs.org/@radix-ui%2freact-dropdown-menu 1340ms (cache updated)
18 silly packumentCache full:https://registry.npmjs.org/@radix-ui%2freact-dropdown-menu set size:undefined disposed:false
19 silly fetch manifest @types/react@^18
20 silly packumentCache full:https://registry.npmjs.org/@types%2freact cache-miss
21 http fetch GET 200 https://registry.npmjs.org/@types%2freact 423ms (cache updated)
22 silly packumentCache full:https://registry.npmjs.org/@types%2freact set size:undefined disposed:false
23 silly fetch manifest @types/react-dom@^18
24 silly packumentCache full:https://registry.npmjs.org/@types%2freact-dom cache-miss
25 http fetch GET 200 https://registry.npmjs.org/@types%2freact-dom 247ms (cache updated)
26 silly packumentCache full:https://registry.npmjs.org/@types%2freact-dom set size:undefined disposed:false
27 silly fetch manifest react@^18.2.0
28 silly packumentCache full:https://registry.npmjs.org/react cache-miss
29 http fetch GET 200 https://registry.npmjs.org/react 786ms (cache updated)
30 silly packumentCache full:https://registry.npmjs.org/react set size:undefined disposed:false
31 silly fetch manifest react-dom@^18.2.0
32 silly packumentCache full:https://registry.npmjs.org/react-dom cache-miss
33 http fetch GET 200 https://registry.npmjs.org/react-dom 1601ms (cache updated)
34 silly packumentCache full:https://registry.npmjs.org/react-dom set size:undefined disposed:false
35 silly fetch manifest @radix-ui/react-slot@^1.1.1
36 silly packumentCache full:https://registry.npmjs.org/@radix-ui%2freact-slot cache-miss
37 http fetch GET 200 https://registry.npmjs.org/@radix-ui%2freact-slot 592ms (cache updated)
38 silly packumentCache full:https://registry.npmjs.org/@radix-ui%2freact-slot set size:undefined disposed:false
39 silly fetch manifest @radix-ui/react-tabs@^1.1.2
40 silly packumentCache full:https://registry.npmjs.org/@radix-ui%2freact-tabs cache-miss
41 http fetch GET 200 https://registry.npmjs.org/@radix-ui%2freact-tabs 1873ms (cache updated)
42 silly packumentCache full:https://registry.npmjs.org/@radix-ui%2freact-tabs set size:undefined disposed:false
43 silly fetch manifest react-select@*
44 silly packumentCache full:https://registry.npmjs.org/react-select cache-miss
45 http fetch GET 200 https://registry.npmjs.org/react-select 211ms (cache miss)
46 silly packumentCache full:https://registry.npmjs.org/react-select set size:undefined disposed:false
47 silly fetch manifest @radix-ui/react-separator@*
48 silly packumentCache full:https://registry.npmjs.org/@radix-ui%2freact-separator cache-miss
49 http fetch GET 200 https://registry.npmjs.org/@radix-ui%2freact-separator 935ms (cache miss)
50 silly packumentCache full:https://registry.npmjs.org/@radix-ui%2freact-separator set size:undefined disposed:false
51 silly fetch manifest @radix-ui/react-progress@*
52 silly packumentCache full:https://registry.npmjs.org/@radix-ui%2freact-progress cache-miss
53 http fetch GET 200 https://registry.npmjs.org/@radix-ui%2freact-progress 1696ms (cache miss)
54 silly packumentCache full:https://registry.npmjs.org/@radix-ui%2freact-progress set size:undefined disposed:false
55 silly placeDep ROOT @radix-ui/react-dropdown-menu@2.1.4 REPLACE for: nagham-ai@0.1.0 want: ^2.1.4
56 silly placeDep ROOT @radix-ui/react-progress@1.1.1 OK for: nagham-ai@0.1.0 want: *
57 silly placeDep ROOT @radix-ui/react-separator@1.1.1 OK for: nagham-ai@0.1.0 want: *
58 silly placeDep ROOT @radix-ui/react-slot@1.1.1 REPLACE for: nagham-ai@0.1.0 want: ^1.1.1
59 silly placeDep ROOT @radix-ui/react-tabs@1.1.2 REPLACE for: nagham-ai@0.1.0 want: ^1.1.2
60 silly placeDep ROOT react-select@5.9.0 OK for: nagham-ai@0.1.0 want: *
61 silly fetch manifest @babel/runtime@^7.12.0
62 silly packumentCache full:https://registry.npmjs.org/@babel%2fruntime cache-miss
63 silly fetch manifest @emotion/cache@^11.4.0
64 silly packumentCache full:https://registry.npmjs.org/@emotion%2fcache cache-miss
65 silly fetch manifest @emotion/react@^11.8.1
66 silly packumentCache full:https://registry.npmjs.org/@emotion%2freact cache-miss
67 silly fetch manifest @types/react-transition-group@^4.4.0
68 silly packumentCache full:https://registry.npmjs.org/@types%2freact-transition-group cache-miss
69 silly fetch manifest memoize-one@^6.0.0
70 silly packumentCache full:https://registry.npmjs.org/memoize-one cache-miss
71 silly fetch manifest react-transition-group@^4.3.0
72 silly packumentCache full:https://registry.npmjs.org/react-transition-group cache-miss
73 silly fetch manifest use-isomorphic-layout-effect@^1.2.0
74 silly packumentCache full:https://registry.npmjs.org/use-isomorphic-layout-effect cache-miss
75 http fetch GET 200 https://registry.npmjs.org/@babel%2fruntime 286ms (cache miss)
76 silly packumentCache full:https://registry.npmjs.org/@babel%2fruntime set size:undefined disposed:false
77 http fetch GET 200 https://registry.npmjs.org/react-transition-group 1590ms (cache miss)
78 silly packumentCache full:https://registry.npmjs.org/react-transition-group set size:undefined disposed:false
79 http fetch GET 200 https://registry.npmjs.org/@types%2freact-transition-group 1910ms (cache miss)
80 silly packumentCache full:https://registry.npmjs.org/@types%2freact-transition-group set size:undefined disposed:false
81 http fetch GET 200 https://registry.npmjs.org/@emotion%2freact 2060ms (cache miss)
82 silly packumentCache full:https://registry.npmjs.org/@emotion%2freact set size:undefined disposed:false
83 http fetch GET 200 https://registry.npmjs.org/memoize-one 2225ms (cache miss)
84 silly packumentCache full:https://registry.npmjs.org/memoize-one set size:undefined disposed:false
85 http fetch GET 200 https://registry.npmjs.org/@emotion%2fcache 2627ms (cache miss)
86 silly packumentCache full:https://registry.npmjs.org/@emotion%2fcache set size:undefined disposed:false
87 http fetch GET 200 https://registry.npmjs.org/use-isomorphic-layout-effect 3087ms (cache miss)
88 silly packumentCache full:https://registry.npmjs.org/use-isomorphic-layout-effect set size:undefined disposed:false
89 silly fetch manifest react@^16.8.0 || ^17.0.0 || ^18.0.0 || ^19.0.0
90 silly packumentCache full:https://registry.npmjs.org/react cache-miss
91 http fetch GET 200 https://registry.npmjs.org/react 22ms (cache hit)
92 silly packumentCache full:https://registry.npmjs.org/react set size:5329688 disposed:false
93 silly fetch manifest @types/react@*
94 silly packumentCache full:https://registry.npmjs.org/@types%2freact cache-miss
95 http fetch GET 200 https://registry.npmjs.org/@types%2freact 14ms (cache hit)
96 silly packumentCache full:https://registry.npmjs.org/@types%2freact set size:2273317 disposed:false
97 silly fetch manifest react-dom@^16.8.0 || ^17.0.0 || ^18.0.0 || ^19.0.0
98 silly packumentCache full:https://registry.npmjs.org/react-dom cache-miss
99 http fetch GET 200 https://registry.npmjs.org/react-dom 23ms (cache hit)
100 silly packumentCache full:https://registry.npmjs.org/react-dom set size:6609061 disposed:false
101 silly placeDep ROOT @babel/runtime@7.26.0 OK for: react-select@5.9.0 want: ^7.12.0
102 silly placeDep ROOT @emotion/cache@11.14.0 OK for: react-select@5.9.0 want: ^11.4.0
103 silly placeDep ROOT @emotion/react@11.14.0 OK for: react-select@5.9.0 want: ^11.8.1
104 silly placeDep ROOT @types/react-transition-group@4.4.12 OK for: react-select@5.9.0 want: ^4.4.0
105 silly placeDep ROOT memoize-one@6.0.0 OK for: react-select@5.9.0 want: ^6.0.0
106 silly placeDep ROOT react-transition-group@4.4.5 OK for: react-select@5.9.0 want: ^4.3.0
107 silly placeDep ROOT use-isomorphic-layout-effect@1.2.0 OK for: react-select@5.9.0 want: ^1.2.0
108 silly fetch manifest regenerator-runtime@^0.14.0
109 silly packumentCache full:https://registry.npmjs.org/regenerator-runtime cache-miss
110 silly fetch manifest @emotion/memoize@^0.9.0
111 silly packumentCache full:https://registry.npmjs.org/@emotion%2fmemoize cache-miss
112 silly fetch manifest @emotion/sheet@^1.4.0
113 silly packumentCache full:https://registry.npmjs.org/@emotion%2fsheet cache-miss
114 silly fetch manifest @emotion/utils@^1.4.2
115 silly packumentCache full:https://registry.npmjs.org/@emotion%2futils cache-miss
116 silly fetch manifest @emotion/weak-memoize@^0.4.0
117 silly packumentCache full:https://registry.npmjs.org/@emotion%2fweak-memoize cache-miss
118 silly fetch manifest stylis@4.2.0
119 silly packumentCache full:https://registry.npmjs.org/stylis cache-miss
120 silly fetch manifest @emotion/babel-plugin@^11.13.5
121 silly packumentCache full:https://registry.npmjs.org/@emotion%2fbabel-plugin cache-miss
122 http fetch GET 200 https://registry.npmjs.org/regenerator-runtime 202ms (cache miss)
123 silly packumentCache full:https://registry.npmjs.org/regenerator-runtime set size:undefined disposed:false
124 silly fetch manifest @emotion/serialize@^1.3.3
125 silly packumentCache full:https://registry.npmjs.org/@emotion%2fserialize cache-miss
126 http fetch GET 200 https://registry.npmjs.org/stylis 291ms (cache miss)
127 silly packumentCache full:https://registry.npmjs.org/stylis set size:undefined disposed:false
128 silly fetch manifest @emotion/use-insertion-effect-with-fallbacks@^1.2.0
129 silly packumentCache full:https://registry.npmjs.org/@emotion%2fuse-insertion-effect-with-fallbacks cache-miss
130 http fetch GET 200 https://registry.npmjs.org/@emotion%2fmemoize 368ms (cache miss)
131 silly packumentCache full:https://registry.npmjs.org/@emotion%2fmemoize set size:undefined disposed:false
132 silly fetch manifest @emotion/utils@^1.4.2
133 silly packumentCache full:https://registry.npmjs.org/@emotion%2futils cache-miss
134 http fetch GET 200 https://registry.npmjs.org/@emotion%2futils 356ms (cache miss)
135 silly packumentCache full:https://registry.npmjs.org/@emotion%2futils set size:undefined disposed:false
136 silly fetch manifest @emotion/weak-memoize@^0.4.0
137 silly packumentCache full:https://registry.npmjs.org/@emotion%2fweak-memoize cache-miss
138 http fetch GET 200 https://registry.npmjs.org/@emotion%2fuse-insertion-effect-with-fallbacks 562ms (cache miss)
139 silly packumentCache full:https://registry.npmjs.org/@emotion%2fuse-insertion-effect-with-fallbacks set size:undefined disposed:false
140 silly fetch manifest hoist-non-react-statics@^3.3.1
141 silly packumentCache full:https://registry.npmjs.org/hoist-non-react-statics cache-miss
142 http fetch GET 200 https://registry.npmjs.org/hoist-non-react-statics 154ms (cache miss)
143 silly packumentCache full:https://registry.npmjs.org/hoist-non-react-statics set size:undefined disposed:false
144 silly fetch manifest dom-helpers@^5.0.1
145 silly packumentCache full:https://registry.npmjs.org/dom-helpers cache-miss
146 http fetch GET 200 https://registry.npmjs.org/@emotion%2fbabel-plugin 1646ms (cache miss)
147 silly packumentCache full:https://registry.npmjs.org/@emotion%2fbabel-plugin set size:undefined disposed:false
148 http fetch GET 200 https://registry.npmjs.org/@emotion%2fserialize 1461ms (cache miss)
149 silly packumentCache full:https://registry.npmjs.org/@emotion%2fserialize set size:undefined disposed:false
150 http fetch GET 200 https://registry.npmjs.org/@emotion%2fweak-memoize 1675ms (cache miss)
151 silly packumentCache full:https://registry.npmjs.org/@emotion%2fweak-memoize set size:undefined disposed:false
152 http fetch GET 200 https://registry.npmjs.org/@emotion%2futils 1721ms (cache miss)
153 silly packumentCache full:https://registry.npmjs.org/@emotion%2futils set size:undefined disposed:false
154 http fetch GET 200 https://registry.npmjs.org/@emotion%2fweak-memoize 1021ms (cache miss)
155 silly packumentCache full:https://registry.npmjs.org/@emotion%2fweak-memoize set size:undefined disposed:false
156 http fetch GET 200 https://registry.npmjs.org/@emotion%2fsheet 1829ms (cache miss)
157 silly packumentCache full:https://registry.npmjs.org/@emotion%2fsheet set size:undefined disposed:false
158 http fetch GET 200 https://registry.npmjs.org/dom-helpers 871ms (cache miss)
159 silly packumentCache full:https://registry.npmjs.org/dom-helpers set size:undefined disposed:false
160 silly placeDep ROOT regenerator-runtime@0.14.1 OK for: @babel/runtime@7.26.0 want: ^0.14.0
161 silly placeDep ROOT @emotion/memoize@0.9.0 OK for: @emotion/cache@11.14.0 want: ^0.9.0
162 silly placeDep ROOT @emotion/sheet@1.4.0 OK for: @emotion/cache@11.14.0 want: ^1.4.0
163 silly placeDep ROOT @emotion/utils@1.4.2 OK for: @emotion/cache@11.14.0 want: ^1.4.2
164 silly placeDep ROOT @emotion/weak-memoize@0.4.0 OK for: @emotion/cache@11.14.0 want: ^0.4.0
165 silly placeDep ROOT stylis@4.2.0 OK for: @emotion/cache@11.14.0 want: 4.2.0
166 silly fetch manifest react@>=16.8.0
167 silly packumentCache full:https://registry.npmjs.org/react cache-miss
168 http fetch GET 200 https://registry.npmjs.org/react 22ms (cache hit)
169 silly packumentCache full:https://registry.npmjs.org/react set size:5329688 disposed:false
170 silly placeDep ROOT @emotion/babel-plugin@11.13.5 OK for: @emotion/react@11.14.0 want: ^11.13.5
171 silly placeDep ROOT @emotion/serialize@1.3.3 OK for: @emotion/react@11.14.0 want: ^1.3.3
172 silly placeDep ROOT @emotion/use-insertion-effect-with-fallbacks@1.2.0 OK for: @emotion/react@11.14.0 want: ^1.2.0
173 silly placeDep ROOT hoist-non-react-statics@3.3.2 OK for: @emotion/react@11.14.0 want: ^3.3.1
174 silly fetch manifest @babel/helper-module-imports@^7.16.7
175 silly packumentCache full:https://registry.npmjs.org/@babel%2fhelper-module-imports cache-miss
176 silly fetch manifest @emotion/hash@^0.9.2
177 silly packumentCache full:https://registry.npmjs.org/@emotion%2fhash cache-miss
178 silly fetch manifest babel-plugin-macros@^3.1.0
179 silly packumentCache full:https://registry.npmjs.org/babel-plugin-macros cache-miss
180 silly fetch manifest convert-source-map@^1.5.0
181 silly packumentCache full:https://registry.npmjs.org/convert-source-map cache-miss
182 silly fetch manifest find-root@^1.1.0
183 silly packumentCache full:https://registry.npmjs.org/find-root cache-miss
184 silly fetch manifest source-map@^0.5.7
185 silly packumentCache full:https://registry.npmjs.org/source-map cache-miss
186 silly fetch manifest @emotion/hash@^0.9.2
187 silly packumentCache full:https://registry.npmjs.org/@emotion%2fhash cache-miss
188 http fetch GET 200 https://registry.npmjs.org/find-root 219ms (cache miss)
189 silly packumentCache full:https://registry.npmjs.org/find-root set size:undefined disposed:false
190 silly fetch manifest @emotion/unitless@^0.10.0
191 silly packumentCache full:https://registry.npmjs.org/@emotion%2funitless cache-miss
192 http fetch GET 200 https://registry.npmjs.org/source-map 237ms (cache updated)
193 silly packumentCache full:https://registry.npmjs.org/source-map set size:undefined disposed:false
194 http fetch GET 200 https://registry.npmjs.org/convert-source-map 251ms (cache updated)
195 silly packumentCache full:https://registry.npmjs.org/convert-source-map set size:undefined disposed:false
196 http fetch GET 200 https://registry.npmjs.org/@emotion%2funitless 181ms (cache miss)
197 silly packumentCache full:https://registry.npmjs.org/@emotion%2funitless set size:undefined disposed:false
198 http fetch GET 200 https://registry.npmjs.org/@babel%2fhelper-module-imports 1508ms (cache updated)
199 silly packumentCache full:https://registry.npmjs.org/@babel%2fhelper-module-imports set size:undefined disposed:false
200 http fetch GET 200 https://registry.npmjs.org/@emotion%2fhash 1504ms (cache miss)
201 silly packumentCache full:https://registry.npmjs.org/@emotion%2fhash set size:undefined disposed:false
202 http fetch GET 200 https://registry.npmjs.org/babel-plugin-macros 1540ms (cache miss)
203 silly packumentCache full:https://registry.npmjs.org/babel-plugin-macros set size:undefined disposed:false
204 http fetch GET 200 https://registry.npmjs.org/@emotion%2fhash 1668ms (cache miss)
205 silly packumentCache full:https://registry.npmjs.org/@emotion%2fhash set size:undefined disposed:false
206 silly placeDep ROOT @babel/helper-module-imports@7.25.9 OK for: @emotion/babel-plugin@11.13.5 want: ^7.16.7
207 silly placeDep ROOT @emotion/hash@0.9.2 OK for: @emotion/babel-plugin@11.13.5 want: ^0.9.2
208 silly placeDep ROOT babel-plugin-macros@3.1.0 OK for: @emotion/babel-plugin@11.13.5 want: ^3.1.0
209 silly placeDep ROOT convert-source-map@1.9.0 OK for: @emotion/babel-plugin@11.13.5 want: ^1.5.0
210 silly placeDep ROOT find-root@1.1.0 OK for: @emotion/babel-plugin@11.13.5 want: ^1.1.0
211 silly placeDep ROOT source-map@0.5.7 OK for: @emotion/babel-plugin@11.13.5 want: ^0.5.7
212 silly fetch manifest @babel/types@^7.25.9
213 silly packumentCache full:https://registry.npmjs.org/@babel%2ftypes cache-miss
214 silly fetch manifest @babel/traverse@^7.25.9
215 silly packumentCache full:https://registry.npmjs.org/@babel%2ftraverse cache-miss
216 silly fetch manifest cosmiconfig@^7.0.0
217 silly packumentCache full:https://registry.npmjs.org/cosmiconfig cache-miss
218 http fetch GET 200 https://registry.npmjs.org/@babel%2ftypes 311ms (cache updated)
219 silly packumentCache full:https://registry.npmjs.org/@babel%2ftypes set size:undefined disposed:false
220 http fetch GET 200 https://registry.npmjs.org/cosmiconfig 317ms (cache updated)
221 silly packumentCache full:https://registry.npmjs.org/cosmiconfig set size:undefined disposed:false
222 http fetch GET 200 https://registry.npmjs.org/@babel%2ftraverse 536ms (cache updated)
223 silly packumentCache full:https://registry.npmjs.org/@babel%2ftraverse set size:undefined disposed:false
224 silly placeDep ROOT @babel/traverse@7.26.5 OK for: @babel/helper-module-imports@7.25.9 want: ^7.25.9
225 silly placeDep ROOT @babel/types@7.26.5 OK for: @babel/helper-module-imports@7.25.9 want: ^7.25.9
226 silly fetch manifest globals@^11.1.0
227 silly packumentCache full:https://registry.npmjs.org/globals cache-miss
228 silly fetch manifest @babel/types@^7.26.5
229 silly packumentCache full:https://registry.npmjs.org/@babel%2ftypes cache-miss
230 silly fetch manifest @babel/parser@^7.26.5
231 silly packumentCache full:https://registry.npmjs.org/@babel%2fparser cache-miss
232 silly fetch manifest @babel/template@^7.25.9
233 silly packumentCache full:https://registry.npmjs.org/@babel%2ftemplate cache-miss
234 silly fetch manifest @babel/generator@^7.26.5
235 silly packumentCache full:https://registry.npmjs.org/@babel%2fgenerator cache-miss
236 silly fetch manifest @babel/code-frame@^7.26.2
237 silly packumentCache full:https://registry.npmjs.org/@babel%2fcode-frame cache-miss
238 silly fetch manifest @babel/helper-string-parser@^7.25.9
239 silly packumentCache full:https://registry.npmjs.org/@babel%2fhelper-string-parser cache-miss
240 http fetch GET 200 https://registry.npmjs.org/@babel%2ftypes 25ms (cache hit)
241 silly packumentCache full:https://registry.npmjs.org/@babel%2ftypes set size:437274 disposed:false
242 silly fetch manifest @babel/helper-validator-identifier@^7.25.9
243 silly packumentCache full:https://registry.npmjs.org/@babel%2fhelper-validator-identifier cache-miss
244 http fetch GET 200 https://registry.npmjs.org/@babel%2fgenerator 261ms (cache updated)
245 silly packumentCache full:https://registry.npmjs.org/@babel%2fgenerator set size:undefined disposed:false
246 http fetch GET 200 https://registry.npmjs.org/@babel%2fcode-frame 284ms (cache updated)
247 silly packumentCache full:https://registry.npmjs.org/@babel%2fcode-frame set size:undefined disposed:false
248 http fetch GET 200 https://registry.npmjs.org/@babel%2fhelper-string-parser 407ms (cache updated)
249 silly packumentCache full:https://registry.npmjs.org/@babel%2fhelper-string-parser set size:undefined disposed:false
250 http fetch GET 200 https://registry.npmjs.org/@babel%2fhelper-validator-identifier 387ms (cache updated)
251 silly packumentCache full:https://registry.npmjs.org/@babel%2fhelper-validator-identifier set size:undefined disposed:false
252 http fetch GET 200 https://registry.npmjs.org/@babel%2ftemplate 418ms (cache updated)
253 silly packumentCache full:https://registry.npmjs.org/@babel%2ftemplate set size:undefined disposed:false
254 http fetch GET 200 https://registry.npmjs.org/@babel%2fparser 573ms (cache updated)
255 silly packumentCache full:https://registry.npmjs.org/@babel%2fparser set size:undefined disposed:false
256 http fetch GET 200 https://registry.npmjs.org/globals 838ms (cache updated)
257 silly packumentCache full:https://registry.npmjs.org/globals set size:undefined disposed:false
258 silly placeDep ROOT @babel/code-frame@7.26.2 OK for: @babel/traverse@7.26.5 want: ^7.26.2
259 silly placeDep ROOT @babel/generator@7.26.5 OK for: @babel/traverse@7.26.5 want: ^7.26.5
260 silly placeDep ROOT @babel/parser@7.26.5 OK for: @babel/traverse@7.26.5 want: ^7.26.5
261 silly placeDep ROOT @babel/template@7.25.9 OK for: @babel/traverse@7.26.5 want: ^7.25.9
262 silly placeDep node_modules/@babel/traverse globals@11.12.0 OK for: @babel/traverse@7.26.5 want: ^11.1.0
263 silly fetch manifest jsesc@^3.0.2
264 silly packumentCache full:https://registry.npmjs.org/jsesc cache-miss
265 http fetch GET 200 https://registry.npmjs.org/jsesc 659ms (cache updated)
266 silly packumentCache full:https://registry.npmjs.org/jsesc set size:undefined disposed:false
267 silly placeDep ROOT @babel/helper-validator-identifier@7.25.9 OK for: @babel/code-frame@7.26.2 want: ^7.25.9
268 silly placeDep ROOT jsesc@3.1.0 OK for: @babel/generator@7.26.5 want: ^3.0.2
269 silly placeDep ROOT @babel/helper-string-parser@7.25.9 OK for: @babel/types@7.26.5 want: ^7.25.9
270 silly placeDep ROOT @emotion/unitless@0.10.0 OK for: @emotion/serialize@1.3.3 want: ^0.10.0
271 silly placeDep ROOT cosmiconfig@7.1.0 OK for: babel-plugin-macros@3.1.0 want: ^7.0.0
272 silly fetch manifest @types/parse-json@^4.0.0
273 silly packumentCache full:https://registry.npmjs.org/@types%2fparse-json cache-miss
274 silly fetch manifest parse-json@^5.0.0
275 silly packumentCache full:https://registry.npmjs.org/parse-json cache-miss
276 silly fetch manifest path-type@^4.0.0
277 silly packumentCache full:https://registry.npmjs.org/path-type cache-miss
278 silly fetch manifest yaml@^1.10.0
279 silly packumentCache full:https://registry.npmjs.org/yaml cache-miss
280 http fetch GET 200 https://registry.npmjs.org/parse-json 348ms (cache updated)
281 silly packumentCache full:https://registry.npmjs.org/parse-json set size:undefined disposed:false
282 http fetch GET 200 https://registry.npmjs.org/path-type 350ms (cache updated)
283 silly packumentCache full:https://registry.npmjs.org/path-type set size:undefined disposed:false
284 http fetch GET 200 https://registry.npmjs.org/yaml 431ms (cache updated)
285 silly packumentCache full:https://registry.npmjs.org/yaml set size:undefined disposed:false
286 http fetch GET 200 https://registry.npmjs.org/@types%2fparse-json 1431ms (cache miss)
287 silly packumentCache full:https://registry.npmjs.org/@types%2fparse-json set size:undefined disposed:false
288 silly placeDep ROOT @types/parse-json@4.0.2 OK for: cosmiconfig@7.1.0 want: ^4.0.0
289 silly placeDep ROOT parse-json@5.2.0 OK for: cosmiconfig@7.1.0 want: ^5.0.0
290 silly placeDep ROOT path-type@4.0.0 OK for: cosmiconfig@7.1.0 want: ^4.0.0
291 silly placeDep node_modules/cosmiconfig yaml@1.10.2 OK for: cosmiconfig@7.1.0 want: ^1.10.0
292 silly fetch manifest error-ex@^1.3.1
293 silly packumentCache full:https://registry.npmjs.org/error-ex cache-miss
294 silly fetch manifest json-parse-even-better-errors@^2.3.0
295 silly packumentCache full:https://registry.npmjs.org/json-parse-even-better-errors cache-miss
296 http fetch GET 200 https://registry.npmjs.org/error-ex 195ms (cache updated)
297 silly packumentCache full:https://registry.npmjs.org/error-ex set size:undefined disposed:false
298 http fetch GET 200 https://registry.npmjs.org/json-parse-even-better-errors 197ms (cache updated)
299 silly packumentCache full:https://registry.npmjs.org/json-parse-even-better-errors set size:undefined disposed:false
300 silly placeDep ROOT error-ex@1.3.2 OK for: parse-json@5.2.0 want: ^1.3.1
301 silly placeDep ROOT json-parse-even-better-errors@2.3.1 OK for: parse-json@5.2.0 want: ^2.3.0
302 silly fetch manifest is-arrayish@^0.2.1
303 silly packumentCache full:https://registry.npmjs.org/is-arrayish cache-miss
304 http fetch GET 200 https://registry.npmjs.org/is-arrayish 140ms (cache updated)
305 silly packumentCache full:https://registry.npmjs.org/is-arrayish set size:undefined disposed:false
306 silly placeDep node_modules/error-ex is-arrayish@0.2.1 OK for: error-ex@1.3.2 want: ^0.2.1
307 silly placeDep ROOT dom-helpers@5.2.1 OK for: react-transition-group@4.4.5 want: ^5.0.1
308 silly reify moves {}
309 silly audit bulk request {
309 silly audit   '@alloc/quick-lru': [ '5.2.0' ],
309 silly audit   '@emnapi/runtime': [ '1.3.1' ],
309 silly audit   '@eslint-community/eslint-utils': [ '4.4.1' ],
309 silly audit   '@eslint-community/regexpp': [ '4.12.1' ],
309 silly audit   '@eslint/eslintrc': [ '2.1.4' ],
309 silly audit   '@eslint/js': [ '8.57.1' ],
309 silly audit   '@floating-ui/core': [ '1.6.9' ],
309 silly audit   '@floating-ui/dom': [ '1.6.13' ],
309 silly audit   '@floating-ui/react-dom': [ '2.1.2' ],
309 silly audit   '@floating-ui/utils': [ '0.2.9' ],
309 silly audit   '@humanwhocodes/config-array': [ '0.13.0' ],
309 silly audit   '@humanwhocodes/module-importer': [ '1.0.1' ],
309 silly audit   '@humanwhocodes/object-schema': [ '2.0.3' ],
309 silly audit   '@img/sharp-darwin-arm64': [ '0.33.5' ],
309 silly audit   '@img/sharp-darwin-x64': [ '0.33.5' ],
309 silly audit   '@img/sharp-libvips-darwin-arm64': [ '1.0.4' ],
309 silly audit   '@img/sharp-libvips-darwin-x64': [ '1.0.4' ],
309 silly audit   '@img/sharp-libvips-linux-arm': [ '1.0.5' ],
309 silly audit   '@img/sharp-libvips-linux-arm64': [ '1.0.4' ],
309 silly audit   '@img/sharp-libvips-linux-s390x': [ '1.0.4' ],
309 silly audit   '@img/sharp-libvips-linux-x64': [ '1.0.4' ],
309 silly audit   '@img/sharp-libvips-linuxmusl-arm64': [ '1.0.4' ],
309 silly audit   '@img/sharp-libvips-linuxmusl-x64': [ '1.0.4' ],
309 silly audit   '@img/sharp-linux-arm': [ '0.33.5' ],
309 silly audit   '@img/sharp-linux-arm64': [ '0.33.5' ],
309 silly audit   '@img/sharp-linux-s390x': [ '0.33.5' ],
309 silly audit   '@img/sharp-linux-x64': [ '0.33.5' ],
309 silly audit   '@img/sharp-linuxmusl-arm64': [ '0.33.5' ],
309 silly audit   '@img/sharp-linuxmusl-x64': [ '0.33.5' ],
309 silly audit   '@img/sharp-wasm32': [ '0.33.5' ],
309 silly audit   '@img/sharp-win32-ia32': [ '0.33.5' ],
309 silly audit   '@img/sharp-win32-x64': [ '0.33.5' ],
309 silly audit   '@isaacs/cliui': [ '8.0.2' ],
309 silly audit   'ansi-regex': [ '6.1.0', '5.0.1' ],
309 silly audit   'strip-ansi': [ '7.1.0', '6.0.1' ],
309 silly audit   '@jridgewell/gen-mapping': [ '0.3.8' ],
309 silly audit   '@jridgewell/resolve-uri': [ '3.1.2' ],
309 silly audit   '@jridgewell/set-array': [ '1.2.1' ],
309 silly audit   '@jridgewell/sourcemap-codec': [ '1.5.0' ],
309 silly audit   '@jridgewell/trace-mapping': [ '0.3.25' ],
309 silly audit   '@next/env': [ '15.1.3' ],
309 silly audit   '@next/eslint-plugin-next': [ '15.1.3' ],
309 silly audit   '@next/swc-darwin-arm64': [ '15.1.3' ],
309 silly audit   '@next/swc-darwin-x64': [ '15.1.3' ],
309 silly audit   '@next/swc-linux-arm64-gnu': [ '15.1.3' ],
309 silly audit   '@next/swc-linux-arm64-musl': [ '15.1.3' ],
309 silly audit   '@next/swc-linux-x64-gnu': [ '15.1.3' ],
309 silly audit   '@next/swc-linux-x64-musl': [ '15.1.3' ],
309 silly audit   '@next/swc-win32-arm64-msvc': [ '15.1.3' ],
309 silly audit   '@next/swc-win32-x64-msvc': [ '15.1.3' ],
309 silly audit   '@nodelib/fs.scandir': [ '2.1.5' ],
309 silly audit   '@nodelib/fs.stat': [ '2.0.5' ],
309 silly audit   '@nodelib/fs.walk': [ '1.2.8' ],
309 silly audit   '@nolyfill/is-core-module': [ '1.0.39' ],
309 silly audit   '@pkgjs/parseargs': [ '0.11.0' ],
309 silly audit   '@radix-ui/number': [ '1.1.0' ],
309 silly audit   '@radix-ui/primitive': [ '1.1.1' ],
309 silly audit   '@radix-ui/react-arrow': [ '1.1.1' ],
309 silly audit   '@radix-ui/react-checkbox': [ '1.1.3' ],
309 silly audit   '@radix-ui/react-collection': [ '1.1.1' ],
309 silly audit   '@radix-ui/react-compose-refs': [ '1.1.1' ],
309 silly audit   '@radix-ui/react-context': [ '1.1.1' ],
309 silly audit   '@radix-ui/react-direction': [ '1.1.0' ],
309 silly audit   '@radix-ui/react-dismissable-layer': [ '1.1.3' ],
309 silly audit   '@radix-ui/react-focus-guards': [ '1.1.1' ],
309 silly audit   '@radix-ui/react-focus-scope': [ '1.1.1' ],
309 silly audit   '@radix-ui/react-id': [ '1.1.0' ],
309 silly audit   '@radix-ui/react-label': [ '2.1.1' ],
309 silly audit   '@radix-ui/react-menu': [ '2.1.4' ],
309 silly audit   '@radix-ui/react-popper': [ '1.2.1' ],
309 silly audit   '@radix-ui/react-portal': [ '1.1.3' ],
309 silly audit   '@radix-ui/react-presence': [ '1.1.2' ],
309 silly audit   '@radix-ui/react-primitive': [ '2.0.1' ],
309 silly audit   '@radix-ui/react-roving-focus': [ '1.1.1' ],
309 silly audit   '@radix-ui/react-select': [ '2.1.4' ],
309 silly audit   '@radix-ui/react-slider': [ '1.2.2' ],
309 silly audit   '@radix-ui/react-switch': [ '1.1.2' ],
309 silly audit   '@radix-ui/react-use-callback-ref': [ '1.1.0' ],
309 silly audit   '@radix-ui/react-use-controllable-state': [ '1.1.0' ],
309 silly audit   '@radix-ui/react-use-escape-keydown': [ '1.1.0' ],
309 silly audit   '@radix-ui/react-use-layout-effect': [ '1.1.0' ],
309 silly audit   '@radix-ui/react-use-previous': [ '1.1.0' ],
309 silly audit   '@radix-ui/react-use-rect': [ '1.1.0' ],
309 silly audit   '@radix-ui/react-use-size': [ '1.1.0' ],
309 silly audit   '@radix-ui/react-visually-hidden': [ '1.1.1' ],
309 silly audit   '@radix-ui/rect': [ '1.1.0' ],
309 silly audit   '@rtsao/scc': [ '1.1.0' ],
309 silly audit   '@rushstack/eslint-patch': [ '1.10.4' ],
309 silly audit   '@swc/counter': [ '0.1.3' ],
309 silly audit   '@swc/helpers': [ '0.5.15' ],
309 silly audit   '@types/json5': [ '0.0.29' ],
309 silly audit   '@types/node': [ '20.17.10' ],
309 silly audit   '@types/prop-types': [ '15.7.14' ],
309 silly audit   '@types/react': [ '18.3.18' ],
309 silly audit   '@types/react-dom': [ '18.3.5' ],
309 silly audit   '@typescript-eslint/eslint-plugin': [ '8.18.2' ],
309 silly audit   '@typescript-eslint/parser': [ '8.18.2' ],
309 silly audit   '@typescript-eslint/scope-manager': [ '8.18.2' ],
309 silly audit   '@typescript-eslint/type-utils': [ '8.18.2' ],
309 silly audit   '@typescript-eslint/types': [ '8.18.2' ],
309 silly audit   '@typescript-eslint/typescript-estree': [ '8.18.2' ],
309 silly audit   'brace-expansion': [ '2.0.1', '1.1.11' ],
309 silly audit   'fast-glob': [ '3.3.2', '3.3.1' ],
309 silly audit   'glob-parent': [ '5.1.2', '6.0.2' ],
309 silly audit   minimatch: [ '9.0.5', '3.1.2' ],
309 silly audit   '@typescript-eslint/utils': [ '8.18.2' ],
309 silly audit   '@typescript-eslint/visitor-keys': [ '8.18.2' ],
309 silly audit   'eslint-visitor-keys': [ '4.2.0', '3.4.3' ],
309 silly audit   '@ungap/structured-clone': [ '1.2.1' ],
309 silly audit   acorn: [ '8.14.0' ],
309 silly audit   'acorn-jsx': [ '5.3.2' ],
309 silly audit   ajv: [ '6.12.6' ],
309 silly audit   'ansi-styles': [ '4.3.0', '6.2.1' ],
309 silly audit   'any-promise': [ '1.3.0' ],
309 silly audit   anymatch: [ '3.1.3' ],
309 silly audit   arg: [ '5.0.2' ],
309 silly audit   argparse: [ '2.0.1' ],
309 silly audit   'aria-hidden': [ '1.2.4' ],
309 silly audit   'aria-query': [ '5.3.2' ],
309 silly audit   'array-buffer-byte-length': [ '1.0.2' ],
309 silly audit   'array-includes': [ '3.1.8' ],
309 silly audit   'array.prototype.findlast': [ '1.2.5' ],
309 silly audit   'array.prototype.findlastindex': [ '1.2.5' ],
309 silly audit   'array.prototype.flat': [ '1.3.3' ],
309 silly audit   'array.prototype.flatmap': [ '1.3.3' ],
309 silly audit   'array.prototype.tosorted': [ '1.1.4' ],
309 silly audit   'arraybuffer.prototype.slice': [ '1.0.4' ],
309 silly audit   'ast-types-flow': [ '0.0.8' ],
309 silly audit   'available-typed-arrays': [ '1.0.7' ],
309 silly audit   'axe-core': [ '4.10.2' ],
309 silly audit   'axobject-query': [ '4.1.0' ],
309 silly audit   'balanced-match': [ '1.0.2' ],
309 silly audit   'binary-extensions': [ '2.3.0' ],
309 silly audit   braces: [ '3.0.3' ],
309 silly audit   busboy: [ '1.6.0' ],
309 silly audit   'call-bind': [ '1.0.8' ],
309 silly audit   'call-bind-apply-helpers': [ '1.0.1' ],
309 silly audit   'call-bound': [ '1.0.3' ],
309 silly audit   callsites: [ '3.1.0' ],
309 silly audit   'camelcase-css': [ '2.0.1' ],
309 silly audit   'caniuse-lite': [ '1.0.30001690' ],
309 silly audit   chalk: [ '4.1.2' ],
309 silly audit   chokidar: [ '3.6.0' ],
309 silly audit   'class-variance-authority': [ '0.7.1' ],
309 silly audit   'client-only': [ '0.0.1' ],
309 silly audit   clsx: [ '2.1.1' ],
309 silly audit   color: [ '4.2.3' ],
309 silly audit   'color-convert': [ '2.0.1' ],
309 silly audit   'color-name': [ '1.1.4' ],
309 silly audit   'color-string': [ '1.9.1' ],
309 silly audit   commander: [ '4.1.1' ],
309 silly audit   'concat-map': [ '0.0.1' ],
309 silly audit   'cross-spawn': [ '7.0.6' ],
309 silly audit   cssesc: [ '3.0.0' ],
309 silly audit   csstype: [ '3.1.3' ],
309 silly audit   'damerau-levenshtein': [ '1.0.8' ],
309 silly audit   'data-view-buffer': [ '1.0.2' ],
309 silly audit   'data-view-byte-length': [ '1.0.2' ],
309 silly audit   'data-view-byte-offset': [ '1.0.1' ],
309 silly audit   debug: [ '4.4.0', '3.2.7' ],
309 silly audit   'deep-is': [ '0.1.4' ],
309 silly audit   'define-data-property': [ '1.1.4' ],
309 silly audit   'define-properties': [ '1.2.1' ],
309 silly audit   'detect-libc': [ '2.0.3' ],
309 silly audit   'detect-node-es': [ '1.1.0' ],
309 silly audit   didyoumean: [ '1.2.2' ],
309 silly audit   dlv: [ '1.1.3' ],
309 silly audit   doctrine: [ '3.0.0', '2.1.0' ],
309 silly audit   'dunder-proto': [ '1.0.1' ],
309 silly audit   eastasianwidth: [ '0.2.0' ],
309 silly audit   'emoji-regex': [ '9.2.2', '8.0.0' ],
309 silly audit   'enhanced-resolve': [ '5.18.0' ],
309 silly audit   'es-abstract': [ '1.23.8' ],
309 silly audit   'es-define-property': [ '1.0.1' ],
309 silly audit   'es-errors': [ '1.3.0' ],
309 silly audit   'es-iterator-helpers': [ '1.2.1' ],
309 silly audit   'es-object-atoms': [ '1.0.0' ],
309 silly audit   'es-set-tostringtag': [ '2.0.3' ],
309 silly audit   'es-shim-unscopables': [ '1.0.2' ],
309 silly audit   'es-to-primitive': [ '1.3.0' ],
309 silly audit   'escape-string-regexp': [ '4.0.0' ],
309 silly audit   eslint: [ '8.57.1' ],
309 silly audit   'eslint-config-next': [ '15.1.3' ],
309 silly audit   'eslint-import-resolver-node': [ '0.3.9' ],
309 silly audit   'eslint-import-resolver-typescript': [ '3.7.0' ],
309 silly audit   'eslint-module-utils': [ '2.12.0' ],
309 silly audit   'eslint-plugin-import': [ '2.31.0' ],
309 silly audit   semver: [ '6.3.1', '7.6.3' ],
309 silly audit   'eslint-plugin-jsx-a11y': [ '6.10.2' ],
309 silly audit   'eslint-plugin-react': [ '7.37.3' ],
309 silly audit   'eslint-plugin-react-hooks': [ '5.1.0' ],
309 silly audit   resolve: [ '2.0.0-next.5', '1.22.10' ],
309 silly audit   'eslint-scope': [ '7.2.2' ],
309 silly audit   espree: [ '9.6.1' ],
309 silly audit   esquery: [ '1.6.0' ],
309 silly audit   esrecurse: [ '4.3.0' ],
309 silly audit   estraverse: [ '5.3.0' ],
309 silly audit   esutils: [ '2.0.3' ],
309 silly audit   'fast-deep-equal': [ '3.1.3' ],
309 silly audit   'fast-json-stable-stringify': [ '2.1.0' ],
309 silly audit   'fast-levenshtein': [ '2.0.6' ],
309 silly audit   fastq: [ '1.18.0' ],
309 silly audit   'file-entry-cache': [ '6.0.1' ],
309 silly audit   'fill-range': [ '7.1.1' ],
309 silly audit   'find-up': [ '5.0.0' ],
309 silly audit   'flat-cache': [ '3.2.0' ],
309 silly audit   flatted: [ '3.3.2' ],
309 silly audit   'for-each': [ '0.3.3' ],
309 silly audit   'foreground-child': [ '3.3.0' ],
309 silly audit   'framer-motion': [ '11.15.0' ],
309 silly audit   'fs.realpath': [ '1.0.0' ],
309 silly audit   fsevents: [ '2.3.3' ],
309 silly audit   'function-bind': [ '1.1.2' ],
309 silly audit   'function.prototype.name': [ '1.1.8' ],
309 silly audit   'functions-have-names': [ '1.2.3' ],
309 silly audit   'get-intrinsic': [ '1.2.6' ],
309 silly audit   'get-nonce': [ '1.0.1' ],
309 silly audit   'get-symbol-description': [ '1.1.0' ],
309 silly audit   'get-tsconfig': [ '4.8.1' ],
309 silly audit   glob: [ '7.2.3', '10.4.5' ],
309 silly audit   globals: [ '13.24.0', '11.12.0' ],
309 silly audit   globalthis: [ '1.0.4' ],
309 silly audit   gopd: [ '1.2.0' ],
309 silly audit   'graceful-fs': [ '4.2.11' ],
309 silly audit   graphemer: [ '1.4.0' ],
309 silly audit   'has-bigints': [ '1.1.0' ],
309 silly audit   'has-flag': [ '4.0.0' ],
309 silly audit   'has-property-descriptors': [ '1.0.2' ],
309 silly audit   'has-proto': [ '1.2.0' ],
309 silly audit   'has-symbols': [ '1.1.0' ],
309 silly audit   'has-tostringtag': [ '1.0.2' ],
309 silly audit   hasown: [ '2.0.2' ],
309 silly audit   ignore: [ '5.3.2' ],
309 silly audit   'import-fresh': [ '3.3.0' ],
309 silly audit   imurmurhash: [ '0.1.4' ],
309 silly audit   inflight: [ '1.0.6' ],
309 silly audit   inherits: [ '2.0.4' ],
309 silly audit   'internal-slot': [ '1.1.0' ],
309 silly audit   'is-array-buffer': [ '3.0.5' ],
309 silly audit   'is-arrayish': [ '0.3.2', '0.2.1' ],
309 silly audit   'is-async-function': [ '2.0.0' ],
309 silly audit   'is-bigint': [ '1.1.0' ],
309 silly audit   'is-binary-path': [ '2.1.0' ],
309 silly audit   'is-boolean-object': [ '1.2.1' ],
309 silly audit   'is-bun-module': [ '1.3.0' ],
309 silly audit   'is-callable': [ '1.2.7' ],
309 silly audit   'is-core-module': [ '2.16.1' ],
309 silly audit   'is-data-view': [ '1.0.2' ],
309 silly audit   'is-date-object': [ '1.1.0' ],
309 silly audit   'is-extglob': [ '2.1.1' ],
309 silly audit   'is-finalizationregistry': [ '1.1.1' ],
309 silly audit   'is-fullwidth-code-point': [ '3.0.0' ],
309 silly audit   'is-generator-function': [ '1.0.10' ],
309 silly audit   'is-glob': [ '4.0.3' ],
309 silly audit   'is-map': [ '2.0.3' ],
309 silly audit   'is-number': [ '7.0.0' ],
309 silly audit   'is-number-object': [ '1.1.1' ],
309 silly audit   'is-path-inside': [ '3.0.3' ],
309 silly audit   'is-regex': [ '1.2.1' ],
309 silly audit   'is-set': [ '2.0.3' ],
309 silly audit   'is-shared-array-buffer': [ '1.0.4' ],
309 silly audit   'is-string': [ '1.1.1' ],
309 silly audit   'is-symbol': [ '1.1.1' ],
309 silly audit   'is-typed-array': [ '1.1.15' ],
309 silly audit   'is-weakmap': [ '2.0.2' ],
309 silly audit   'is-weakref': [ '1.1.0' ],
309 silly audit   'is-weakset': [ '2.0.4' ],
309 silly audit   isarray: [ '2.0.5' ],
309 silly audit   isexe: [ '2.0.0' ],
309 silly audit   'iterator.prototype': [ '1.1.4' ],
309 silly audit   jackspeak: [ '3.4.3' ],
309 silly audit   jiti: [ '1.21.7' ],
309 silly audit   'js-tokens': [ '4.0.0' ],
309 silly audit   'js-yaml': [ '4.1.0' ],
309 silly audit   'json-buffer': [ '3.0.1' ],
309 silly audit   'json-schema-traverse': [ '0.4.1' ],
309 silly audit   'json-stable-stringify-without-jsonify': [ '1.0.1' ],
309 silly audit   json5: [ '1.0.2' ],
309 silly audit   'jsx-ast-utils': [ '3.3.5' ],
309 silly audit   keyv: [ '4.5.4' ],
309 silly audit   'language-subtag-registry': [ '0.3.23' ],
309 silly audit   'language-tags': [ '1.0.9' ],
309 silly audit   levn: [ '0.4.1' ],
309 silly audit   lilconfig: [ '3.1.3' ],
309 silly audit   'lines-and-columns': [ '1.2.4' ],
309 silly audit   'locate-path': [ '6.0.0' ],
309 silly audit   'lodash.merge': [ '4.6.2' ],
309 silly audit   'loose-envify': [ '1.4.0' ],
309 silly audit   'lru-cache': [ '10.4.3' ],
309 silly audit   'lucide-react': [ '0.469.0' ],
309 silly audit   'math-intrinsics': [ '1.1.0' ],
309 silly audit   merge2: [ '1.4.1' ],
309 silly audit   micromatch: [ '4.0.8' ],
309 silly audit   minimist: [ '1.2.8' ],
309 silly audit   minipass: [ '7.1.2' ],
309 silly audit   'motion-dom': [ '11.14.3' ],
309 silly audit   'motion-utils': [ '11.14.3' ],
309 silly audit   ms: [ '2.1.3' ],
309 silly audit   mz: [ '2.7.0' ],
309 silly audit   nanoid: [ '3.3.8' ],
309 silly audit   'natural-compare': [ '1.4.0' ],
309 silly audit   next: [ '15.1.3' ],
309 silly audit   postcss: [ '8.4.31', '8.4.49' ],
309 silly audit   'normalize-path': [ '3.0.0' ],
309 silly audit   'object-assign': [ '4.1.1' ],
309 silly audit   'object-hash': [ '3.0.0' ],
309 silly audit   'object-inspect': [ '1.13.3' ],
309 silly audit   'object-keys': [ '1.1.1' ],
309 silly audit   'object.assign': [ '4.1.7' ],
309 silly audit   'object.entries': [ '1.1.8' ],
309 silly audit   'object.fromentries': [ '2.0.8' ],
309 silly audit   'object.groupby': [ '1.0.3' ],
309 silly audit   'object.values': [ '1.2.1' ],
309 silly audit   once: [ '1.4.0' ],
309 silly audit   optionator: [ '0.9.4' ],
309 silly audit   'own-keys': [ '1.0.0' ],
309 silly audit   'p-limit': [ '3.1.0' ],
309 silly audit   'p-locate': [ '5.0.0' ],
309 silly audit   'package-json-from-dist': [ '1.0.1' ],
309 silly audit   'parent-module': [ '1.0.1' ],
309 silly audit   'path-exists': [ '4.0.0' ],
309 silly audit   'path-is-absolute': [ '1.0.1' ],
309 silly audit   'path-key': [ '3.1.1' ],
309 silly audit   'path-parse': [ '1.0.7' ],
309 silly audit   'path-scurry': [ '1.11.1' ],
309 silly audit   picocolors: [ '1.1.1' ],
309 silly audit   picomatch: [ '2.3.1' ],
309 silly audit   pify: [ '2.3.0' ],
309 silly audit   pirates: [ '4.0.6' ],
309 silly audit   'possible-typed-array-names': [ '1.0.0' ],
309 silly audit   'postcss-import': [ '15.1.0' ],
309 silly audit   'postcss-js': [ '4.0.1' ],
309 silly audit   'postcss-load-config': [ '4.0.2' ],
309 silly audit   'postcss-nested': [ '6.2.0' ],
309 silly audit   'postcss-selector-parser': [ '6.1.2' ],
309 silly audit   'postcss-value-parser': [ '4.2.0' ],
309 silly audit   'prelude-ls': [ '1.2.1' ],
309 silly audit   'prop-types': [ '15.8.1' ],
309 silly audit   punycode: [ '2.3.1' ],
309 silly audit   'queue-microtask': [ '1.2.3' ],
309 silly audit   react: [ '18.3.1' ],
309 silly audit   'react-dom': [ '18.3.1' ],
309 silly audit   'react-is': [ '16.13.1' ],
309 silly audit   'react-remove-scroll': [ '2.6.2' ],
309 silly audit   'react-remove-scroll-bar': [ '2.3.8' ],
309 silly audit   'react-style-singleton': [ '2.2.3' ],
309 silly audit   'read-cache': [ '1.0.0' ],
309 silly audit   readdirp: [ '3.6.0' ],
309 silly audit   'reflect.getprototypeof': [ '1.0.9' ],
309 silly audit   'regexp.prototype.flags': [ '1.5.3' ],
309 silly audit   'resolve-from': [ '4.0.0' ],
309 silly audit   'resolve-pkg-maps': [ '1.0.0' ],
309 silly audit   reusify: [ '1.0.4' ],
309 silly audit   rimraf: [ '3.0.2' ],
309 silly audit   'run-parallel': [ '1.2.0' ],
309 silly audit   'safe-array-concat': [ '1.1.3' ],
309 silly audit   'safe-push-apply': [ '1.0.0' ],
309 silly audit   'safe-regex-test': [ '1.1.0' ],
309 silly audit   scheduler: [ '0.23.2' ],
309 silly audit   'set-function-length': [ '1.2.2' ],
309 silly audit   'set-function-name': [ '2.0.2' ],
309 silly audit   sharp: [ '0.33.5' ],
309 silly audit   'shebang-command': [ '2.0.0' ],
309 silly audit   'shebang-regex': [ '3.0.0' ],
309 silly audit   'side-channel': [ '1.1.0' ],
309 silly audit   'side-channel-list': [ '1.0.0' ],
309 silly audit   'side-channel-map': [ '1.0.1' ],
309 silly audit   'side-channel-weakmap': [ '1.0.2' ],
309 silly audit   'signal-exit': [ '4.1.0' ],
309 silly audit   'simple-swizzle': [ '0.2.2' ],
309 silly audit   'source-map-js': [ '1.2.1' ],
309 silly audit   'stable-hash': [ '0.0.4' ],
309 silly audit   streamsearch: [ '1.1.0' ],
309 silly audit   'string-width': [ '5.1.2', '4.2.3' ],
309 silly audit   'string.prototype.includes': [ '2.0.1' ],
309 silly audit   'string.prototype.matchall': [ '4.0.12' ],
309 silly audit   'string.prototype.repeat': [ '1.0.0' ],
309 silly audit   'string.prototype.trim': [ '1.2.10' ],
309 silly audit   'string.prototype.trimend': [ '1.0.9' ],
309 silly audit   'string.prototype.trimstart': [ '1.0.8' ],
309 silly audit   'strip-bom': [ '3.0.0' ],
309 silly audit   'strip-json-comments': [ '3.1.1' ],
309 silly audit   'styled-jsx': [ '5.1.6' ],
309 silly audit   sucrase: [ '3.35.0' ],
309 silly audit   'supports-color': [ '7.2.0' ],
309 silly audit   'supports-preserve-symlinks-flag': [ '1.0.0' ],
309 silly audit   'tailwind-merge': [ '2.6.0' ],
309 silly audit   tailwindcss: [ '3.4.17' ],
309 silly audit   'tailwindcss-animate': [ '1.0.7' ],
309 silly audit   tapable: [ '2.2.1' ],
309 silly audit   'text-table': [ '0.2.0' ],
309 silly audit   thenify: [ '3.3.1' ],
309 silly audit   'thenify-all': [ '1.6.0' ],
309 silly audit   'to-regex-range': [ '5.0.1' ],
309 silly audit   'ts-api-utils': [ '1.4.3' ],
309 silly audit   'ts-interface-checker': [ '0.1.13' ],
309 silly audit   'tsconfig-paths': [ '3.15.0' ],
309 silly audit   tslib: [ '2.8.1' ],
309 silly audit   'type-check': [ '0.4.0' ],
309 silly audit   'type-fest': [ '0.20.2' ],
309 silly audit   'typed-array-buffer': [ '1.0.3' ],
309 silly audit   'typed-array-byte-length': [ '1.0.3' ],
309 silly audit   'typed-array-byte-offset': [ '1.0.4' ],
309 silly audit   'typed-array-length': [ '1.0.7' ],
309 silly audit   typescript: [ '5.7.2' ],
309 silly audit   'unbox-primitive': [ '1.1.0' ],
309 silly audit   'undici-types': [ '6.19.8' ],
309 silly audit   'uri-js': [ '4.4.1' ],
309 silly audit   'use-callback-ref': [ '1.3.3' ],
309 silly audit   'use-sidecar': [ '1.1.3' ],
309 silly audit   'util-deprecate': [ '1.0.2' ],
309 silly audit   which: [ '2.0.2' ],
309 silly audit   'which-boxed-primitive': [ '1.1.1' ],
309 silly audit   'which-builtin-type': [ '1.2.1' ],
309 silly audit   'which-collection': [ '1.0.2' ],
309 silly audit   'which-typed-array': [ '1.1.18' ],
309 silly audit   'word-wrap': [ '1.2.5' ],
309 silly audit   'wrap-ansi': [ '8.1.0', '7.0.0' ],
309 silly audit   wrappy: [ '1.0.2' ],
309 silly audit   yaml: [ '2.6.1', '1.10.2' ],
309 silly audit   'yocto-queue': [ '0.1.0' ],
309 silly audit   '@radix-ui/react-dropdown-menu': [ '2.1.4' ],
309 silly audit   '@radix-ui/react-progress': [ '1.1.1' ],
309 silly audit   '@radix-ui/react-separator': [ '1.1.1' ],
309 silly audit   '@radix-ui/react-slot': [ '1.1.1' ],
309 silly audit   '@radix-ui/react-tabs': [ '1.1.2' ],
309 silly audit   'react-select': [ '5.9.0' ],
309 silly audit   '@babel/runtime': [ '7.26.0' ],
309 silly audit   '@emotion/cache': [ '11.14.0' ],
309 silly audit   '@emotion/react': [ '11.14.0' ],
309 silly audit   '@types/react-transition-group': [ '4.4.12' ],
309 silly audit   'memoize-one': [ '6.0.0' ],
309 silly audit   'react-transition-group': [ '4.4.5' ],
309 silly audit   'use-isomorphic-layout-effect': [ '1.2.0' ],
309 silly audit   'regenerator-runtime': [ '0.14.1' ],
309 silly audit   '@emotion/memoize': [ '0.9.0' ],
309 silly audit   '@emotion/sheet': [ '1.4.0' ],
309 silly audit   '@emotion/utils': [ '1.4.2' ],
309 silly audit   '@emotion/weak-memoize': [ '0.4.0' ],
309 silly audit   stylis: [ '4.2.0' ],
309 silly audit   '@emotion/babel-plugin': [ '11.13.5' ],
309 silly audit   '@emotion/serialize': [ '1.3.3' ],
309 silly audit   '@emotion/use-insertion-effect-with-fallbacks': [ '1.2.0' ],
309 silly audit   'hoist-non-react-statics': [ '3.3.2' ],
309 silly audit   '@babel/helper-module-imports': [ '7.25.9' ],
309 silly audit   '@emotion/hash': [ '0.9.2' ],
309 silly audit   'babel-plugin-macros': [ '3.1.0' ],
309 silly audit   'convert-source-map': [ '1.9.0' ],
309 silly audit   'find-root': [ '1.1.0' ],
309 silly audit   'source-map': [ '0.5.7' ],
309 silly audit   '@babel/traverse': [ '7.26.5' ],
309 silly audit   '@babel/types': [ '7.26.5' ],
309 silly audit   '@babel/code-frame': [ '7.26.2' ],
309 silly audit   '@babel/generator': [ '7.26.5' ],
309 silly audit   '@babel/parser': [ '7.26.5' ],
309 silly audit   '@babel/template': [ '7.25.9' ],
309 silly audit   '@babel/helper-validator-identifier': [ '7.25.9' ],
309 silly audit   jsesc: [ '3.1.0' ],
309 silly audit   '@babel/helper-string-parser': [ '7.25.9' ],
309 silly audit   '@emotion/unitless': [ '0.10.0' ],
309 silly audit   cosmiconfig: [ '7.1.0' ],
309 silly audit   '@types/parse-json': [ '4.0.2' ],
309 silly audit   'parse-json': [ '5.2.0' ],
309 silly audit   'path-type': [ '4.0.0' ],
309 silly audit   'error-ex': [ '1.3.2' ],
309 silly audit   'json-parse-even-better-errors': [ '2.3.1' ],
309 silly audit   'dom-helpers': [ '5.2.1' ]
309 silly audit }
310 verbose reify failed optional dependency C:\Users\saadr\Desktop\Music_Website\nagham-ai\node_modules\fsevents
311 silly reify mark deleted [
311 silly reify   'C:\\Users\\saadr\\Desktop\\Music_Website\\nagham-ai\\node_modules\\fsevents'
311 silly reify ]
312 verbose reify failed optional dependency C:\Users\saadr\Desktop\Music_Website\nagham-ai\node_modules\@next\swc-win32-arm64-msvc
313 silly reify mark deleted [
313 silly reify   'C:\\Users\\saadr\\Desktop\\Music_Website\\nagham-ai\\node_modules\\@next\\swc-win32-arm64-msvc'
313 silly reify ]
314 verbose reify failed optional dependency C:\Users\saadr\Desktop\Music_Website\nagham-ai\node_modules\@next\swc-linux-x64-musl
315 silly reify mark deleted [
315 silly reify   'C:\\Users\\saadr\\Desktop\\Music_Website\\nagham-ai\\node_modules\\@next\\swc-linux-x64-musl'
315 silly reify ]
316 verbose reify failed optional dependency C:\Users\saadr\Desktop\Music_Website\nagham-ai\node_modules\@next\swc-linux-x64-gnu
317 silly reify mark deleted [
317 silly reify   'C:\\Users\\saadr\\Desktop\\Music_Website\\nagham-ai\\node_modules\\@next\\swc-linux-x64-gnu'
317 silly reify ]
318 verbose reify failed optional dependency C:\Users\saadr\Desktop\Music_Website\nagham-ai\node_modules\@next\swc-linux-arm64-musl
319 silly reify mark deleted [
319 silly reify   'C:\\Users\\saadr\\Desktop\\Music_Website\\nagham-ai\\node_modules\\@next\\swc-linux-arm64-musl'
319 silly reify ]
320 verbose reify failed optional dependency C:\Users\saadr\Desktop\Music_Website\nagham-ai\node_modules\@next\swc-linux-arm64-gnu
321 silly reify mark deleted [
321 silly reify   'C:\\Users\\saadr\\Desktop\\Music_Website\\nagham-ai\\node_modules\\@next\\swc-linux-arm64-gnu'
321 silly reify ]
322 verbose reify failed optional dependency C:\Users\saadr\Desktop\Music_Website\nagham-ai\node_modules\@next\swc-darwin-x64
323 silly reify mark deleted [
323 silly reify   'C:\\Users\\saadr\\Desktop\\Music_Website\\nagham-ai\\node_modules\\@next\\swc-darwin-x64'
323 silly reify ]
324 verbose reify failed optional dependency C:\Users\saadr\Desktop\Music_Website\nagham-ai\node_modules\@next\swc-darwin-arm64
325 silly reify mark deleted [
325 silly reify   'C:\\Users\\saadr\\Desktop\\Music_Website\\nagham-ai\\node_modules\\@next\\swc-darwin-arm64'
325 silly reify ]
326 verbose reify failed optional dependency C:\Users\saadr\Desktop\Music_Website\nagham-ai\node_modules\@img\sharp-win32-ia32
327 silly reify mark deleted [
327 silly reify   'C:\\Users\\saadr\\Desktop\\Music_Website\\nagham-ai\\node_modules\\@img\\sharp-win32-ia32'
327 silly reify ]
328 verbose reify failed optional dependency C:\Users\saadr\Desktop\Music_Website\nagham-ai\node_modules\@img\sharp-wasm32
329 silly reify mark deleted [
329 silly reify   'C:\\Users\\saadr\\Desktop\\Music_Website\\nagham-ai\\node_modules\\@img\\sharp-wasm32'
329 silly reify ]
330 verbose reify failed optional dependency C:\Users\saadr\Desktop\Music_Website\nagham-ai\node_modules\@emnapi\runtime
331 silly reify mark deleted [
331 silly reify   'C:\\Users\\saadr\\Desktop\\Music_Website\\nagham-ai\\node_modules\\@emnapi\\runtime'
331 silly reify ]
332 verbose reify failed optional dependency C:\Users\saadr\Desktop\Music_Website\nagham-ai\node_modules\@img\sharp-linuxmusl-x64
333 silly reify mark deleted [
333 silly reify   'C:\\Users\\saadr\\Desktop\\Music_Website\\nagham-ai\\node_modules\\@img\\sharp-linuxmusl-x64'
333 silly reify ]
334 verbose reify failed optional dependency C:\Users\saadr\Desktop\Music_Website\nagham-ai\node_modules\@img\sharp-linuxmusl-arm64
335 silly reify mark deleted [
335 silly reify   'C:\\Users\\saadr\\Desktop\\Music_Website\\nagham-ai\\node_modules\\@img\\sharp-linuxmusl-arm64'
335 silly reify ]
336 verbose reify failed optional dependency C:\Users\saadr\Desktop\Music_Website\nagham-ai\node_modules\@img\sharp-linux-x64
337 silly reify mark deleted [
337 silly reify   'C:\\Users\\saadr\\Desktop\\Music_Website\\nagham-ai\\node_modules\\@img\\sharp-linux-x64'
337 silly reify ]
338 verbose reify failed optional dependency C:\Users\saadr\Desktop\Music_Website\nagham-ai\node_modules\@img\sharp-linux-s390x
339 silly reify mark deleted [
339 silly reify   'C:\\Users\\saadr\\Desktop\\Music_Website\\nagham-ai\\node_modules\\@img\\sharp-linux-s390x'
339 silly reify ]
340 verbose reify failed optional dependency C:\Users\saadr\Desktop\Music_Website\nagham-ai\node_modules\@img\sharp-linux-arm64
341 silly reify mark deleted [
341 silly reify   'C:\\Users\\saadr\\Desktop\\Music_Website\\nagham-ai\\node_modules\\@img\\sharp-linux-arm64'
341 silly reify ]
342 verbose reify failed optional dependency C:\Users\saadr\Desktop\Music_Website\nagham-ai\node_modules\@img\sharp-linux-arm
343 silly reify mark deleted [
343 silly reify   'C:\\Users\\saadr\\Desktop\\Music_Website\\nagham-ai\\node_modules\\@img\\sharp-linux-arm'
343 silly reify ]
344 verbose reify failed optional dependency C:\Users\saadr\Desktop\Music_Website\nagham-ai\node_modules\@img\sharp-libvips-linuxmusl-x64
345 silly reify mark deleted [
345 silly reify   'C:\\Users\\saadr\\Desktop\\Music_Website\\nagham-ai\\node_modules\\@img\\sharp-libvips-linuxmusl-x64'
345 silly reify ]
346 verbose reify failed optional dependency C:\Users\saadr\Desktop\Music_Website\nagham-ai\node_modules\@img\sharp-libvips-linuxmusl-arm64
347 silly reify mark deleted [
347 silly reify   'C:\\Users\\saadr\\Desktop\\Music_Website\\nagham-ai\\node_modules\\@img\\sharp-libvips-linuxmusl-arm64'
347 silly reify ]
348 verbose reify failed optional dependency C:\Users\saadr\Desktop\Music_Website\nagham-ai\node_modules\@img\sharp-libvips-linux-x64
349 silly reify mark deleted [
349 silly reify   'C:\\Users\\saadr\\Desktop\\Music_Website\\nagham-ai\\node_modules\\@img\\sharp-libvips-linux-x64'
349 silly reify ]
350 verbose reify failed optional dependency C:\Users\saadr\Desktop\Music_Website\nagham-ai\node_modules\@img\sharp-libvips-linux-s390x
351 silly reify mark deleted [
351 silly reify   'C:\\Users\\saadr\\Desktop\\Music_Website\\nagham-ai\\node_modules\\@img\\sharp-libvips-linux-s390x'
351 silly reify ]
352 verbose reify failed optional dependency C:\Users\saadr\Desktop\Music_Website\nagham-ai\node_modules\@img\sharp-libvips-linux-arm64
353 silly reify mark deleted [
353 silly reify   'C:\\Users\\saadr\\Desktop\\Music_Website\\nagham-ai\\node_modules\\@img\\sharp-libvips-linux-arm64'
353 silly reify ]
354 verbose reify failed optional dependency C:\Users\saadr\Desktop\Music_Website\nagham-ai\node_modules\@img\sharp-libvips-linux-arm
355 silly reify mark deleted [
355 silly reify   'C:\\Users\\saadr\\Desktop\\Music_Website\\nagham-ai\\node_modules\\@img\\sharp-libvips-linux-arm'
355 silly reify ]
356 verbose reify failed optional dependency C:\Users\saadr\Desktop\Music_Website\nagham-ai\node_modules\@img\sharp-libvips-darwin-x64
357 silly reify mark deleted [
357 silly reify   'C:\\Users\\saadr\\Desktop\\Music_Website\\nagham-ai\\node_modules\\@img\\sharp-libvips-darwin-x64'
357 silly reify ]
358 verbose reify failed optional dependency C:\Users\saadr\Desktop\Music_Website\nagham-ai\node_modules\@img\sharp-libvips-darwin-arm64
359 silly reify mark deleted [
359 silly reify   'C:\\Users\\saadr\\Desktop\\Music_Website\\nagham-ai\\node_modules\\@img\\sharp-libvips-darwin-arm64'
359 silly reify ]
360 verbose reify failed optional dependency C:\Users\saadr\Desktop\Music_Website\nagham-ai\node_modules\@img\sharp-darwin-x64
361 silly reify mark deleted [
361 silly reify   'C:\\Users\\saadr\\Desktop\\Music_Website\\nagham-ai\\node_modules\\@img\\sharp-darwin-x64'
361 silly reify ]
362 verbose reify failed optional dependency C:\Users\saadr\Desktop\Music_Website\nagham-ai\node_modules\@img\sharp-darwin-arm64
363 silly reify mark deleted [
363 silly reify   'C:\\Users\\saadr\\Desktop\\Music_Website\\nagham-ai\\node_modules\\@img\\sharp-darwin-arm64'
363 silly reify ]
364 silly tarball no local data for dom-helpers@https://registry.npmjs.org/dom-helpers/-/dom-helpers-5.2.1.tgz. Extracting by manifest.
365 silly tarball no local data for @types/parse-json@https://registry.npmjs.org/@types/parse-json/-/parse-json-4.0.2.tgz. Extracting by manifest.
366 silly tarball no local data for cosmiconfig@https://registry.npmjs.org/cosmiconfig/-/cosmiconfig-7.1.0.tgz. Extracting by manifest.
367 silly tarball no local data for @emotion/unitless@https://registry.npmjs.org/@emotion/unitless/-/unitless-0.10.0.tgz. Extracting by manifest.
368 silly tarball no local data for @babel/parser@https://registry.npmjs.org/@babel/parser/-/parser-7.26.5.tgz. Extracting by manifest.
369 silly tarball no local data for @babel/generator@https://registry.npmjs.org/@babel/generator/-/generator-7.26.5.tgz. Extracting by manifest.
370 silly tarball no local data for @babel/types@https://registry.npmjs.org/@babel/types/-/types-7.26.5.tgz. Extracting by manifest.
371 silly tarball no local data for @babel/traverse@https://registry.npmjs.org/@babel/traverse/-/traverse-7.26.5.tgz. Extracting by manifest.
372 silly tarball no local data for source-map@https://registry.npmjs.org/source-map/-/source-map-0.5.7.tgz. Extracting by manifest.
373 silly tarball no local data for find-root@https://registry.npmjs.org/find-root/-/find-root-1.1.0.tgz. Extracting by manifest.
374 silly tarball no local data for convert-source-map@https://registry.npmjs.org/convert-source-map/-/convert-source-map-1.9.0.tgz. Extracting by manifest.
375 silly tarball no local data for babel-plugin-macros@https://registry.npmjs.org/babel-plugin-macros/-/babel-plugin-macros-3.1.0.tgz. Extracting by manifest.
376 silly tarball no local data for @emotion/hash@https://registry.npmjs.org/@emotion/hash/-/hash-0.9.2.tgz. Extracting by manifest.
377 silly tarball no local data for @emotion/use-insertion-effect-with-fallbacks@https://registry.npmjs.org/@emotion/use-insertion-effect-with-fallbacks/-/use-insertion-effect-with-fallbacks-1.2.0.tgz. Extracting by manifest.
378 silly tarball no local data for @emotion/serialize@https://registry.npmjs.org/@emotion/serialize/-/serialize-1.3.3.tgz. Extracting by manifest.
379 silly tarball no local data for hoist-non-react-statics@https://registry.npmjs.org/hoist-non-react-statics/-/hoist-non-react-statics-3.3.2.tgz. Extracting by manifest.
380 silly tarball no local data for @emotion/babel-plugin@https://registry.npmjs.org/@emotion/babel-plugin/-/babel-plugin-11.13.5.tgz. Extracting by manifest.
381 silly tarball no local data for stylis@https://registry.npmjs.org/stylis/-/stylis-4.2.0.tgz. Extracting by manifest.
382 silly tarball no local data for @emotion/weak-memoize@https://registry.npmjs.org/@emotion/weak-memoize/-/weak-memoize-0.4.0.tgz. Extracting by manifest.
383 silly tarball no local data for @emotion/utils@https://registry.npmjs.org/@emotion/utils/-/utils-1.4.2.tgz. Extracting by manifest.
384 silly tarball no local data for @emotion/sheet@https://registry.npmjs.org/@emotion/sheet/-/sheet-1.4.0.tgz. Extracting by manifest.
385 silly tarball no local data for @emotion/memoize@https://registry.npmjs.org/@emotion/memoize/-/memoize-0.9.0.tgz. Extracting by manifest.
386 silly tarball no local data for regenerator-runtime@https://registry.npmjs.org/regenerator-runtime/-/regenerator-runtime-0.14.1.tgz. Extracting by manifest.
387 silly tarball no local data for use-isomorphic-layout-effect@https://registry.npmjs.org/use-isomorphic-layout-effect/-/use-isomorphic-layout-effect-1.2.0.tgz. Extracting by manifest.
388 silly tarball no local data for react-transition-group@https://registry.npmjs.org/react-transition-group/-/react-transition-group-4.4.5.tgz. Extracting by manifest.
389 silly tarball no local data for memoize-one@https://registry.npmjs.org/memoize-one/-/memoize-one-6.0.0.tgz. Extracting by manifest.
390 silly tarball no local data for @types/react-transition-group@https://registry.npmjs.org/@types/react-transition-group/-/react-transition-group-4.4.12.tgz. Extracting by manifest.
391 silly tarball no local data for @emotion/react@https://registry.npmjs.org/@emotion/react/-/react-11.14.0.tgz. Extracting by manifest.
392 silly tarball no local data for @emotion/cache@https://registry.npmjs.org/@emotion/cache/-/cache-11.14.0.tgz. Extracting by manifest.
393 silly tarball no local data for @babel/runtime@https://registry.npmjs.org/@babel/runtime/-/runtime-7.26.0.tgz. Extracting by manifest.
394 silly tarball no local data for @radix-ui/react-separator@https://registry.npmjs.org/@radix-ui/react-separator/-/react-separator-1.1.1.tgz. Extracting by manifest.
395 silly tarball no local data for react-select@https://registry.npmjs.org/react-select/-/react-select-5.9.0.tgz. Extracting by manifest.
396 silly tarball no local data for @radix-ui/react-progress@https://registry.npmjs.org/@radix-ui/react-progress/-/react-progress-1.1.1.tgz. Extracting by manifest.
397 silly tarball no local data for yaml@https://registry.npmjs.org/yaml/-/yaml-1.10.2.tgz. Extracting by manifest.
398 http fetch GET 200 https://registry.npmjs.org/@types/parse-json/-/parse-json-4.0.2.tgz 435ms (cache miss)
399 http fetch POST 200 https://registry.npmjs.org/-/npm/v1/security/advisories/bulk 567ms
400 silly audit report {}
401 http fetch GET 200 https://registry.npmjs.org/@babel/generator/-/generator-7.26.5.tgz 586ms (cache miss)
402 http fetch GET 200 https://registry.npmjs.org/hoist-non-react-statics/-/hoist-non-react-statics-3.3.2.tgz 759ms (cache miss)
403 http fetch GET 200 https://registry.npmjs.org/@emotion/unitless/-/unitless-0.10.0.tgz 909ms (cache miss)
404 http fetch GET 200 https://registry.npmjs.org/@babel/parser/-/parser-7.26.5.tgz 960ms (cache miss)
405 http fetch GET 200 https://registry.npmjs.org/@emotion/utils/-/utils-1.4.2.tgz 1127ms (cache miss)
406 http fetch GET 200 https://registry.npmjs.org/@emotion/babel-plugin/-/babel-plugin-11.13.5.tgz 1143ms (cache miss)
407 http fetch GET 200 https://registry.npmjs.org/@emotion/serialize/-/serialize-1.3.3.tgz 1275ms (cache miss)
408 http fetch GET 200 https://registry.npmjs.org/cosmiconfig/-/cosmiconfig-7.1.0.tgz 1344ms (cache miss)
409 http fetch GET 200 https://registry.npmjs.org/use-isomorphic-layout-effect/-/use-isomorphic-layout-effect-1.2.0.tgz 1456ms (cache miss)
410 http fetch GET 200 https://registry.npmjs.org/source-map/-/source-map-0.5.7.tgz 1495ms (cache miss)
411 http fetch GET 200 https://registry.npmjs.org/react-transition-group/-/react-transition-group-4.4.5.tgz 1571ms (cache miss)
412 http fetch GET 200 https://registry.npmjs.org/regenerator-runtime/-/regenerator-runtime-0.14.1.tgz 1592ms (cache miss)
413 http fetch GET 200 https://registry.npmjs.org/@babel/traverse/-/traverse-7.26.5.tgz 1610ms (cache miss)
414 http fetch GET 200 https://registry.npmjs.org/@types/react-transition-group/-/react-transition-group-4.4.12.tgz 1604ms (cache miss)
415 http fetch GET 200 https://registry.npmjs.org/find-root/-/find-root-1.1.0.tgz 1721ms (cache miss)
416 http fetch GET 200 https://registry.npmjs.org/babel-plugin-macros/-/babel-plugin-macros-3.1.0.tgz 1732ms (cache miss)
417 http fetch GET 200 https://registry.npmjs.org/memoize-one/-/memoize-one-6.0.0.tgz 1742ms (cache miss)
418 http fetch GET 200 https://registry.npmjs.org/@babel/types/-/types-7.26.5.tgz 1778ms (cache miss)
419 http fetch GET 200 https://registry.npmjs.org/@emotion/hash/-/hash-0.9.2.tgz 1780ms (cache miss)
420 http fetch GET 200 https://registry.npmjs.org/@emotion/use-insertion-effect-with-fallbacks/-/use-insertion-effect-with-fallbacks-1.2.0.tgz 1785ms (cache miss)
421 http fetch GET 200 https://registry.npmjs.org/dom-helpers/-/dom-helpers-5.2.1.tgz 1907ms (cache miss)
422 http fetch GET 200 https://registry.npmjs.org/convert-source-map/-/convert-source-map-1.9.0.tgz 2073ms (cache miss)
423 http fetch GET 200 https://registry.npmjs.org/@emotion/memoize/-/memoize-0.9.0.tgz 2146ms (cache miss)
424 http fetch GET 200 https://registry.npmjs.org/@emotion/sheet/-/sheet-1.4.0.tgz 2150ms (cache miss)
425 http fetch GET 200 https://registry.npmjs.org/stylis/-/stylis-4.2.0.tgz 2154ms (cache miss)
426 http fetch GET 200 https://registry.npmjs.org/@radix-ui/react-separator/-/react-separator-1.1.1.tgz 2143ms (cache miss)
427 http fetch GET 200 https://registry.npmjs.org/@emotion/weak-memoize/-/weak-memoize-0.4.0.tgz 2240ms (cache miss)
428 http fetch GET 200 https://registry.npmjs.org/@emotion/cache/-/cache-11.14.0.tgz 2234ms (cache miss)
429 http fetch GET 200 https://registry.npmjs.org/@radix-ui/react-progress/-/react-progress-1.1.1.tgz 2303ms (cache miss)
430 http fetch GET 200 https://registry.npmjs.org/yaml/-/yaml-1.10.2.tgz 2339ms (cache miss)
431 http fetch GET 200 https://registry.npmjs.org/react-select/-/react-select-5.9.0.tgz 2410ms (cache miss)
432 http fetch GET 200 https://registry.npmjs.org/@babel/runtime/-/runtime-7.26.0.tgz 2510ms (cache miss)
433 http fetch GET 200 https://registry.npmjs.org/@emotion/react/-/react-11.14.0.tgz 3356ms (cache miss)
434 silly ADD node_modules/dom-helpers
435 silly ADD node_modules/json-parse-even-better-errors
436 silly ADD node_modules/error-ex
437 silly ADD node_modules/error-ex/node_modules/is-arrayish
438 silly ADD node_modules/path-type
439 silly ADD node_modules/parse-json
440 silly ADD node_modules/@types/parse-json
441 silly ADD node_modules/cosmiconfig
442 silly ADD node_modules/cosmiconfig/node_modules/yaml
443 silly ADD node_modules/@emotion/unitless
444 silly ADD node_modules/@babel/helper-string-parser
445 silly ADD node_modules/jsesc
446 silly ADD node_modules/@babel/helper-validator-identifier
447 silly ADD node_modules/@babel/template
448 silly ADD node_modules/@babel/parser
449 silly ADD node_modules/@babel/generator
450 silly ADD node_modules/@babel/code-frame
451 silly ADD node_modules/@babel/types
452 silly ADD node_modules/@babel/traverse
453 silly ADD node_modules/@babel/traverse/node_modules/globals
454 silly ADD node_modules/source-map
455 silly ADD node_modules/find-root
456 silly ADD node_modules/convert-source-map
457 silly ADD node_modules/babel-plugin-macros
458 silly ADD node_modules/@emotion/hash
459 silly ADD node_modules/@babel/helper-module-imports
460 silly ADD node_modules/hoist-non-react-statics
461 silly ADD node_modules/@emotion/use-insertion-effect-with-fallbacks
462 silly ADD node_modules/@emotion/serialize
463 silly ADD node_modules/@emotion/babel-plugin
464 silly ADD node_modules/stylis
465 silly ADD node_modules/@emotion/weak-memoize
466 silly ADD node_modules/@emotion/utils
467 silly ADD node_modules/@emotion/sheet
468 silly ADD node_modules/@emotion/memoize
469 silly ADD node_modules/regenerator-runtime
470 silly ADD node_modules/use-isomorphic-layout-effect
471 silly ADD node_modules/react-transition-group
472 silly ADD node_modules/memoize-one
473 silly ADD node_modules/@types/react-transition-group
474 silly ADD node_modules/@emotion/react
475 silly ADD node_modules/@emotion/cache
476 silly ADD node_modules/@babel/runtime
477 silly ADD node_modules/react-select
478 silly ADD node_modules/@radix-ui/react-separator
479 silly ADD node_modules/@radix-ui/react-progress
480 silly ADD
481 silly ADD
482 silly ADD
483 silly ADD
484 silly ADD
485 silly ADD
486 silly ADD
487 silly ADD
488 silly ADD
489 silly ADD
490 silly ADD
491 silly ADD
492 silly ADD
493 silly ADD
494 silly ADD
495 silly ADD
496 silly ADD
497 silly ADD
498 silly ADD
499 silly ADD
500 silly ADD
501 silly ADD
502 silly ADD
503 silly ADD
504 silly ADD
505 silly ADD
506 silly ADD
507 verbose cwd C:\Users\saadr\Desktop\Music_Website\nagham-ai
508 verbose os Windows_NT 10.0.22631
509 verbose node v18.20.5
510 verbose npm  v10.8.2
511 verbose exit 0
512 info ok
